{"/home/bassin/Trophy-Cast-MVP-v2-1/components/AnimatedCard.tsx": {"path":"/home/bassin/Trophy-Cast-MVP-v2-1/components/AnimatedCard.tsx","statementMap":{"0":{"start":{"line":25,"column":20},"end":{"line":25,"column":57}},"1":{"start":{"line":27,"column":2},"end":{"line":40,"column":46}},"2":{"start":{"line":29,"column":4},"end":{"line":29,"column":26}},"3":{"start":{"line":31,"column":18},"end":{"line":37,"column":13}},"4":{"start":{"line":32,"column":6},"end":{"line":36,"column":7}},"5":{"start":{"line":33,"column":8},"end":{"line":33,"column":31}},"6":{"start":{"line":35,"column":8},"end":{"line":35,"column":32}},"7":{"start":{"line":39,"column":4},"end":{"line":39,"column":37}},"8":{"start":{"line":39,"column":17},"end":{"line":39,"column":36}},"9":{"start":{"line":42,"column":24},"end":{"line":44,"column":39}},"10":{"start":{"line":46,"column":2},"end":{"line":50,"column":4}}},"fnMap":{"0":{"name":"AnimatedCard","decl":{"start":{"line":19,"column":24},"end":{"line":19,"column":36}},"loc":{"start":{"line":24,"column":22},"end":{"line":51,"column":1}},"line":24},"1":{"name":"(anonymous_1)","decl":{"start":{"line":27,"column":12},"end":{"line":27,"column":13}},"loc":{"start":{"line":27,"column":18},"end":{"line":40,"column":3}},"line":27},"2":{"name":"(anonymous_2)","decl":{"start":{"line":31,"column":29},"end":{"line":31,"column":30}},"loc":{"start":{"line":31,"column":35},"end":{"line":37,"column":5}},"line":31},"3":{"name":"(anonymous_3)","decl":{"start":{"line":39,"column":11},"end":{"line":39,"column":12}},"loc":{"start":{"line":39,"column":17},"end":{"line":39,"column":36}},"line":39}},"branchMap":{"0":{"loc":{"start":{"line":21,"column":2},"end":{"line":21,"column":11}},"type":"default-arg","locations":[{"start":{"line":21,"column":10},"end":{"line":21,"column":11}}],"line":21},"1":{"loc":{"start":{"line":23,"column":2},"end":{"line":23,"column":23}},"type":"default-arg","locations":[{"start":{"line":23,"column":14},"end":{"line":23,"column":23}}],"line":23},"2":{"loc":{"start":{"line":32,"column":6},"end":{"line":36,"column":7}},"type":"if","locations":[{"start":{"line":32,"column":6},"end":{"line":36,"column":7}},{"start":{"line":34,"column":13},"end":{"line":36,"column":7}}],"line":32},"3":{"loc":{"start":{"line":42,"column":24},"end":{"line":44,"column":39}},"type":"cond-expr","locations":[{"start":{"line":43,"column":6},"end":{"line":43,"column":34}},{"start":{"line":44,"column":6},"end":{"line":44,"column":39}}],"line":42}},"s":{"0":0,"1":0,"2":0,"3":0,"4":0,"5":0,"6":0,"7":0,"8":0,"9":0,"10":0},"f":{"0":0,"1":0,"2":0,"3":0},"b":{"0":[0],"1":[0],"2":[0,0],"3":[0,0]}}
,"/home/bassin/Trophy-Cast-MVP-v2-1/components/EmptyState.tsx": {"path":"/home/bassin/Trophy-Cast-MVP-v2-1/components/EmptyState.tsx","statementMap":{"0":{"start":{"line":26,"column":53},"end":{"line":56,"column":1}},"1":{"start":{"line":33,"column":2},"end":{"line":55,"column":4}},"2":{"start":{"line":58,"column":15},"end":{"line":107,"column":2}}},"fnMap":{"0":{"name":"(anonymous_0)","decl":{"start":{"line":26,"column":53},"end":{"line":26,"column":54}},"loc":{"start":{"line":32,"column":6},"end":{"line":56,"column":1}},"line":32}},"branchMap":{"0":{"loc":{"start":{"line":27,"column":2},"end":{"line":27,"column":37}},"type":"default-arg","locations":[{"start":{"line":27,"column":9},"end":{"line":27,"column":37}}],"line":27},"1":{"loc":{"start":{"line":42,"column":7},"end":{"line":53,"column":7}},"type":"binary-expr","locations":[{"start":{"line":42,"column":7},"end":{"line":42,"column":18}},{"start":{"line":42,"column":22},"end":{"line":42,"column":30}},{"start":{"line":43,"column":8},"end":{"line":52,"column":27}}],"line":42}},"s":{"0":0,"1":0,"2":0},"f":{"0":0},"b":{"0":[0],"1":[0,0,0]}}
,"/home/bassin/Trophy-Cast-MVP-v2-1/components/ErrorBoundary.tsx": {"path":"/home/bassin/Trophy-Cast-MVP-v2-1/components/ErrorBoundary.tsx","statementMap":{"0":{"start":{"line":26,"column":4},"end":{"line":26,"column":17}},"1":{"start":{"line":27,"column":4},"end":{"line":31,"column":6}},"2":{"start":{"line":36,"column":4},"end":{"line":36,"column":37}},"3":{"start":{"line":41,"column":4},"end":{"line":41,"column":70}},"4":{"start":{"line":44,"column":4},"end":{"line":48,"column":7}},"5":{"start":{"line":50,"column":4},"end":{"line":53,"column":7}},"6":{"start":{"line":56,"column":16},"end":{"line":62,"column":3}},"7":{"start":{"line":57,"column":4},"end":{"line":61,"column":7}},"8":{"start":{"line":64,"column":17},"end":{"line":69,"column":3}},"9":{"start":{"line":66,"column":4},"end":{"line":68,"column":5}},"10":{"start":{"line":67,"column":6},"end":{"line":67,"column":31}},"11":{"start":{"line":72,"column":4},"end":{"line":106,"column":5}},"12":{"start":{"line":73,"column":6},"end":{"line":105,"column":8}},"13":{"start":{"line":108,"column":4},"end":{"line":108,"column":31}},"14":{"start":{"line":112,"column":15},"end":{"line":197,"column":2}}},"fnMap":{"0":{"name":"(anonymous_0)","decl":{"start":{"line":25,"column":2},"end":{"line":25,"column":3}},"loc":{"start":{"line":25,"column":28},"end":{"line":32,"column":3}},"line":25},"1":{"name":"(anonymous_1)","decl":{"start":{"line":34,"column":2},"end":{"line":34,"column":3}},"loc":{"start":{"line":34,"column":64},"end":{"line":37,"column":3}},"line":34},"2":{"name":"(anonymous_2)","decl":{"start":{"line":39,"column":2},"end":{"line":39,"column":3}},"loc":{"start":{"line":39,"column":56},"end":{"line":54,"column":3}},"line":39},"3":{"name":"(anonymous_3)","decl":{"start":{"line":56,"column":16},"end":{"line":56,"column":17}},"loc":{"start":{"line":56,"column":22},"end":{"line":62,"column":3}},"line":56},"4":{"name":"(anonymous_4)","decl":{"start":{"line":64,"column":17},"end":{"line":64,"column":18}},"loc":{"start":{"line":64,"column":23},"end":{"line":69,"column":3}},"line":64},"5":{"name":"(anonymous_5)","decl":{"start":{"line":71,"column":2},"end":{"line":71,"column":3}},"loc":{"start":{"line":71,"column":11},"end":{"line":109,"column":3}},"line":71}},"branchMap":{"0":{"loc":{"start":{"line":66,"column":4},"end":{"line":68,"column":5}},"type":"if","locations":[{"start":{"line":66,"column":4},"end":{"line":68,"column":5}},{"start":{},"end":{}}],"line":66},"1":{"loc":{"start":{"line":72,"column":4},"end":{"line":106,"column":5}},"type":"if","locations":[{"start":{"line":72,"column":4},"end":{"line":106,"column":5}},{"start":{},"end":{}}],"line":72},"2":{"loc":{"start":{"line":92,"column":13},"end":{"line":102,"column":13}},"type":"binary-expr","locations":[{"start":{"line":92,"column":13},"end":{"line":92,"column":20}},{"start":{"line":92,"column":24},"end":{"line":92,"column":40}},{"start":{"line":93,"column":14},"end":{"line":101,"column":21}}],"line":92},"3":{"loc":{"start":{"line":96,"column":17},"end":{"line":100,"column":17}},"type":"binary-expr","locations":[{"start":{"line":96,"column":17},"end":{"line":96,"column":37}},{"start":{"line":97,"column":18},"end":{"line":99,"column":25}}],"line":96}},"s":{"0":13,"1":13,"2":14,"3":7,"4":7,"5":7,"6":13,"7":1,"8":13,"9":0,"10":0,"11":37,"12":22,"13":15,"14":1},"f":{"0":13,"1":14,"2":7,"3":1,"4":0,"5":37},"b":{"0":[0,0],"1":[22,15],"2":[22,19,19],"3":[19,7]},"_coverageSchema":"1a1c01bbd47fc00a2c39e90264f33305004495a9","hash":"da41cfd6d4fd4e5ef5b9c75aea04070668cb01dc"}
,"/home/bassin/Trophy-Cast-MVP-v2-1/components/Input.tsx": {"path":"/home/bassin/Trophy-Cast-MVP-v2-1/components/Input.tsx","statementMap":{"0":{"start":{"line":24,"column":43},"end":{"line":84,"column":1}},"1":{"start":{"line":32,"column":36},"end":{"line":32,"column":51}},"2":{"start":{"line":33,"column":34},"end":{"line":33,"column":59}},"3":{"start":{"line":35,"column":2},"end":{"line":83,"column":4}},"4":{"start":{"line":56,"column":25},"end":{"line":56,"column":43}},"5":{"start":{"line":57,"column":24},"end":{"line":57,"column":43}},"6":{"start":{"line":64,"column":27},"end":{"line":64,"column":49}},"7":{"start":{"line":86,"column":15},"end":{"line":136,"column":2}}},"fnMap":{"0":{"name":"(anonymous_0)","decl":{"start":{"line":24,"column":43},"end":{"line":24,"column":44}},"loc":{"start":{"line":31,"column":6},"end":{"line":84,"column":1}},"line":31},"1":{"name":"(anonymous_1)","decl":{"start":{"line":56,"column":19},"end":{"line":56,"column":20}},"loc":{"start":{"line":56,"column":25},"end":{"line":56,"column":43}},"line":56},"2":{"name":"(anonymous_2)","decl":{"start":{"line":57,"column":18},"end":{"line":57,"column":19}},"loc":{"start":{"line":57,"column":24},"end":{"line":57,"column":43}},"line":57},"3":{"name":"(anonymous_3)","decl":{"start":{"line":64,"column":21},"end":{"line":64,"column":22}},"loc":{"start":{"line":64,"column":27},"end":{"line":64,"column":49}},"line":64}},"branchMap":{"0":{"loc":{"start":{"line":37,"column":7},"end":{"line":37,"column":57}},"type":"binary-expr","locations":[{"start":{"line":37,"column":7},"end":{"line":37,"column":12}},{"start":{"line":37,"column":16},"end":{"line":37,"column":57}}],"line":37},"1":{"loc":{"start":{"line":41,"column":8},"end":{"line":41,"column":49}},"type":"binary-expr","locations":[{"start":{"line":41,"column":8},"end":{"line":41,"column":17}},{"start":{"line":41,"column":21},"end":{"line":41,"column":49}}],"line":41},"2":{"loc":{"start":{"line":42,"column":8},"end":{"line":42,"column":43}},"type":"binary-expr","locations":[{"start":{"line":42,"column":8},"end":{"line":42,"column":13}},{"start":{"line":42,"column":17},"end":{"line":42,"column":43}}],"line":42},"3":{"loc":{"start":{"line":44,"column":9},"end":{"line":51,"column":9}},"type":"binary-expr","locations":[{"start":{"line":44,"column":9},"end":{"line":44,"column":13}},{"start":{"line":45,"column":10},"end":{"line":50,"column":12}}],"line":44},"4":{"loc":{"start":{"line":48,"column":19},"end":{"line":48,"column":72}},"type":"cond-expr","locations":[{"start":{"line":48,"column":27},"end":{"line":48,"column":36}},{"start":{"line":48,"column":39},"end":{"line":48,"column":72}}],"line":48},"5":{"loc":{"start":{"line":48,"column":39},"end":{"line":48,"column":72}},"type":"cond-expr","locations":[{"start":{"line":48,"column":51},"end":{"line":48,"column":60}},{"start":{"line":48,"column":63},"end":{"line":48,"column":72}}],"line":48},"6":{"loc":{"start":{"line":62,"column":9},"end":{"line":73,"column":9}},"type":"binary-expr","locations":[{"start":{"line":62,"column":9},"end":{"line":62,"column":24}},{"start":{"line":63,"column":10},"end":{"line":72,"column":29}}],"line":62},"7":{"loc":{"start":{"line":68,"column":20},"end":{"line":68,"column":64}},"type":"cond-expr","locations":[{"start":{"line":68,"column":31},"end":{"line":68,"column":48}},{"start":{"line":68,"column":51},"end":{"line":68,"column":64}}],"line":68},"8":{"loc":{"start":{"line":76,"column":7},"end":{"line":81,"column":7}},"type":"binary-expr","locations":[{"start":{"line":76,"column":7},"end":{"line":76,"column":12}},{"start":{"line":77,"column":8},"end":{"line":80,"column":15}}],"line":76}},"s":{"0":0,"1":0,"2":0,"3":0,"4":0,"5":0,"6":0,"7":0},"f":{"0":0,"1":0,"2":0,"3":0},"b":{"0":[0,0],"1":[0,0],"2":[0,0],"3":[0,0],"4":[0,0],"5":[0,0],"6":[0,0],"7":[0,0],"8":[0,0]}}
,"/home/bassin/Trophy-Cast-MVP-v2-1/components/OfficerCard.tsx": {"path":"/home/bassin/Trophy-Cast-MVP-v2-1/components/OfficerCard.tsx","statementMap":{"0":{"start":{"line":10,"column":48},"end":{"line":51,"column":1}},"1":{"start":{"line":11,"column":27},"end":{"line":15,"column":3}},"2":{"start":{"line":12,"column":4},"end":{"line":14,"column":5}},"3":{"start":{"line":13,"column":6},"end":{"line":13,"column":49}},"4":{"start":{"line":17,"column":27},"end":{"line":21,"column":3}},"5":{"start":{"line":18,"column":4},"end":{"line":20,"column":5}},"6":{"start":{"line":19,"column":6},"end":{"line":19,"column":46}},"7":{"start":{"line":23,"column":2},"end":{"line":50,"column":4}},"8":{"start":{"line":53,"column":15},"end":{"line":91,"column":2}}},"fnMap":{"0":{"name":"(anonymous_0)","decl":{"start":{"line":10,"column":48},"end":{"line":10,"column":49}},"loc":{"start":{"line":10,"column":65},"end":{"line":51,"column":1}},"line":10},"1":{"name":"(anonymous_1)","decl":{"start":{"line":11,"column":27},"end":{"line":11,"column":28}},"loc":{"start":{"line":11,"column":33},"end":{"line":15,"column":3}},"line":11},"2":{"name":"(anonymous_2)","decl":{"start":{"line":17,"column":27},"end":{"line":17,"column":28}},"loc":{"start":{"line":17,"column":33},"end":{"line":21,"column":3}},"line":17}},"branchMap":{"0":{"loc":{"start":{"line":12,"column":4},"end":{"line":14,"column":5}},"type":"if","locations":[{"start":{"line":12,"column":4},"end":{"line":14,"column":5}},{"start":{},"end":{}}],"line":12},"1":{"loc":{"start":{"line":18,"column":4},"end":{"line":20,"column":5}},"type":"if","locations":[{"start":{"line":18,"column":4},"end":{"line":20,"column":5}},{"start":{},"end":{}}],"line":18},"2":{"loc":{"start":{"line":28,"column":84},"end":{"line":28,"column":105}},"type":"binary-expr","locations":[{"start":{"line":28,"column":84},"end":{"line":28,"column":96}},{"start":{"line":28,"column":100},"end":{"line":28,"column":105}}],"line":28},"3":{"loc":{"start":{"line":33,"column":39},"end":{"line":33,"column":60}},"type":"binary-expr","locations":[{"start":{"line":33,"column":39},"end":{"line":33,"column":51}},{"start":{"line":33,"column":55},"end":{"line":33,"column":60}}],"line":33},"4":{"loc":{"start":{"line":37,"column":11},"end":{"line":41,"column":11}},"type":"binary-expr","locations":[{"start":{"line":37,"column":11},"end":{"line":37,"column":24}},{"start":{"line":38,"column":12},"end":{"line":40,"column":31}}],"line":37},"5":{"loc":{"start":{"line":42,"column":11},"end":{"line":46,"column":11}},"type":"binary-expr","locations":[{"start":{"line":42,"column":11},"end":{"line":42,"column":24}},{"start":{"line":43,"column":12},"end":{"line":45,"column":31}}],"line":42}},"s":{"0":0,"1":0,"2":0,"3":0,"4":0,"5":0,"6":0,"7":0,"8":0},"f":{"0":0,"1":0,"2":0},"b":{"0":[0,0],"1":[0,0],"2":[0,0],"3":[0,0],"4":[0,0],"5":[0,0]}}
,"/home/bassin/Trophy-Cast-MVP-v2-1/components/RulesDisplay.tsx": {"path":"/home/bassin/Trophy-Cast-MVP-v2-1/components/RulesDisplay.tsx","statementMap":{"0":{"start":{"line":10,"column":50},"end":{"line":59,"column":1}},"1":{"start":{"line":11,"column":32},"end":{"line":11,"column":62}},"2":{"start":{"line":13,"column":2},"end":{"line":19,"column":24}},"3":{"start":{"line":14,"column":4},"end":{"line":18,"column":5}},"4":{"start":{"line":15,"column":6},"end":{"line":15,"column":34}},"5":{"start":{"line":17,"column":6},"end":{"line":17,"column":18}},"6":{"start":{"line":21,"column":20},"end":{"line":29,"column":3}},"7":{"start":{"line":22,"column":4},"end":{"line":28,"column":5}},"8":{"start":{"line":23,"column":20},"end":{"line":23,"column":47}},"9":{"start":{"line":24,"column":6},"end":{"line":24,"column":24}},"10":{"start":{"line":26,"column":6},"end":{"line":26,"column":51}},"11":{"start":{"line":27,"column":6},"end":{"line":27,"column":78}},"12":{"start":{"line":31,"column":2},"end":{"line":58,"column":4}},"13":{"start":{"line":61,"column":15},"end":{"line":67,"column":2}}},"fnMap":{"0":{"name":"(anonymous_0)","decl":{"start":{"line":10,"column":50},"end":{"line":10,"column":51}},"loc":{"start":{"line":10,"column":75},"end":{"line":59,"column":1}},"line":10},"1":{"name":"(anonymous_1)","decl":{"start":{"line":13,"column":12},"end":{"line":13,"column":13}},"loc":{"start":{"line":13,"column":18},"end":{"line":19,"column":3}},"line":13},"2":{"name":"(anonymous_2)","decl":{"start":{"line":21,"column":20},"end":{"line":21,"column":21}},"loc":{"start":{"line":21,"column":32},"end":{"line":29,"column":3}},"line":21}},"branchMap":{"0":{"loc":{"start":{"line":14,"column":4},"end":{"line":18,"column":5}},"type":"if","locations":[{"start":{"line":14,"column":4},"end":{"line":18,"column":5}},{"start":{"line":16,"column":11},"end":{"line":18,"column":5}}],"line":14}},"s":{"0":0,"1":0,"2":0,"3":0,"4":0,"5":0,"6":0,"7":0,"8":0,"9":0,"10":0,"11":0,"12":0,"13":0},"f":{"0":0,"1":0,"2":0},"b":{"0":[0,0]}}
,"/home/bassin/Trophy-Cast-MVP-v2-1/components/Skeleton.tsx": {"path":"/home/bassin/Trophy-Cast-MVP-v2-1/components/Skeleton.tsx","statementMap":{"0":{"start":{"line":18,"column":49},"end":{"line":61,"column":1}},"1":{"start":{"line":24,"column":18},"end":{"line":24,"column":57}},"2":{"start":{"line":26,"column":2},"end":{"line":45,"column":16}},"3":{"start":{"line":27,"column":22},"end":{"line":40,"column":5}},"4":{"start":{"line":42,"column":4},"end":{"line":42,"column":22}},"5":{"start":{"line":44,"column":4},"end":{"line":44,"column":34}},"6":{"start":{"line":44,"column":17},"end":{"line":44,"column":33}},"7":{"start":{"line":47,"column":2},"end":{"line":60,"column":4}},"8":{"start":{"line":66,"column":38},"end":{"line":75,"column":1}},"9":{"start":{"line":67,"column":2},"end":{"line":74,"column":9}},"10":{"start":{"line":80,"column":58},"end":{"line":86,"column":1}},"11":{"start":{"line":81,"column":2},"end":{"line":85,"column":9}},"12":{"start":{"line":83,"column":6},"end":{"line":83,"column":34}},"13":{"start":{"line":91,"column":42},"end":{"line":98,"column":1}},"14":{"start":{"line":92,"column":2},"end":{"line":97,"column":9}},"15":{"start":{"line":103,"column":43},"end":{"line":129,"column":1}},"16":{"start":{"line":104,"column":2},"end":{"line":128,"column":9}},"17":{"start":{"line":131,"column":15},"end":{"line":183,"column":2}}},"fnMap":{"0":{"name":"(anonymous_0)","decl":{"start":{"line":18,"column":49},"end":{"line":18,"column":50}},"loc":{"start":{"line":23,"column":6},"end":{"line":61,"column":1}},"line":23},"1":{"name":"(anonymous_1)","decl":{"start":{"line":26,"column":12},"end":{"line":26,"column":13}},"loc":{"start":{"line":26,"column":18},"end":{"line":45,"column":3}},"line":26},"2":{"name":"(anonymous_2)","decl":{"start":{"line":44,"column":11},"end":{"line":44,"column":12}},"loc":{"start":{"line":44,"column":17},"end":{"line":44,"column":33}},"line":44},"3":{"name":"(anonymous_3)","decl":{"start":{"line":66,"column":38},"end":{"line":66,"column":39}},"loc":{"start":{"line":67,"column":2},"end":{"line":74,"column":9}},"line":67},"4":{"name":"(anonymous_4)","decl":{"start":{"line":80,"column":58},"end":{"line":80,"column":59}},"loc":{"start":{"line":81,"column":2},"end":{"line":85,"column":9}},"line":81},"5":{"name":"(anonymous_5)","decl":{"start":{"line":82,"column":39},"end":{"line":82,"column":40}},"loc":{"start":{"line":83,"column":6},"end":{"line":83,"column":34}},"line":83},"6":{"name":"(anonymous_6)","decl":{"start":{"line":91,"column":42},"end":{"line":91,"column":43}},"loc":{"start":{"line":92,"column":2},"end":{"line":97,"column":9}},"line":92},"7":{"name":"(anonymous_7)","decl":{"start":{"line":103,"column":43},"end":{"line":103,"column":44}},"loc":{"start":{"line":104,"column":2},"end":{"line":128,"column":9}},"line":104}},"branchMap":{"0":{"loc":{"start":{"line":19,"column":2},"end":{"line":19,"column":16}},"type":"default-arg","locations":[{"start":{"line":19,"column":10},"end":{"line":19,"column":16}}],"line":19},"1":{"loc":{"start":{"line":20,"column":2},"end":{"line":20,"column":13}},"type":"default-arg","locations":[{"start":{"line":20,"column":11},"end":{"line":20,"column":13}}],"line":20},"2":{"loc":{"start":{"line":21,"column":2},"end":{"line":21,"column":18}},"type":"default-arg","locations":[{"start":{"line":21,"column":17},"end":{"line":21,"column":18}}],"line":21},"3":{"loc":{"start":{"line":80,"column":61},"end":{"line":80,"column":70}},"type":"default-arg","locations":[{"start":{"line":80,"column":69},"end":{"line":80,"column":70}}],"line":80}},"s":{"0":0,"1":0,"2":0,"3":0,"4":0,"5":0,"6":0,"7":0,"8":0,"9":0,"10":0,"11":0,"12":0,"13":0,"14":0,"15":0,"16":0,"17":0},"f":{"0":0,"1":0,"2":0,"3":0,"4":0,"5":0,"6":0,"7":0},"b":{"0":[0],"1":[0],"2":[0],"3":[0]}}
,"/home/bassin/Trophy-Cast-MVP-v2-1/lib/AuthContext.tsx": {"path":"/home/bassin/Trophy-Cast-MVP-v2-1/lib/AuthContext.tsx","statementMap":{"0":{"start":{"line":24,"column":20},"end":{"line":24,"column":73}},"1":{"start":{"line":26,"column":28},"end":{"line":198,"column":1}},"2":{"start":{"line":27,"column":26},"end":{"line":27,"column":52}},"3":{"start":{"line":28,"column":32},"end":{"line":28,"column":62}},"4":{"start":{"line":29,"column":32},"end":{"line":29,"column":46}},"5":{"start":{"line":31,"column":2},"end":{"line":73,"column":9}},"6":{"start":{"line":33,"column":4},"end":{"line":52,"column":5}},"7":{"start":{"line":34,"column":23},"end":{"line":38,"column":7}},"8":{"start":{"line":40,"column":35},"end":{"line":46,"column":7}},"9":{"start":{"line":48,"column":6},"end":{"line":48,"column":24}},"10":{"start":{"line":49,"column":6},"end":{"line":49,"column":30}},"11":{"start":{"line":50,"column":6},"end":{"line":50,"column":24}},"12":{"start":{"line":51,"column":6},"end":{"line":51,"column":13}},"13":{"start":{"line":55,"column":4},"end":{"line":61,"column":7}},"14":{"start":{"line":56,"column":6},"end":{"line":56,"column":37}},"15":{"start":{"line":57,"column":6},"end":{"line":59,"column":7}},"16":{"start":{"line":58,"column":8},"end":{"line":58,"column":38}},"17":{"start":{"line":60,"column":6},"end":{"line":60,"column":24}},"18":{"start":{"line":63,"column":39},"end":{"line":70,"column":6}},"19":{"start":{"line":64,"column":6},"end":{"line":64,"column":37}},"20":{"start":{"line":65,"column":6},"end":{"line":69,"column":7}},"21":{"start":{"line":66,"column":8},"end":{"line":66,"column":38}},"22":{"start":{"line":68,"column":8},"end":{"line":68,"column":25}},"23":{"start":{"line":72,"column":4},"end":{"line":72,"column":44}},"24":{"start":{"line":72,"column":17},"end":{"line":72,"column":43}},"25":{"start":{"line":75,"column":23},"end":{"line":97,"column":3}},"26":{"start":{"line":76,"column":27},"end":{"line":80,"column":15}},"27":{"start":{"line":82,"column":4},"end":{"line":85,"column":5}},"28":{"start":{"line":83,"column":6},"end":{"line":83,"column":54}},"29":{"start":{"line":84,"column":6},"end":{"line":84,"column":13}},"30":{"start":{"line":87,"column":4},"end":{"line":87,"column":21}},"31":{"start":{"line":90,"column":4},"end":{"line":96,"column":5}},"32":{"start":{"line":91,"column":6},"end":{"line":95,"column":9}},"33":{"start":{"line":105,"column":17},"end":{"line":122,"column":3}},"34":{"start":{"line":106,"column":4},"end":{"line":121,"column":5}},"35":{"start":{"line":107,"column":30},"end":{"line":110,"column":8}},"36":{"start":{"line":113,"column":6},"end":{"line":116,"column":7}},"37":{"start":{"line":114,"column":8},"end":{"line":114,"column":27}},"38":{"start":{"line":115,"column":8},"end":{"line":115,"column":41}},"39":{"start":{"line":118,"column":6},"end":{"line":118,"column":23}},"40":{"start":{"line":120,"column":6},"end":{"line":120,"column":39}},"41":{"start":{"line":124,"column":17},"end":{"line":143,"column":3}},"42":{"start":{"line":125,"column":4},"end":{"line":142,"column":5}},"43":{"start":{"line":126,"column":30},"end":{"line":132,"column":8}},"44":{"start":{"line":135,"column":6},"end":{"line":137,"column":7}},"45":{"start":{"line":136,"column":8},"end":{"line":136,"column":27}},"46":{"start":{"line":139,"column":6},"end":{"line":139,"column":23}},"47":{"start":{"line":141,"column":6},"end":{"line":141,"column":39}},"48":{"start":{"line":145,"column":18},"end":{"line":151,"column":3}},"49":{"start":{"line":147,"column":4},"end":{"line":149,"column":5}},"50":{"start":{"line":148,"column":6},"end":{"line":148,"column":47}},"51":{"start":{"line":150,"column":4},"end":{"line":150,"column":34}},"52":{"start":{"line":162,"column":24},"end":{"line":185,"column":3}},"53":{"start":{"line":163,"column":4},"end":{"line":163,"column":68}},"54":{"start":{"line":163,"column":15},"end":{"line":163,"column":68}},"55":{"start":{"line":165,"column":4},"end":{"line":184,"column":5}},"56":{"start":{"line":166,"column":24},"end":{"line":175,"column":10}},"57":{"start":{"line":177,"column":6},"end":{"line":179,"column":7}},"58":{"start":{"line":178,"column":8},"end":{"line":178,"column":36}},"59":{"start":{"line":181,"column":6},"end":{"line":181,"column":23}},"60":{"start":{"line":183,"column":6},"end":{"line":183,"column":39}},"61":{"start":{"line":187,"column":16},"end":{"line":195,"column":3}},"62":{"start":{"line":197,"column":2},"end":{"line":197,"column":79}},"63":{"start":{"line":200,"column":23},"end":{"line":206,"column":1}},"64":{"start":{"line":201,"column":18},"end":{"line":201,"column":41}},"65":{"start":{"line":202,"column":2},"end":{"line":204,"column":3}},"66":{"start":{"line":203,"column":4},"end":{"line":203,"column":67}},"67":{"start":{"line":205,"column":2},"end":{"line":205,"column":17}}},"fnMap":{"0":{"name":"(anonymous_0)","decl":{"start":{"line":26,"column":28},"end":{"line":26,"column":29}},"loc":{"start":{"line":26,"column":77},"end":{"line":198,"column":1}},"line":26},"1":{"name":"(anonymous_1)","decl":{"start":{"line":31,"column":12},"end":{"line":31,"column":13}},"loc":{"start":{"line":31,"column":18},"end":{"line":73,"column":3}},"line":31},"2":{"name":"(anonymous_2)","decl":{"start":{"line":55,"column":36},"end":{"line":55,"column":37}},"loc":{"start":{"line":55,"column":68},"end":{"line":61,"column":5}},"line":55},"3":{"name":"(anonymous_3)","decl":{"start":{"line":63,"column":71},"end":{"line":63,"column":72}},"loc":{"start":{"line":63,"column":102},"end":{"line":70,"column":5}},"line":63},"4":{"name":"(anonymous_4)","decl":{"start":{"line":72,"column":11},"end":{"line":72,"column":12}},"loc":{"start":{"line":72,"column":17},"end":{"line":72,"column":43}},"line":72},"5":{"name":"(anonymous_5)","decl":{"start":{"line":75,"column":23},"end":{"line":75,"column":24}},"loc":{"start":{"line":75,"column":49},"end":{"line":97,"column":3}},"line":75},"6":{"name":"(anonymous_6)","decl":{"start":{"line":105,"column":17},"end":{"line":105,"column":18}},"loc":{"start":{"line":105,"column":60},"end":{"line":122,"column":3}},"line":105},"7":{"name":"(anonymous_7)","decl":{"start":{"line":124,"column":17},"end":{"line":124,"column":18}},"loc":{"start":{"line":124,"column":60},"end":{"line":143,"column":3}},"line":124},"8":{"name":"(anonymous_8)","decl":{"start":{"line":145,"column":18},"end":{"line":145,"column":19}},"loc":{"start":{"line":145,"column":30},"end":{"line":151,"column":3}},"line":145},"9":{"name":"(anonymous_9)","decl":{"start":{"line":162,"column":24},"end":{"line":162,"column":25}},"loc":{"start":{"line":162,"column":86},"end":{"line":185,"column":3}},"line":162},"10":{"name":"(anonymous_10)","decl":{"start":{"line":200,"column":23},"end":{"line":200,"column":24}},"loc":{"start":{"line":200,"column":29},"end":{"line":206,"column":1}},"line":200}},"branchMap":{"0":{"loc":{"start":{"line":33,"column":4},"end":{"line":52,"column":5}},"type":"if","locations":[{"start":{"line":33,"column":4},"end":{"line":52,"column":5}},{"start":{},"end":{}}],"line":33},"1":{"loc":{"start":{"line":33,"column":8},"end":{"line":33,"column":89}},"type":"binary-expr","locations":[{"start":{"line":33,"column":8},"end":{"line":33,"column":37}},{"start":{"line":33,"column":41},"end":{"line":33,"column":89}}],"line":33},"2":{"loc":{"start":{"line":56,"column":14},"end":{"line":56,"column":35}},"type":"binary-expr","locations":[{"start":{"line":56,"column":14},"end":{"line":56,"column":27}},{"start":{"line":56,"column":31},"end":{"line":56,"column":35}}],"line":56},"3":{"loc":{"start":{"line":57,"column":6},"end":{"line":59,"column":7}},"type":"if","locations":[{"start":{"line":57,"column":6},"end":{"line":59,"column":7}},{"start":{},"end":{}}],"line":57},"4":{"loc":{"start":{"line":64,"column":14},"end":{"line":64,"column":35}},"type":"binary-expr","locations":[{"start":{"line":64,"column":14},"end":{"line":64,"column":27}},{"start":{"line":64,"column":31},"end":{"line":64,"column":35}}],"line":64},"5":{"loc":{"start":{"line":65,"column":6},"end":{"line":69,"column":7}},"type":"if","locations":[{"start":{"line":65,"column":6},"end":{"line":69,"column":7}},{"start":{"line":67,"column":13},"end":{"line":69,"column":7}}],"line":65},"6":{"loc":{"start":{"line":82,"column":4},"end":{"line":85,"column":5}},"type":"if","locations":[{"start":{"line":82,"column":4},"end":{"line":85,"column":5}},{"start":{},"end":{}}],"line":82},"7":{"loc":{"start":{"line":90,"column":4},"end":{"line":96,"column":5}},"type":"if","locations":[{"start":{"line":90,"column":4},"end":{"line":96,"column":5}},{"start":{},"end":{}}],"line":90},"8":{"loc":{"start":{"line":93,"column":18},"end":{"line":93,"column":40}},"type":"binary-expr","locations":[{"start":{"line":93,"column":18},"end":{"line":93,"column":27}},{"start":{"line":93,"column":31},"end":{"line":93,"column":40}}],"line":93},"9":{"loc":{"start":{"line":113,"column":6},"end":{"line":116,"column":7}},"type":"if","locations":[{"start":{"line":113,"column":6},"end":{"line":116,"column":7}},{"start":{},"end":{}}],"line":113},"10":{"loc":{"start":{"line":113,"column":10},"end":{"line":113,"column":35}},"type":"binary-expr","locations":[{"start":{"line":113,"column":10},"end":{"line":113,"column":19}},{"start":{"line":113,"column":23},"end":{"line":113,"column":35}}],"line":113},"11":{"loc":{"start":{"line":135,"column":6},"end":{"line":137,"column":7}},"type":"if","locations":[{"start":{"line":135,"column":6},"end":{"line":137,"column":7}},{"start":{},"end":{}}],"line":135},"12":{"loc":{"start":{"line":135,"column":10},"end":{"line":135,"column":29}},"type":"binary-expr","locations":[{"start":{"line":135,"column":10},"end":{"line":135,"column":19}},{"start":{"line":135,"column":23},"end":{"line":135,"column":29}}],"line":135},"13":{"loc":{"start":{"line":147,"column":4},"end":{"line":149,"column":5}},"type":"if","locations":[{"start":{"line":147,"column":4},"end":{"line":149,"column":5}},{"start":{},"end":{}}],"line":147},"14":{"loc":{"start":{"line":163,"column":4},"end":{"line":163,"column":68}},"type":"if","locations":[{"start":{"line":163,"column":4},"end":{"line":163,"column":68}},{"start":{},"end":{}}],"line":163},"15":{"loc":{"start":{"line":177,"column":6},"end":{"line":179,"column":7}},"type":"if","locations":[{"start":{"line":177,"column":6},"end":{"line":179,"column":7}},{"start":{},"end":{}}],"line":177},"16":{"loc":{"start":{"line":202,"column":2},"end":{"line":204,"column":3}},"type":"if","locations":[{"start":{"line":202,"column":2},"end":{"line":204,"column":3}},{"start":{},"end":{}}],"line":202}},"s":{"0":1,"1":1,"2":4,"3":4,"4":4,"5":4,"6":2,"7":1,"8":1,"9":1,"10":1,"11":1,"12":1,"13":1,"14":1,"15":1,"16":0,"17":1,"18":1,"19":0,"20":0,"21":0,"22":0,"23":1,"24":1,"25":4,"26":0,"27":0,"28":0,"29":0,"30":0,"31":0,"32":0,"33":4,"34":0,"35":0,"36":0,"37":0,"38":0,"39":0,"40":0,"41":4,"42":0,"43":0,"44":0,"45":0,"46":0,"47":0,"48":4,"49":0,"50":0,"51":0,"52":4,"53":0,"54":0,"55":0,"56":0,"57":0,"58":0,"59":0,"60":0,"61":4,"62":4,"63":1,"64":4,"65":4,"66":0,"67":4},"f":{"0":4,"1":2,"2":1,"3":0,"4":1,"5":0,"6":0,"7":0,"8":0,"9":0,"10":4},"b":{"0":[1,1],"1":[2,2],"2":[1,1],"3":[0,1],"4":[0,0],"5":[0,0],"6":[0,0],"7":[0,0],"8":[0,0],"9":[0,0],"10":[0,0],"11":[0,0],"12":[0,0],"13":[0,0],"14":[0,0],"15":[0,0],"16":[0,4]},"_coverageSchema":"1a1c01bbd47fc00a2c39e90264f33305004495a9","hash":"2bf698ecd63a9d23e1440bf747113f891fc50b51"}
,"/home/bassin/Trophy-Cast-MVP-v2-1/lib/queryClient.ts": {"path":"/home/bassin/Trophy-Cast-MVP-v2-1/lib/queryClient.ts","statementMap":{"0":{"start":{"line":9,"column":27},"end":{"line":38,"column":2}},"1":{"start":{"line":22,"column":36},"end":{"line":22,"column":77}}},"fnMap":{"0":{"name":"(anonymous_0)","decl":{"start":{"line":22,"column":18},"end":{"line":22,"column":19}},"loc":{"start":{"line":22,"column":36},"end":{"line":22,"column":77}},"line":22}},"branchMap":{},"s":{"0":0,"1":0},"f":{"0":0},"b":{}}
,"/home/bassin/Trophy-Cast-MVP-v2-1/lib/sentry.ts": {"path":"/home/bassin/Trophy-Cast-MVP-v2-1/lib/sentry.ts","statementMap":{"0":{"start":{"line":17,"column":19},"end":{"line":17,"column":47}},"1":{"start":{"line":20,"column":0},"end":{"line":65,"column":1}},"2":{"start":{"line":21,"column":2},"end":{"line":60,"column":5}},"3":{"start":{"line":45,"column":6},"end":{"line":48,"column":7}},"4":{"start":{"line":46,"column":8},"end":{"line":46,"column":66}},"5":{"start":{"line":47,"column":8},"end":{"line":47,"column":20}},"6":{"start":{"line":58,"column":6},"end":{"line":58,"column":19}},"7":{"start":{"line":62,"column":2},"end":{"line":62,"column":57}},"8":{"start":{"line":64,"column":2},"end":{"line":64,"column":76}},"9":{"start":{"line":73,"column":2},"end":{"line":73,"column":51}},"10":{"start":{"line":75,"column":2},"end":{"line":79,"column":3}},"11":{"start":{"line":76,"column":4},"end":{"line":78,"column":7}},"12":{"start":{"line":88,"column":2},"end":{"line":88,"column":37}},"13":{"start":{"line":90,"column":2},"end":{"line":92,"column":3}},"14":{"start":{"line":91,"column":4},"end":{"line":91,"column":42}},"15":{"start":{"line":100,"column":2},"end":{"line":102,"column":3}},"16":{"start":{"line":101,"column":4},"end":{"line":101,"column":25}}},"fnMap":{"0":{"name":"(anonymous_0)","decl":{"start":{"line":43,"column":4},"end":{"line":43,"column":5}},"loc":{"start":{"line":43,"column":38},"end":{"line":59,"column":5}},"line":43},"1":{"name":"captureError","decl":{"start":{"line":72,"column":16},"end":{"line":72,"column":28}},"loc":{"start":{"line":72,"column":74},"end":{"line":80,"column":1}},"line":72},"2":{"name":"captureMessage","decl":{"start":{"line":87,"column":16},"end":{"line":87,"column":30}},"loc":{"start":{"line":87,"column":86},"end":{"line":93,"column":1}},"line":87},"3":{"name":"setUser","decl":{"start":{"line":99,"column":16},"end":{"line":99,"column":23}},"loc":{"start":{"line":99,"column":88},"end":{"line":103,"column":1}},"line":99}},"branchMap":{"0":{"loc":{"start":{"line":17,"column":19},"end":{"line":17,"column":47}},"type":"binary-expr","locations":[{"start":{"line":17,"column":19},"end":{"line":17,"column":41}},{"start":{"line":17,"column":45},"end":{"line":17,"column":47}}],"line":17},"1":{"loc":{"start":{"line":20,"column":0},"end":{"line":65,"column":1}},"type":"if","locations":[{"start":{"line":20,"column":0},"end":{"line":65,"column":1}},{"start":{"line":63,"column":7},"end":{"line":65,"column":1}}],"line":20},"2":{"loc":{"start":{"line":20,"column":4},"end":{"line":20,"column":26}},"type":"binary-expr","locations":[{"start":{"line":20,"column":4},"end":{"line":20,"column":14}},{"start":{"line":20,"column":18},"end":{"line":20,"column":26}}],"line":20},"3":{"loc":{"start":{"line":37,"column":17},"end":{"line":37,"column":55}},"type":"cond-expr","locations":[{"start":{"line":37,"column":27},"end":{"line":37,"column":40}},{"start":{"line":37,"column":43},"end":{"line":37,"column":55}}],"line":37},"4":{"loc":{"start":{"line":45,"column":6},"end":{"line":48,"column":7}},"type":"if","locations":[{"start":{"line":45,"column":6},"end":{"line":48,"column":7}},{"start":{},"end":{}}],"line":45},"5":{"loc":{"start":{"line":75,"column":2},"end":{"line":79,"column":3}},"type":"if","locations":[{"start":{"line":75,"column":2},"end":{"line":79,"column":3}},{"start":{},"end":{}}],"line":75},"6":{"loc":{"start":{"line":75,"column":6},"end":{"line":75,"column":28}},"type":"binary-expr","locations":[{"start":{"line":75,"column":6},"end":{"line":75,"column":14}},{"start":{"line":75,"column":18},"end":{"line":75,"column":28}}],"line":75},"7":{"loc":{"start":{"line":77,"column":16},"end":{"line":77,"column":57}},"type":"cond-expr","locations":[{"start":{"line":77,"column":26},"end":{"line":77,"column":45}},{"start":{"line":77,"column":48},"end":{"line":77,"column":57}}],"line":77},"8":{"loc":{"start":{"line":87,"column":48},"end":{"line":87,"column":84}},"type":"default-arg","locations":[{"start":{"line":87,"column":78},"end":{"line":87,"column":84}}],"line":87},"9":{"loc":{"start":{"line":90,"column":2},"end":{"line":92,"column":3}},"type":"if","locations":[{"start":{"line":90,"column":2},"end":{"line":92,"column":3}},{"start":{},"end":{}}],"line":90},"10":{"loc":{"start":{"line":90,"column":6},"end":{"line":90,"column":28}},"type":"binary-expr","locations":[{"start":{"line":90,"column":6},"end":{"line":90,"column":14}},{"start":{"line":90,"column":18},"end":{"line":90,"column":28}}],"line":90},"11":{"loc":{"start":{"line":100,"column":2},"end":{"line":102,"column":3}},"type":"if","locations":[{"start":{"line":100,"column":2},"end":{"line":102,"column":3}},{"start":{},"end":{}}],"line":100},"12":{"loc":{"start":{"line":100,"column":6},"end":{"line":100,"column":28}},"type":"binary-expr","locations":[{"start":{"line":100,"column":6},"end":{"line":100,"column":14}},{"start":{"line":100,"column":18},"end":{"line":100,"column":28}}],"line":100}},"s":{"0":0,"1":0,"2":0,"3":0,"4":0,"5":0,"6":0,"7":0,"8":0,"9":0,"10":0,"11":0,"12":0,"13":0,"14":0,"15":0,"16":0},"f":{"0":0,"1":0,"2":0,"3":0},"b":{"0":[0,0],"1":[0,0],"2":[0,0],"3":[0,0],"4":[0,0],"5":[0,0],"6":[0,0],"7":[0,0],"8":[0],"9":[0,0],"10":[0,0],"11":[0,0],"12":[0,0]}}
,"/home/bassin/Trophy-Cast-MVP-v2-1/lib/supabase.ts": {"path":"/home/bassin/Trophy-Cast-MVP-v2-1/lib/supabase.ts","statementMap":{"0":{"start":{"line":3,"column":25},"end":{"line":3,"column":57}},"1":{"start":{"line":7,"column":20},"end":{"line":7,"column":56}},"2":{"start":{"line":8,"column":24},"end":{"line":8,"column":65}},"3":{"start":{"line":10,"column":0},"end":{"line":14,"column":1}},"4":{"start":{"line":11,"column":2},"end":{"line":13,"column":4}},"5":{"start":{"line":17,"column":29},"end":{"line":54,"column":1}},"6":{"start":{"line":18,"column":2},"end":{"line":53,"column":3}},"7":{"start":{"line":20,"column":4},"end":{"line":37,"column":6}},"8":{"start":{"line":22,"column":8},"end":{"line":24,"column":9}},"9":{"start":{"line":23,"column":10},"end":{"line":23,"column":43}},"10":{"start":{"line":25,"column":8},"end":{"line":25,"column":20}},"11":{"start":{"line":28,"column":8},"end":{"line":30,"column":9}},"12":{"start":{"line":29,"column":10},"end":{"line":29,"column":43}},"13":{"start":{"line":33,"column":8},"end":{"line":35,"column":9}},"14":{"start":{"line":34,"column":10},"end":{"line":34,"column":39}},"15":{"start":{"line":41,"column":47},"end":{"line":41,"column":49}},"16":{"start":{"line":42,"column":4},"end":{"line":52,"column":6}},"17":{"start":{"line":44,"column":8},"end":{"line":44,"column":36}},"18":{"start":{"line":47,"column":8},"end":{"line":47,"column":29}},"19":{"start":{"line":50,"column":8},"end":{"line":50,"column":28}},"20":{"start":{"line":57,"column":24},"end":{"line":66,"column":2}},"21":{"start":{"line":107,"column":33},"end":{"line":124,"column":1}},"22":{"start":{"line":108,"column":2},"end":{"line":123,"column":3}},"23":{"start":{"line":109,"column":28},"end":{"line":112,"column":64}},"24":{"start":{"line":114,"column":4},"end":{"line":117,"column":5}},"25":{"start":{"line":115,"column":6},"end":{"line":115,"column":60}},"26":{"start":{"line":116,"column":6},"end":{"line":116,"column":18}},"27":{"start":{"line":119,"column":4},"end":{"line":119,"column":45}},"28":{"start":{"line":121,"column":4},"end":{"line":121,"column":67}},"29":{"start":{"line":122,"column":4},"end":{"line":122,"column":36}},"30":{"start":{"line":126,"column":41},"end":{"line":144,"column":1}},"31":{"start":{"line":127,"column":2},"end":{"line":143,"column":3}},"32":{"start":{"line":128,"column":28},"end":{"line":132,"column":15}},"33":{"start":{"line":134,"column":4},"end":{"line":137,"column":5}},"34":{"start":{"line":135,"column":6},"end":{"line":135,"column":66}},"35":{"start":{"line":136,"column":6},"end":{"line":136,"column":18}},"36":{"start":{"line":139,"column":4},"end":{"line":139,"column":33}},"37":{"start":{"line":141,"column":4},"end":{"line":141,"column":73}},"38":{"start":{"line":142,"column":4},"end":{"line":142,"column":38}},"39":{"start":{"line":169,"column":37},"end":{"line":189,"column":1}},"40":{"start":{"line":170,"column":2},"end":{"line":188,"column":3}},"41":{"start":{"line":171,"column":4},"end":{"line":171,"column":52}},"42":{"start":{"line":173,"column":28},"end":{"line":176,"column":67}},"43":{"start":{"line":178,"column":4},"end":{"line":181,"column":5}},"44":{"start":{"line":179,"column":6},"end":{"line":179,"column":64}},"45":{"start":{"line":180,"column":6},"end":{"line":180,"column":18}},"46":{"start":{"line":183,"column":4},"end":{"line":183,"column":78}},"47":{"start":{"line":184,"column":4},"end":{"line":184,"column":45}},"48":{"start":{"line":186,"column":4},"end":{"line":186,"column":71}},"49":{"start":{"line":187,"column":4},"end":{"line":187,"column":36}},"50":{"start":{"line":191,"column":40},"end":{"line":209,"column":1}},"51":{"start":{"line":192,"column":2},"end":{"line":208,"column":3}},"52":{"start":{"line":193,"column":28},"end":{"line":197,"column":15}},"53":{"start":{"line":199,"column":4},"end":{"line":202,"column":5}},"54":{"start":{"line":200,"column":6},"end":{"line":200,"column":63}},"55":{"start":{"line":201,"column":6},"end":{"line":201,"column":18}},"56":{"start":{"line":204,"column":4},"end":{"line":204,"column":33}},"57":{"start":{"line":206,"column":4},"end":{"line":206,"column":70}},"58":{"start":{"line":207,"column":4},"end":{"line":207,"column":38}}},"fnMap":{"0":{"name":"(anonymous_0)","decl":{"start":{"line":17,"column":29},"end":{"line":17,"column":30}},"loc":{"start":{"line":17,"column":35},"end":{"line":54,"column":1}},"line":17},"1":{"name":"(anonymous_1)","decl":{"start":{"line":21,"column":15},"end":{"line":21,"column":16}},"loc":{"start":{"line":21,"column":32},"end":{"line":26,"column":7}},"line":21},"2":{"name":"(anonymous_2)","decl":{"start":{"line":27,"column":15},"end":{"line":27,"column":16}},"loc":{"start":{"line":27,"column":47},"end":{"line":31,"column":7}},"line":27},"3":{"name":"(anonymous_3)","decl":{"start":{"line":32,"column":18},"end":{"line":32,"column":19}},"loc":{"start":{"line":32,"column":35},"end":{"line":36,"column":7}},"line":32},"4":{"name":"(anonymous_4)","decl":{"start":{"line":43,"column":15},"end":{"line":43,"column":16}},"loc":{"start":{"line":43,"column":32},"end":{"line":45,"column":7}},"line":43},"5":{"name":"(anonymous_5)","decl":{"start":{"line":46,"column":15},"end":{"line":46,"column":16}},"loc":{"start":{"line":46,"column":47},"end":{"line":48,"column":7}},"line":46},"6":{"name":"(anonymous_6)","decl":{"start":{"line":49,"column":18},"end":{"line":49,"column":19}},"loc":{"start":{"line":49,"column":35},"end":{"line":51,"column":7}},"line":49},"7":{"name":"(anonymous_7)","decl":{"start":{"line":107,"column":33},"end":{"line":107,"column":34}},"loc":{"start":{"line":107,"column":45},"end":{"line":124,"column":1}},"line":107},"8":{"name":"(anonymous_8)","decl":{"start":{"line":126,"column":41},"end":{"line":126,"column":42}},"loc":{"start":{"line":126,"column":69},"end":{"line":144,"column":1}},"line":126},"9":{"name":"(anonymous_9)","decl":{"start":{"line":169,"column":37},"end":{"line":169,"column":38}},"loc":{"start":{"line":169,"column":49},"end":{"line":189,"column":1}},"line":169},"10":{"name":"(anonymous_10)","decl":{"start":{"line":191,"column":40},"end":{"line":191,"column":41}},"loc":{"start":{"line":191,"column":67},"end":{"line":209,"column":1}},"line":191}},"branchMap":{"0":{"loc":{"start":{"line":10,"column":0},"end":{"line":14,"column":1}},"type":"if","locations":[{"start":{"line":10,"column":0},"end":{"line":14,"column":1}},{"start":{},"end":{}}],"line":10},"1":{"loc":{"start":{"line":10,"column":4},"end":{"line":10,"column":36}},"type":"binary-expr","locations":[{"start":{"line":10,"column":4},"end":{"line":10,"column":16}},{"start":{"line":10,"column":20},"end":{"line":10,"column":36}}],"line":10},"2":{"loc":{"start":{"line":18,"column":2},"end":{"line":53,"column":3}},"type":"if","locations":[{"start":{"line":18,"column":2},"end":{"line":53,"column":3}},{"start":{"line":38,"column":9},"end":{"line":53,"column":3}}],"line":18},"3":{"loc":{"start":{"line":22,"column":8},"end":{"line":24,"column":9}},"type":"if","locations":[{"start":{"line":22,"column":8},"end":{"line":24,"column":9}},{"start":{},"end":{}}],"line":22},"4":{"loc":{"start":{"line":28,"column":8},"end":{"line":30,"column":9}},"type":"if","locations":[{"start":{"line":28,"column":8},"end":{"line":30,"column":9}},{"start":{},"end":{}}],"line":28},"5":{"loc":{"start":{"line":33,"column":8},"end":{"line":35,"column":9}},"type":"if","locations":[{"start":{"line":33,"column":8},"end":{"line":35,"column":9}},{"start":{},"end":{}}],"line":33},"6":{"loc":{"start":{"line":44,"column":15},"end":{"line":44,"column":35}},"type":"binary-expr","locations":[{"start":{"line":44,"column":15},"end":{"line":44,"column":27}},{"start":{"line":44,"column":31},"end":{"line":44,"column":35}}],"line":44},"7":{"loc":{"start":{"line":114,"column":4},"end":{"line":117,"column":5}},"type":"if","locations":[{"start":{"line":114,"column":4},"end":{"line":117,"column":5}},{"start":{},"end":{}}],"line":114},"8":{"loc":{"start":{"line":119,"column":19},"end":{"line":119,"column":29}},"type":"binary-expr","locations":[{"start":{"line":119,"column":19},"end":{"line":119,"column":23}},{"start":{"line":119,"column":27},"end":{"line":119,"column":29}}],"line":119},"9":{"loc":{"start":{"line":134,"column":4},"end":{"line":137,"column":5}},"type":"if","locations":[{"start":{"line":134,"column":4},"end":{"line":137,"column":5}},{"start":{},"end":{}}],"line":134},"10":{"loc":{"start":{"line":178,"column":4},"end":{"line":181,"column":5}},"type":"if","locations":[{"start":{"line":178,"column":4},"end":{"line":181,"column":5}},{"start":{},"end":{}}],"line":178},"11":{"loc":{"start":{"line":183,"column":48},"end":{"line":183,"column":65}},"type":"binary-expr","locations":[{"start":{"line":183,"column":48},"end":{"line":183,"column":60}},{"start":{"line":183,"column":64},"end":{"line":183,"column":65}}],"line":183},"12":{"loc":{"start":{"line":184,"column":19},"end":{"line":184,"column":29}},"type":"binary-expr","locations":[{"start":{"line":184,"column":19},"end":{"line":184,"column":23}},{"start":{"line":184,"column":27},"end":{"line":184,"column":29}}],"line":184},"13":{"loc":{"start":{"line":199,"column":4},"end":{"line":202,"column":5}},"type":"if","locations":[{"start":{"line":199,"column":4},"end":{"line":202,"column":5}},{"start":{},"end":{}}],"line":199}},"s":{"0":0,"1":0,"2":0,"3":0,"4":0,"5":0,"6":0,"7":0,"8":0,"9":0,"10":0,"11":0,"12":0,"13":0,"14":0,"15":0,"16":0,"17":0,"18":0,"19":0,"20":0,"21":0,"22":0,"23":0,"24":0,"25":0,"26":0,"27":0,"28":0,"29":0,"30":0,"31":0,"32":0,"33":0,"34":0,"35":0,"36":0,"37":0,"38":0,"39":0,"40":0,"41":0,"42":0,"43":0,"44":0,"45":0,"46":0,"47":0,"48":0,"49":0,"50":0,"51":0,"52":0,"53":0,"54":0,"55":0,"56":0,"57":0,"58":0},"f":{"0":0,"1":0,"2":0,"3":0,"4":0,"5":0,"6":0,"7":0,"8":0,"9":0,"10":0},"b":{"0":[0,0],"1":[0,0],"2":[0,0],"3":[0,0],"4":[0,0],"5":[0,0],"6":[0,0],"7":[0,0],"8":[0,0],"9":[0,0],"10":[0,0],"11":[0,0],"12":[0,0],"13":[0,0]}}
,"/home/bassin/Trophy-Cast-MVP-v2-1/lib/supabaseTests.ts": {"path":"/home/bassin/Trophy-Cast-MVP-v2-1/lib/supabaseTests.ts","statementMap":{"0":{"start":{"line":4,"column":2},"end":{"line":35,"column":3}},"1":{"start":{"line":5,"column":4},"end":{"line":5,"column":53}},"2":{"start":{"line":8,"column":47},"end":{"line":8,"column":76}},"3":{"start":{"line":9,"column":4},"end":{"line":9,"column":76}},"4":{"start":{"line":10,"column":4},"end":{"line":10,"column":56}},"5":{"start":{"line":10,"column":18},"end":{"line":10,"column":56}},"6":{"start":{"line":13,"column":41},"end":{"line":15,"column":50}},"7":{"start":{"line":17,"column":4},"end":{"line":17,"column":77}},"8":{"start":{"line":18,"column":4},"end":{"line":18,"column":38}},"9":{"start":{"line":19,"column":4},"end":{"line":19,"column":62}},"10":{"start":{"line":19,"column":20},"end":{"line":19,"column":62}},"11":{"start":{"line":22,"column":57},"end":{"line":25,"column":44}},"12":{"start":{"line":27,"column":4},"end":{"line":27,"column":81}},"13":{"start":{"line":28,"column":4},"end":{"line":29,"column":68}},"14":{"start":{"line":28,"column":23},"end":{"line":28,"column":71}},"15":{"start":{"line":29,"column":9},"end":{"line":29,"column":68}},"16":{"start":{"line":31,"column":4},"end":{"line":31,"column":54}},"17":{"start":{"line":33,"column":4},"end":{"line":33,"column":52}},"18":{"start":{"line":34,"column":4},"end":{"line":34,"column":17}}},"fnMap":{"0":{"name":"testSupabaseConnection","decl":{"start":{"line":3,"column":22},"end":{"line":3,"column":44}},"loc":{"start":{"line":3,"column":47},"end":{"line":36,"column":1}},"line":3}},"branchMap":{"0":{"loc":{"start":{"line":9,"column":39},"end":{"line":9,"column":74}},"type":"cond-expr","locations":[{"start":{"line":9,"column":50},"end":{"line":9,"column":60}},{"start":{"line":9,"column":63},"end":{"line":9,"column":74}}],"line":9},"1":{"loc":{"start":{"line":10,"column":4},"end":{"line":10,"column":56}},"type":"if","locations":[{"start":{"line":10,"column":4},"end":{"line":10,"column":56}},{"start":{},"end":{}}],"line":10},"2":{"loc":{"start":{"line":17,"column":38},"end":{"line":17,"column":75}},"type":"cond-expr","locations":[{"start":{"line":17,"column":51},"end":{"line":17,"column":61}},{"start":{"line":17,"column":64},"end":{"line":17,"column":75}}],"line":17},"3":{"loc":{"start":{"line":19,"column":4},"end":{"line":19,"column":62}},"type":"if","locations":[{"start":{"line":19,"column":4},"end":{"line":19,"column":62}},{"start":{},"end":{}}],"line":19},"4":{"loc":{"start":{"line":27,"column":39},"end":{"line":27,"column":79}},"type":"cond-expr","locations":[{"start":{"line":27,"column":55},"end":{"line":27,"column":65}},{"start":{"line":27,"column":68},"end":{"line":27,"column":79}}],"line":27},"5":{"loc":{"start":{"line":28,"column":4},"end":{"line":29,"column":68}},"type":"if","locations":[{"start":{"line":28,"column":4},"end":{"line":29,"column":68}},{"start":{"line":29,"column":9},"end":{"line":29,"column":68}}],"line":28},"6":{"loc":{"start":{"line":29,"column":41},"end":{"line":29,"column":66}},"type":"binary-expr","locations":[{"start":{"line":29,"column":41},"end":{"line":29,"column":61}},{"start":{"line":29,"column":65},"end":{"line":29,"column":66}}],"line":29},"7":{"loc":{"start":{"line":31,"column":11},"end":{"line":31,"column":53}},"type":"binary-expr","locations":[{"start":{"line":31,"column":11},"end":{"line":31,"column":20}},{"start":{"line":31,"column":24},"end":{"line":31,"column":35}},{"start":{"line":31,"column":39},"end":{"line":31,"column":53}}],"line":31}},"s":{"0":0,"1":0,"2":0,"3":0,"4":0,"5":0,"6":0,"7":0,"8":0,"9":0,"10":0,"11":0,"12":0,"13":0,"14":0,"15":0,"16":0,"17":0,"18":0},"f":{"0":0},"b":{"0":[0,0],"1":[0,0],"2":[0,0],"3":[0,0],"4":[0,0],"5":[0,0],"6":[0,0],"7":[0,0,0]}}
,"/home/bassin/Trophy-Cast-MVP-v2-1/lib/testConnection.ts": {"path":"/home/bassin/Trophy-Cast-MVP-v2-1/lib/testConnection.ts","statementMap":{"0":{"start":{"line":4,"column":2},"end":{"line":37,"column":3}},"1":{"start":{"line":6,"column":4},"end":{"line":6,"column":53}},"2":{"start":{"line":8,"column":41},"end":{"line":12,"column":17}},"3":{"start":{"line":12,"column":22},"end":{"line":20,"column":5}},"4":{"start":{"line":13,"column":6},"end":{"line":13,"column":62}},"5":{"start":{"line":14,"column":6},"end":{"line":18,"column":9}},"6":{"start":{"line":19,"column":6},"end":{"line":19,"column":19}},"7":{"start":{"line":22,"column":4},"end":{"line":25,"column":5}},"8":{"start":{"line":23,"column":6},"end":{"line":23,"column":42}},"9":{"start":{"line":24,"column":6},"end":{"line":24,"column":19}},"10":{"start":{"line":27,"column":4},"end":{"line":31,"column":7}},"11":{"start":{"line":32,"column":4},"end":{"line":32,"column":16}},"12":{"start":{"line":35,"column":4},"end":{"line":35,"column":46}},"13":{"start":{"line":36,"column":4},"end":{"line":36,"column":17}}},"fnMap":{"0":{"name":"testConnection","decl":{"start":{"line":3,"column":22},"end":{"line":3,"column":36}},"loc":{"start":{"line":3,"column":39},"end":{"line":38,"column":1}},"line":3}},"branchMap":{"0":{"loc":{"start":{"line":12,"column":22},"end":{"line":20,"column":5}},"type":"if","locations":[{"start":{"line":12,"column":22},"end":{"line":20,"column":5}},{"start":{},"end":{}}],"line":12},"1":{"loc":{"start":{"line":22,"column":4},"end":{"line":25,"column":5}},"type":"if","locations":[{"start":{"line":22,"column":4},"end":{"line":25,"column":5}},{"start":{},"end":{}}],"line":22}},"s":{"0":0,"1":0,"2":0,"3":0,"4":0,"5":0,"6":0,"7":0,"8":0,"9":0,"10":0,"11":0,"12":0,"13":0},"f":{"0":0},"b":{"0":[0,0],"1":[0,0]}}
,"/home/bassin/Trophy-Cast-MVP-v2-1/lib/hooks/useQueries.ts": {"path":"/home/bassin/Trophy-Cast-MVP-v2-1/lib/hooks/useQueries.ts","statementMap":{"0":{"start":{"line":12,"column":2},"end":{"line":12,"column":41}},"1":{"start":{"line":12,"column":21},"end":{"line":12,"column":41}},"2":{"start":{"line":13,"column":12},"end":{"line":13,"column":25}},"3":{"start":{"line":14,"column":2},"end":{"line":14,"column":47}},"4":{"start":{"line":18,"column":25},"end":{"line":24,"column":1}},"5":{"start":{"line":21,"column":43},"end":{"line":21,"column":84}},"6":{"start":{"line":22,"column":35},"end":{"line":22,"column":67}},"7":{"start":{"line":23,"column":31},"end":{"line":23,"column":59}},"8":{"start":{"line":27,"column":2},"end":{"line":34,"column":5}},"9":{"start":{"line":30,"column":30},"end":{"line":30,"column":55}},"10":{"start":{"line":31,"column":6},"end":{"line":31,"column":29}},"11":{"start":{"line":31,"column":17},"end":{"line":31,"column":29}},"12":{"start":{"line":32,"column":6},"end":{"line":32,"column":47}},"13":{"start":{"line":38,"column":2},"end":{"line":45,"column":5}},"14":{"start":{"line":41,"column":30},"end":{"line":41,"column":59}},"15":{"start":{"line":42,"column":6},"end":{"line":42,"column":29}},"16":{"start":{"line":42,"column":17},"end":{"line":42,"column":29}},"17":{"start":{"line":43,"column":6},"end":{"line":43,"column":47}},"18":{"start":{"line":49,"column":2},"end":{"line":153,"column":5}},"19":{"start":{"line":52,"column":6},"end":{"line":60,"column":7}},"20":{"start":{"line":53,"column":8},"end":{"line":59,"column":10}},"21":{"start":{"line":66,"column":6},"end":{"line":66,"column":69}},"22":{"start":{"line":68,"column":50},"end":{"line":74,"column":22}},"23":{"start":{"line":77,"column":6},"end":{"line":77,"column":100}},"24":{"start":{"line":79,"column":6},"end":{"line":79,"column":37}},"25":{"start":{"line":79,"column":21},"end":{"line":79,"column":37}},"26":{"start":{"line":81,"column":29},"end":{"line":91,"column":14}},"27":{"start":{"line":94,"column":48},"end":{"line":98,"column":22}},"28":{"start":{"line":99,"column":6},"end":{"line":99,"column":35}},"29":{"start":{"line":99,"column":20},"end":{"line":99,"column":35}},"30":{"start":{"line":100,"column":22},"end":{"line":102,"column":14}},"31":{"start":{"line":105,"column":59},"end":{"line":109,"column":40}},"32":{"start":{"line":110,"column":6},"end":{"line":110,"column":45}},"33":{"start":{"line":110,"column":25},"end":{"line":110,"column":45}},"34":{"start":{"line":111,"column":19},"end":{"line":111,"column":103}},"35":{"start":{"line":111,"column":72},"end":{"line":111,"column":99}},"36":{"start":{"line":114,"column":50},"end":{"line":120,"column":22}},"37":{"start":{"line":121,"column":6},"end":{"line":121,"column":37}},"38":{"start":{"line":121,"column":21},"end":{"line":121,"column":37}},"39":{"start":{"line":122,"column":29},"end":{"line":122,"column":142}},"40":{"start":{"line":125,"column":53},"end":{"line":129,"column":40}},"41":{"start":{"line":130,"column":6},"end":{"line":130,"column":39}},"42":{"start":{"line":130,"column":22},"end":{"line":130,"column":39}},"43":{"start":{"line":132,"column":26},"end":{"line":142,"column":7}},"44":{"start":{"line":135,"column":20},"end":{"line":135,"column":72}},"45":{"start":{"line":136,"column":10},"end":{"line":136,"column":36}},"46":{"start":{"line":136,"column":25},"end":{"line":136,"column":36}},"47":{"start":{"line":137,"column":10},"end":{"line":137,"column":36}},"48":{"start":{"line":137,"column":27},"end":{"line":137,"column":36}},"49":{"start":{"line":138,"column":10},"end":{"line":138,"column":35}},"50":{"start":{"line":140,"column":71},"end":{"line":140,"column":102}},"51":{"start":{"line":141,"column":67},"end":{"line":141,"column":105}},"52":{"start":{"line":144,"column":6},"end":{"line":150,"column":8}},"53":{"start":{"line":157,"column":2},"end":{"line":172,"column":5}},"54":{"start":{"line":160,"column":6},"end":{"line":160,"column":66}},"55":{"start":{"line":160,"column":23},"end":{"line":160,"column":66}},"56":{"start":{"line":162,"column":30},"end":{"line":166,"column":50}},"57":{"start":{"line":168,"column":6},"end":{"line":168,"column":29}},"58":{"start":{"line":168,"column":17},"end":{"line":168,"column":29}},"59":{"start":{"line":169,"column":6},"end":{"line":169,"column":24}}},"fnMap":{"0":{"name":"toNumber","decl":{"start":{"line":11,"column":9},"end":{"line":11,"column":17}},"loc":{"start":{"line":11,"column":64},"end":{"line":15,"column":1}},"line":11},"1":{"name":"(anonymous_1)","decl":{"start":{"line":21,"column":21},"end":{"line":21,"column":22}},"loc":{"start":{"line":21,"column":43},"end":{"line":21,"column":84}},"line":21},"2":{"name":"(anonymous_2)","decl":{"start":{"line":22,"column":13},"end":{"line":22,"column":14}},"loc":{"start":{"line":22,"column":35},"end":{"line":22,"column":67}},"line":22},"3":{"name":"(anonymous_3)","decl":{"start":{"line":23,"column":11},"end":{"line":23,"column":12}},"loc":{"start":{"line":23,"column":31},"end":{"line":23,"column":59}},"line":23},"4":{"name":"useAOYStandings","decl":{"start":{"line":26,"column":16},"end":{"line":26,"column":31}},"loc":{"start":{"line":26,"column":34},"end":{"line":35,"column":1}},"line":26},"5":{"name":"(anonymous_5)","decl":{"start":{"line":29,"column":13},"end":{"line":29,"column":14}},"loc":{"start":{"line":29,"column":25},"end":{"line":33,"column":5}},"line":29},"6":{"name":"useTournaments","decl":{"start":{"line":37,"column":16},"end":{"line":37,"column":30}},"loc":{"start":{"line":37,"column":33},"end":{"line":46,"column":1}},"line":37},"7":{"name":"(anonymous_7)","decl":{"start":{"line":40,"column":13},"end":{"line":40,"column":14}},"loc":{"start":{"line":40,"column":25},"end":{"line":44,"column":5}},"line":40},"8":{"name":"useDashboard","decl":{"start":{"line":48,"column":16},"end":{"line":48,"column":28}},"loc":{"start":{"line":48,"column":61},"end":{"line":154,"column":1}},"line":48},"9":{"name":"(anonymous_9)","decl":{"start":{"line":51,"column":13},"end":{"line":51,"column":14}},"loc":{"start":{"line":51,"column":25},"end":{"line":151,"column":5}},"line":51},"10":{"name":"(anonymous_10)","decl":{"start":{"line":111,"column":47},"end":{"line":111,"column":48}},"loc":{"start":{"line":111,"column":72},"end":{"line":111,"column":99}},"line":111},"11":{"name":"(anonymous_11)","decl":{"start":{"line":134,"column":45},"end":{"line":134,"column":46}},"loc":{"start":{"line":134,"column":77},"end":{"line":139,"column":9}},"line":134},"12":{"name":"(anonymous_12)","decl":{"start":{"line":140,"column":46},"end":{"line":140,"column":47}},"loc":{"start":{"line":140,"column":71},"end":{"line":140,"column":102}},"line":140},"13":{"name":"(anonymous_13)","decl":{"start":{"line":141,"column":42},"end":{"line":141,"column":43}},"loc":{"start":{"line":141,"column":67},"end":{"line":141,"column":105}},"line":141},"14":{"name":"useMemberResults","decl":{"start":{"line":156,"column":16},"end":{"line":156,"column":32}},"loc":{"start":{"line":156,"column":65},"end":{"line":173,"column":1}},"line":156},"15":{"name":"(anonymous_15)","decl":{"start":{"line":159,"column":13},"end":{"line":159,"column":14}},"loc":{"start":{"line":159,"column":25},"end":{"line":170,"column":5}},"line":159}},"branchMap":{"0":{"loc":{"start":{"line":11,"column":30},"end":{"line":11,"column":54}},"type":"default-arg","locations":[{"start":{"line":11,"column":53},"end":{"line":11,"column":54}}],"line":11},"1":{"loc":{"start":{"line":12,"column":2},"end":{"line":12,"column":41}},"type":"if","locations":[{"start":{"line":12,"column":2},"end":{"line":12,"column":41}},{"start":{},"end":{}}],"line":12},"2":{"loc":{"start":{"line":14,"column":9},"end":{"line":14,"column":46}},"type":"cond-expr","locations":[{"start":{"line":14,"column":30},"end":{"line":14,"column":31}},{"start":{"line":14,"column":34},"end":{"line":14,"column":46}}],"line":14},"3":{"loc":{"start":{"line":31,"column":6},"end":{"line":31,"column":29}},"type":"if","locations":[{"start":{"line":31,"column":6},"end":{"line":31,"column":29}},{"start":{},"end":{}}],"line":31},"4":{"loc":{"start":{"line":32,"column":14},"end":{"line":32,"column":24}},"type":"binary-expr","locations":[{"start":{"line":32,"column":14},"end":{"line":32,"column":18}},{"start":{"line":32,"column":22},"end":{"line":32,"column":24}}],"line":32},"5":{"loc":{"start":{"line":42,"column":6},"end":{"line":42,"column":29}},"type":"if","locations":[{"start":{"line":42,"column":6},"end":{"line":42,"column":29}},{"start":{},"end":{}}],"line":42},"6":{"loc":{"start":{"line":43,"column":14},"end":{"line":43,"column":24}},"type":"binary-expr","locations":[{"start":{"line":43,"column":14},"end":{"line":43,"column":18}},{"start":{"line":43,"column":22},"end":{"line":43,"column":24}}],"line":43},"7":{"loc":{"start":{"line":50,"column":34},"end":{"line":50,"column":50}},"type":"binary-expr","locations":[{"start":{"line":50,"column":34},"end":{"line":50,"column":44}},{"start":{"line":50,"column":48},"end":{"line":50,"column":50}}],"line":50},"8":{"loc":{"start":{"line":52,"column":6},"end":{"line":60,"column":7}},"type":"if","locations":[{"start":{"line":52,"column":6},"end":{"line":60,"column":7}},{"start":{},"end":{}}],"line":52},"9":{"loc":{"start":{"line":79,"column":6},"end":{"line":79,"column":37}},"type":"if","locations":[{"start":{"line":79,"column":6},"end":{"line":79,"column":37}},{"start":{},"end":{}}],"line":79},"10":{"loc":{"start":{"line":81,"column":29},"end":{"line":91,"column":14}},"type":"cond-expr","locations":[{"start":{"line":82,"column":10},"end":{"line":90,"column":11}},{"start":{"line":91,"column":10},"end":{"line":91,"column":14}}],"line":81},"11":{"loc":{"start":{"line":86,"column":19},"end":{"line":86,"column":73}},"type":"cond-expr","locations":[{"start":{"line":86,"column":43},"end":{"line":86,"column":66}},{"start":{"line":86,"column":69},"end":{"line":86,"column":73}}],"line":86},"12":{"loc":{"start":{"line":99,"column":6},"end":{"line":99,"column":35}},"type":"if","locations":[{"start":{"line":99,"column":6},"end":{"line":99,"column":35}},{"start":{},"end":{}}],"line":99},"13":{"loc":{"start":{"line":100,"column":22},"end":{"line":102,"column":14}},"type":"cond-expr","locations":[{"start":{"line":101,"column":10},"end":{"line":101,"column":103}},{"start":{"line":102,"column":10},"end":{"line":102,"column":14}}],"line":100},"14":{"loc":{"start":{"line":101,"column":22},"end":{"line":101,"column":45}},"type":"binary-expr","locations":[{"start":{"line":101,"column":22},"end":{"line":101,"column":37}},{"start":{"line":101,"column":41},"end":{"line":101,"column":45}}],"line":101},"15":{"loc":{"start":{"line":110,"column":6},"end":{"line":110,"column":45}},"type":"if","locations":[{"start":{"line":110,"column":6},"end":{"line":110,"column":45}},{"start":{},"end":{}}],"line":110},"16":{"loc":{"start":{"line":111,"column":20},"end":{"line":111,"column":38}},"type":"binary-expr","locations":[{"start":{"line":111,"column":20},"end":{"line":111,"column":32}},{"start":{"line":111,"column":36},"end":{"line":111,"column":38}}],"line":111},"17":{"loc":{"start":{"line":121,"column":6},"end":{"line":121,"column":37}},"type":"if","locations":[{"start":{"line":121,"column":6},"end":{"line":121,"column":37}},{"start":{},"end":{}}],"line":121},"18":{"loc":{"start":{"line":122,"column":29},"end":{"line":122,"column":142}},"type":"cond-expr","locations":[{"start":{"line":122,"column":39},"end":{"line":122,"column":135}},{"start":{"line":122,"column":138},"end":{"line":122,"column":142}}],"line":122},"19":{"loc":{"start":{"line":130,"column":6},"end":{"line":130,"column":39}},"type":"if","locations":[{"start":{"line":130,"column":6},"end":{"line":130,"column":39}},{"start":{},"end":{}}],"line":130},"20":{"loc":{"start":{"line":133,"column":21},"end":{"line":133,"column":43}},"type":"binary-expr","locations":[{"start":{"line":133,"column":21},"end":{"line":133,"column":38}},{"start":{"line":133,"column":42},"end":{"line":133,"column":43}}],"line":133},"21":{"loc":{"start":{"line":134,"column":21},"end":{"line":134,"column":36}},"type":"binary-expr","locations":[{"start":{"line":134,"column":21},"end":{"line":134,"column":30}},{"start":{"line":134,"column":34},"end":{"line":134,"column":36}}],"line":134},"22":{"loc":{"start":{"line":135,"column":20},"end":{"line":135,"column":72}},"type":"cond-expr","locations":[{"start":{"line":135,"column":38},"end":{"line":135,"column":65}},{"start":{"line":135,"column":68},"end":{"line":135,"column":72}}],"line":135},"23":{"loc":{"start":{"line":136,"column":10},"end":{"line":136,"column":36}},"type":"if","locations":[{"start":{"line":136,"column":10},"end":{"line":136,"column":36}},{"start":{},"end":{}}],"line":136},"24":{"loc":{"start":{"line":137,"column":10},"end":{"line":137,"column":36}},"type":"if","locations":[{"start":{"line":137,"column":10},"end":{"line":137,"column":36}},{"start":{},"end":{}}],"line":137},"25":{"loc":{"start":{"line":138,"column":17},"end":{"line":138,"column":34}},"type":"cond-expr","locations":[{"start":{"line":138,"column":27},"end":{"line":138,"column":28}},{"start":{"line":138,"column":31},"end":{"line":138,"column":34}}],"line":138},"26":{"loc":{"start":{"line":140,"column":22},"end":{"line":140,"column":37}},"type":"binary-expr","locations":[{"start":{"line":140,"column":22},"end":{"line":140,"column":31}},{"start":{"line":140,"column":35},"end":{"line":140,"column":37}}],"line":140},"27":{"loc":{"start":{"line":141,"column":18},"end":{"line":141,"column":33}},"type":"binary-expr","locations":[{"start":{"line":141,"column":18},"end":{"line":141,"column":27}},{"start":{"line":141,"column":31},"end":{"line":141,"column":33}}],"line":141},"28":{"loc":{"start":{"line":158,"column":42},"end":{"line":158,"column":58}},"type":"binary-expr","locations":[{"start":{"line":158,"column":42},"end":{"line":158,"column":52}},{"start":{"line":158,"column":56},"end":{"line":158,"column":58}}],"line":158},"29":{"loc":{"start":{"line":160,"column":6},"end":{"line":160,"column":66}},"type":"if","locations":[{"start":{"line":160,"column":6},"end":{"line":160,"column":66}},{"start":{},"end":{}}],"line":160},"30":{"loc":{"start":{"line":168,"column":6},"end":{"line":168,"column":29}},"type":"if","locations":[{"start":{"line":168,"column":6},"end":{"line":168,"column":29}},{"start":{},"end":{}}],"line":168},"31":{"loc":{"start":{"line":169,"column":13},"end":{"line":169,"column":23}},"type":"binary-expr","locations":[{"start":{"line":169,"column":13},"end":{"line":169,"column":17}},{"start":{"line":169,"column":21},"end":{"line":169,"column":23}}],"line":169}},"s":{"0":0,"1":0,"2":0,"3":0,"4":0,"5":0,"6":0,"7":0,"8":0,"9":0,"10":0,"11":0,"12":0,"13":0,"14":0,"15":0,"16":0,"17":0,"18":0,"19":0,"20":0,"21":0,"22":0,"23":0,"24":0,"25":0,"26":0,"27":0,"28":0,"29":0,"30":0,"31":0,"32":0,"33":0,"34":0,"35":0,"36":0,"37":0,"38":0,"39":0,"40":0,"41":0,"42":0,"43":0,"44":0,"45":0,"46":0,"47":0,"48":0,"49":0,"50":0,"51":0,"52":0,"53":0,"54":0,"55":0,"56":0,"57":0,"58":0,"59":0},"f":{"0":0,"1":0,"2":0,"3":0,"4":0,"5":0,"6":0,"7":0,"8":0,"9":0,"10":0,"11":0,"12":0,"13":0,"14":0,"15":0},"b":{"0":[0],"1":[0,0],"2":[0,0],"3":[0,0],"4":[0,0],"5":[0,0],"6":[0,0],"7":[0,0],"8":[0,0],"9":[0,0],"10":[0,0],"11":[0,0],"12":[0,0],"13":[0,0],"14":[0,0],"15":[0,0],"16":[0,0],"17":[0,0],"18":[0,0],"19":[0,0],"20":[0,0],"21":[0,0],"22":[0,0],"23":[0,0],"24":[0,0],"25":[0,0],"26":[0,0],"27":[0,0],"28":[0,0],"29":[0,0],"30":[0,0],"31":[0,0]}}
,"/home/bassin/Trophy-Cast-MVP-v2-1/lib/types/club.ts": {"path":"/home/bassin/Trophy-Cast-MVP-v2-1/lib/types/club.ts","statementMap":{"0":{"start":{"line":43,"column":55},"end":{"line":64,"column":1}}},"fnMap":{},"branchMap":{},"s":{"0":0},"f":{},"b":{}}
,"/home/bassin/Trophy-Cast-MVP-v2-1/screens/AOYScreen.tsx": {"path":"/home/bassin/Trophy-Cast-MVP-v2-1/screens/AOYScreen.tsx","statementMap":{"0":{"start":{"line":15,"column":76},"end":{"line":15,"column":93}},"1":{"start":{"line":17,"column":24},"end":{"line":19,"column":3}},"2":{"start":{"line":18,"column":4},"end":{"line":18,"column":14}},"3":{"start":{"line":21,"column":29},"end":{"line":50,"column":3}},"4":{"start":{"line":22,"column":4},"end":{"line":49,"column":11}},"5":{"start":{"line":52,"column":27},"end":{"line":60,"column":3}},"6":{"start":{"line":53,"column":4},"end":{"line":59,"column":6}},"7":{"start":{"line":62,"column":2},"end":{"line":69,"column":3}},"8":{"start":{"line":63,"column":4},"end":{"line":68,"column":6}},"9":{"start":{"line":71,"column":2},"end":{"line":90,"column":4}},"10":{"start":{"line":81,"column":32},"end":{"line":81,"column":46}},"11":{"start":{"line":93,"column":15},"end":{"line":207,"column":2}}},"fnMap":{"0":{"name":"AOYScreen","decl":{"start":{"line":14,"column":24},"end":{"line":14,"column":33}},"loc":{"start":{"line":14,"column":36},"end":{"line":91,"column":1}},"line":14},"1":{"name":"(anonymous_1)","decl":{"start":{"line":17,"column":24},"end":{"line":17,"column":25}},"loc":{"start":{"line":17,"column":30},"end":{"line":19,"column":3}},"line":17},"2":{"name":"(anonymous_2)","decl":{"start":{"line":21,"column":29},"end":{"line":21,"column":30}},"loc":{"start":{"line":22,"column":4},"end":{"line":49,"column":11}},"line":22},"3":{"name":"(anonymous_3)","decl":{"start":{"line":52,"column":27},"end":{"line":52,"column":28}},"loc":{"start":{"line":53,"column":4},"end":{"line":59,"column":6}},"line":53},"4":{"name":"(anonymous_4)","decl":{"start":{"line":81,"column":22},"end":{"line":81,"column":23}},"loc":{"start":{"line":81,"column":32},"end":{"line":81,"column":46}},"line":81}},"branchMap":{"0":{"loc":{"start":{"line":15,"column":16},"end":{"line":15,"column":30}},"type":"default-arg","locations":[{"start":{"line":15,"column":28},"end":{"line":15,"column":30}}],"line":15},"1":{"loc":{"start":{"line":25,"column":11},"end":{"line":25,"column":54}},"type":"cond-expr","locations":[{"start":{"line":25,"column":27},"end":{"line":25,"column":46}},{"start":{"line":25,"column":49},"end":{"line":25,"column":54}}],"line":25},"2":{"loc":{"start":{"line":31,"column":11},"end":{"line":31,"column":47}},"type":"binary-expr","locations":[{"start":{"line":31,"column":11},"end":{"line":31,"column":27}},{"start":{"line":31,"column":31},"end":{"line":31,"column":47}}],"line":31},"3":{"loc":{"start":{"line":34,"column":9},"end":{"line":38,"column":9}},"type":"binary-expr","locations":[{"start":{"line":34,"column":9},"end":{"line":34,"column":27}},{"start":{"line":35,"column":10},"end":{"line":37,"column":17}}],"line":34},"4":{"loc":{"start":{"line":43,"column":11},"end":{"line":43,"column":84}},"type":"cond-expr","locations":[{"start":{"line":43,"column":44},"end":{"line":43,"column":74}},{"start":{"line":43,"column":77},"end":{"line":43,"column":84}}],"line":43},"5":{"loc":{"start":{"line":45,"column":9},"end":{"line":47,"column":9}},"type":"binary-expr","locations":[{"start":{"line":45,"column":9},"end":{"line":45,"column":25}},{"start":{"line":46,"column":10},"end":{"line":46,"column":67}}],"line":45},"6":{"loc":{"start":{"line":62,"column":2},"end":{"line":69,"column":3}},"type":"if","locations":[{"start":{"line":62,"column":2},"end":{"line":69,"column":3}},{"start":{},"end":{}}],"line":62},"7":{"loc":{"start":{"line":62,"column":6},"end":{"line":62,"column":36}},"type":"binary-expr","locations":[{"start":{"line":62,"column":6},"end":{"line":62,"column":15}},{"start":{"line":62,"column":19},"end":{"line":62,"column":36}}],"line":62},"8":{"loc":{"start":{"line":87,"column":31},"end":{"line":87,"column":86}},"type":"cond-expr","locations":[{"start":{"line":87,"column":56},"end":{"line":87,"column":72}},{"start":{"line":87,"column":75},"end":{"line":87,"column":86}}],"line":87}},"s":{"0":0,"1":0,"2":0,"3":0,"4":0,"5":0,"6":0,"7":0,"8":0,"9":0,"10":0,"11":0},"f":{"0":0,"1":0,"2":0,"3":0,"4":0},"b":{"0":[0],"1":[0,0],"2":[0,0],"3":[0,0],"4":[0,0],"5":[0,0],"6":[0,0],"7":[0,0],"8":[0,0]}}
,"/home/bassin/Trophy-Cast-MVP-v2-1/screens/ClubScreen.tsx": {"path":"/home/bassin/Trophy-Cast-MVP-v2-1/screens/ClubScreen.tsx","statementMap":{"0":{"start":{"line":9,"column":17},"end":{"line":30,"column":1}},"1":{"start":{"line":32,"column":19},"end":{"line":118,"column":1}},"2":{"start":{"line":33,"column":21},"end":{"line":33,"column":68}},"3":{"start":{"line":34,"column":36},"end":{"line":34,"column":57}},"4":{"start":{"line":36,"column":2},"end":{"line":49,"column":3}},"5":{"start":{"line":37,"column":4},"end":{"line":48,"column":6}},"6":{"start":{"line":41,"column":25},"end":{"line":41,"column":44}},"7":{"start":{"line":51,"column":2},"end":{"line":117,"column":4}},"8":{"start":{"line":63,"column":25},"end":{"line":63,"column":43}},"9":{"start":{"line":71,"column":25},"end":{"line":71,"column":59}},"10":{"start":{"line":79,"column":25},"end":{"line":79,"column":51}},"11":{"start":{"line":98,"column":10},"end":{"line":104,"column":17}},"12":{"start":{"line":120,"column":15},"end":{"line":231,"column":2}}},"fnMap":{"0":{"name":"(anonymous_0)","decl":{"start":{"line":32,"column":19},"end":{"line":32,"column":20}},"loc":{"start":{"line":32,"column":25},"end":{"line":118,"column":1}},"line":32},"1":{"name":"(anonymous_1)","decl":{"start":{"line":41,"column":19},"end":{"line":41,"column":20}},"loc":{"start":{"line":41,"column":25},"end":{"line":41,"column":44}},"line":41},"2":{"name":"(anonymous_2)","decl":{"start":{"line":63,"column":19},"end":{"line":63,"column":20}},"loc":{"start":{"line":63,"column":25},"end":{"line":63,"column":43}},"line":63},"3":{"name":"(anonymous_3)","decl":{"start":{"line":71,"column":19},"end":{"line":71,"column":20}},"loc":{"start":{"line":71,"column":25},"end":{"line":71,"column":59}},"line":71},"4":{"name":"(anonymous_4)","decl":{"start":{"line":79,"column":19},"end":{"line":79,"column":20}},"loc":{"start":{"line":79,"column":25},"end":{"line":79,"column":51}},"line":79},"5":{"name":"(anonymous_5)","decl":{"start":{"line":97,"column":22},"end":{"line":97,"column":23}},"loc":{"start":{"line":98,"column":10},"end":{"line":104,"column":17}},"line":98}},"branchMap":{"0":{"loc":{"start":{"line":36,"column":2},"end":{"line":49,"column":3}},"type":"if","locations":[{"start":{"line":36,"column":2},"end":{"line":49,"column":3}},{"start":{},"end":{}}],"line":36},"1":{"loc":{"start":{"line":100,"column":46},"end":{"line":100,"column":67}},"type":"binary-expr","locations":[{"start":{"line":100,"column":46},"end":{"line":100,"column":58}},{"start":{"line":100,"column":62},"end":{"line":100,"column":67}}],"line":100},"2":{"loc":{"start":{"line":101,"column":13},"end":{"line":103,"column":13}},"type":"binary-expr","locations":[{"start":{"line":101,"column":13},"end":{"line":101,"column":26}},{"start":{"line":102,"column":14},"end":{"line":102,"column":72}}],"line":101}},"s":{"0":0,"1":0,"2":0,"3":0,"4":0,"5":0,"6":0,"7":0,"8":0,"9":0,"10":0,"11":0,"12":0},"f":{"0":0,"1":0,"2":0,"3":0,"4":0,"5":0},"b":{"0":[0,0],"1":[0,0],"2":[0,0]}}
,"/home/bassin/Trophy-Cast-MVP-v2-1/screens/HomeScreen.tsx": {"path":"/home/bassin/Trophy-Cast-MVP-v2-1/screens/HomeScreen.tsx","statementMap":{"0":{"start":{"line":32,"column":2},"end":{"line":32,"column":41}},"1":{"start":{"line":34,"column":28},"end":{"line":34,"column":37}},"2":{"start":{"line":35,"column":2},"end":{"line":35,"column":83}},"3":{"start":{"line":38,"column":71},"end":{"line":38,"column":105}},"4":{"start":{"line":40,"column":2},"end":{"line":45,"column":5}},"5":{"start":{"line":48,"column":2},"end":{"line":48,"column":44}},"6":{"start":{"line":49,"column":2},"end":{"line":49,"column":35}},"7":{"start":{"line":50,"column":2},"end":{"line":50,"column":52}},"8":{"start":{"line":51,"column":2},"end":{"line":51,"column":48}},"9":{"start":{"line":52,"column":2},"end":{"line":52,"column":43}},"10":{"start":{"line":53,"column":2},"end":{"line":53,"column":31}},"11":{"start":{"line":54,"column":2},"end":{"line":54,"column":21}},"12":{"start":{"line":57,"column":25},"end":{"line":57,"column":58}},"13":{"start":{"line":58,"column":14},"end":{"line":58,"column":40}},"14":{"start":{"line":59,"column":19},"end":{"line":59,"column":43}},"15":{"start":{"line":60,"column":25},"end":{"line":60,"column":58}},"16":{"start":{"line":61,"column":22},"end":{"line":61,"column":112}},"17":{"start":{"line":63,"column":25},"end":{"line":63,"column":46}},"18":{"start":{"line":65,"column":20},"end":{"line":67,"column":3}},"19":{"start":{"line":66,"column":4},"end":{"line":66,"column":14}},"20":{"start":{"line":70,"column":26},"end":{"line":72,"column":3}},"21":{"start":{"line":71,"column":4},"end":{"line":71,"column":90}},"22":{"start":{"line":75,"column":2},"end":{"line":84,"column":3}},"23":{"start":{"line":76,"column":4},"end":{"line":83,"column":6}},"24":{"start":{"line":87,"column":2},"end":{"line":97,"column":3}},"25":{"start":{"line":88,"column":4},"end":{"line":96,"column":6}},"26":{"start":{"line":92,"column":41},"end":{"line":92,"column":50}},"27":{"start":{"line":102,"column":2},"end":{"line":122,"column":3}},"28":{"start":{"line":103,"column":4},"end":{"line":121,"column":6}},"29":{"start":{"line":116,"column":43},"end":{"line":116,"column":52}},"30":{"start":{"line":124,"column":2},"end":{"line":208,"column":4}},"31":{"start":{"line":211,"column":15},"end":{"line":320,"column":2}}},"fnMap":{"0":{"name":"HomeScreen","decl":{"start":{"line":31,"column":24},"end":{"line":31,"column":34}},"loc":{"start":{"line":31,"column":37},"end":{"line":209,"column":1}},"line":31},"1":{"name":"(anonymous_1)","decl":{"start":{"line":65,"column":20},"end":{"line":65,"column":21}},"loc":{"start":{"line":65,"column":26},"end":{"line":67,"column":3}},"line":65},"2":{"name":"(anonymous_2)","decl":{"start":{"line":70,"column":26},"end":{"line":70,"column":27}},"loc":{"start":{"line":70,"column":32},"end":{"line":72,"column":3}},"line":70},"3":{"name":"(anonymous_3)","decl":{"start":{"line":92,"column":35},"end":{"line":92,"column":36}},"loc":{"start":{"line":92,"column":41},"end":{"line":92,"column":50}},"line":92},"4":{"name":"(anonymous_4)","decl":{"start":{"line":116,"column":37},"end":{"line":116,"column":38}},"loc":{"start":{"line":116,"column":43},"end":{"line":116,"column":52}},"line":116}},"branchMap":{"0":{"loc":{"start":{"line":57,"column":25},"end":{"line":57,"column":58}},"type":"binary-expr","locations":[{"start":{"line":57,"column":25},"end":{"line":57,"column":50}},{"start":{"line":57,"column":54},"end":{"line":57,"column":58}}],"line":57},"1":{"loc":{"start":{"line":58,"column":14},"end":{"line":58,"column":40}},"type":"binary-expr","locations":[{"start":{"line":58,"column":14},"end":{"line":58,"column":32}},{"start":{"line":58,"column":36},"end":{"line":58,"column":40}}],"line":58},"2":{"loc":{"start":{"line":59,"column":19},"end":{"line":59,"column":43}},"type":"binary-expr","locations":[{"start":{"line":59,"column":19},"end":{"line":59,"column":38}},{"start":{"line":59,"column":42},"end":{"line":59,"column":43}}],"line":59},"3":{"loc":{"start":{"line":60,"column":25},"end":{"line":60,"column":58}},"type":"binary-expr","locations":[{"start":{"line":60,"column":25},"end":{"line":60,"column":50}},{"start":{"line":60,"column":54},"end":{"line":60,"column":58}}],"line":60},"4":{"loc":{"start":{"line":61,"column":22},"end":{"line":61,"column":112}},"type":"binary-expr","locations":[{"start":{"line":61,"column":22},"end":{"line":61,"column":44}},{"start":{"line":61,"column":48},"end":{"line":61,"column":112}}],"line":61},"5":{"loc":{"start":{"line":63,"column":25},"end":{"line":63,"column":46}},"type":"binary-expr","locations":[{"start":{"line":63,"column":25},"end":{"line":63,"column":41}},{"start":{"line":63,"column":
[...]
,"/home/bassin/Trophy-Cast-MVP-v2-1/screens/TournamentsScreen.tsx": {"path":"/home/bassin/Trophy-Cast-MVP-v2-1/screens/TournamentsScreen.tsx","statementMap":{"0":{"start":{"line":16,"column":78},"end":{"line":16,"column":94}},"1":{"start":{"line":18,"column":24},"end":{"line":20,"column":3}},"2":{"start":{"line":19,"column":4},"end":{"line":19,"column":14}},"3":{"start":{"line":22,"column":27},"end":{"line":57,"column":3}},"4":{"start":{"line":23,"column":4},"end":{"line":56,"column":11}},"5":{"start":{"line":59,"column":27},"end":{"line":67,"column":3}},"6":{"start":{"line":60,"column":4},"end":{"line":66,"column":6}},"7":{"start":{"line":69,"column":2},"end":{"line":81,"column":3}},"8":{"start":{"line":70,"column":4},"end":{"line":80,"column":6}},"9":{"start":{"line":83,"column":2},"end":{"line":102,"column":4}},"10":{"start":{"line":93,"column":32},"end":{"line":93,"column":45}},"11":{"start":{"line":105,"column":15},"end":{"line":298,"column":2}}},"fnMap":{"0":{"name":"TournamentsScreen","decl":{"start":{"line":15,"column":24},"end":{"line":15,"column":41}},"loc":{"start":{"line":15,"column":44},"end":{"line":103,"column":1}},"line":15},"1":{"name":"(anonymous_1)","decl":{"start":{"line":18,"column":24},"end":{"line":18,"column":25}},"loc":{"start":{"line":18,"column":30},"end":{"line":20,"column":3}},"line":18},"2":{"name":"(anonymous_2)","decl":{"start":{"line":22,"column":27},"end":{"line":22,"column":28}},"loc":{"start":{"line":23,"column":4},"end":{"line":56,"column":11}},"line":23},"3":{"name":"(anonymous_3)","decl":{"start":{"line":59,"column":27},"end":{"line":59,"column":28}},"loc":{"start":{"line":60,"column":4},"end":{"line":66,"column":6}},"line":60},"4":{"name":"(anonymous_4)","decl":{"start":{"line":93,"column":22},"end":{"line":93,"column":23}},"loc":{"start":{"line":93,"column":32},"end":{"line":93,"column":45}},"line":93}},"branchMap":{"0":{"loc":{"start":{"line":16,"column":16},"end":{"line":16,"column":32}},"type":"default-arg","locations":[{"start":{"line":16,"column":30},"end":{"line":16,"column":32}}],"line":16},"1":{"loc":{"start":{"line":26,"column":11},"end":{"line":26,"column":55}},"type":"binary-expr","locations":[{"start":{"line":26,"column":11},"end":{"line":26,"column":31}},{"start":{"line":26,"column":35},"end":{"line":26,"column":55}}],"line":26},"2":{"loc":{"start":{"line":30,"column":13},"end":{"line":30,"column":35}},"type":"binary-expr","locations":[{"start":{"line":30,"column":13},"end":{"line":30,"column":30}},{"start":{"line":30,"column":34},"end":{"line":30,"column":35}}],"line":30},"3":{"loc":{"start":{"line":39,"column":11},"end":{"line":39,"column":40}},"type":"binary-expr","locations":[{"start":{"line":39,"column":11},"end":{"line":39,"column":26}},{"start":{"line":39,"column":30},"end":{"line":39,"column":40}}],"line":39},"4":{"loc":{"start":{"line":46,"column":11},"end":{"line":46,"column":34}},"type":"binary-expr","locations":[{"start":{"line":46,"column":11},"end":{"line":46,"column":20}},{"start":{"line":46,"column":24},"end":{"line":46,"column":34}}],"line":46},"5":{"loc":{"start":{"line":50,"column":7},"end":{"line":55,"column":7}},"type":"binary-expr","locations":[{"start":{"line":50,"column":7},"end":{"line":50,"column":27}},{"start":{"line":51,"column":8},"end":{"line":54,"column":15}}],"line":50},"6":{"loc":{"start":{"line":69,"column":2},"end":{"line":81,"column":3}},"type":"if","locations":[{"start":{"line":69,"column":2},"end":{"line":81,"column":3}},{"start":{},"end":{}}],"line":69},"7":{"loc":{"start":{"line":69,"column":6},"end":{"line":69,"column":38}},"type":"binary-expr","locations":[{"start":{"line":69,"column":6},"end":{"line":69,"column":15}},{"start":{"line":69,"column":19},"end":{"line":69,"column":38}}],"line":69},"8":{"loc":{"start":{"line":99,"column":31},"end":{"line":99,"column":88}},"type":"cond-expr","locations":[{"start":{"line":99,"column":58},"end":{"line":99,"column":74}},{"start":{"line":99,"column":77},"end":{"line":99,"column":88}}],"line":99}},"s":{"0":0,"1":0,"2":0,"3":0,"4":0,"5":0,"6":0,"7":0,"8":0,"9":0,"10":0,"11":0},"f":{"0":0,"1":0,"2":0,"3":0,"4":0},"b":{"0":[0],"1":[0,0],"2":[0,0],"3":[0,0],"4":[0,0],"5":[0,0],"6":[0,0],"7":[0,0],"8":[0,0]}}
,"/home/bassin/Trophy-Cast-MVP-v2-1/screens/TournamentsScreen_new.tsx": {"path":"/home/bassin/Trophy-Cast-MVP-v2-1/screens/TournamentsScreen_new.tsx","statementMap":{"0":{"start":{"line":14,"column":40},"end":{"line":14,"column":71}},"1":{"start":{"line":15,"column":32},"end":{"line":15,"column":46}},"2":{"start":{"line":16,"column":38},"end":{"line":16,"column":53}},"3":{"start":{"line":17,"column":28},"end":{"line":17,"column":57}},"4":{"start":{"line":19,"column":26},"end":{"line":43,"column":3}},"5":{"start":{"line":20,"column":4},"end":{"line":42,"column":5}},"6":{"start":{"line":21,"column":6},"end":{"line":21,"column":48}},"7":{"start":{"line":22,"column":30},"end":{"line":22,"column":59}},"8":{"start":{"line":24,"column":6},"end":{"line":30,"column":7}},"9":{"start":{"line":25,"column":8},"end":{"line":25,"column":62}},"10":{"start":{"line":26,"column":29},"end":{"line":26,"column":93}},"11":{"start":{"line":27,"column":8},"end":{"line":27,"column":31}},"12":{"start":{"line":28,"column":8},"end":{"line":28,"column":76}},"13":{"start":{"line":29,"column":8},"end":{"line":29,"column":15}},"14":{"start":{"line":32,"column":6},"end":{"line":32,"column":74}},"15":{"start":{"line":33,"column":6},"end":{"line":33,"column":33}},"16":{"start":{"line":34,"column":6},"end":{"line":34,"column":21}},"17":{"start":{"line":36,"column":6},"end":{"line":36,"column":48}},"18":{"start":{"line":37,"column":6},"end":{"line":37,"column":45}},"19":{"start":{"line":38,"column":6},"end":{"line":38,"column":57}},"20":{"start":{"line":40,"column":6},"end":{"line":40,"column":24}},"21":{"start":{"line":41,"column":6},"end":{"line":41,"column":27}},"22":{"start":{"line":45,"column":2},"end":{"line":47,"column":9}},"23":{"start":{"line":46,"column":4},"end":{"line":46,"column":22}},"24":{"start":{"line":49,"column":24},"end":{"line":52,"column":3}},"25":{"start":{"line":50,"column":4},"end":{"line":50,"column":24}},"26":{"start":{"line":51,"column":4},"end":{"line":51,"column":22}},"27":{"start":{"line":54,"column":27},"end":{"line":89,"column":3}},"28":{"start":{"line":55,"column":4},"end":{"line":88,"column":11}},"29":{"start":{"line":91,"column":27},"end":{"line":98,"column":3}},"30":{"start":{"line":92,"column":4},"end":{"line":97,"column":11}},"31":{"start":{"line":100,"column":2},"end":{"line":107,"column":3}},"32":{"start":{"line":101,"column":4},"end":{"line":106,"column":6}},"33":{"start":{"line":109,"column":2},"end":{"line":128,"column":4}},"34":{"start":{"line":119,"column":32},"end":{"line":119,"column":45}},"35":{"start":{"line":131,"column":15},"end":{"line":324,"column":2}}},"fnMap":{"0":{"name":"TournamentsScreen","decl":{"start":{"line":13,"column":24},"end":{"line":13,"column":41}},"loc":{"start":{"line":13,"column":44},"end":{"line":129,"column":1}},"line":13},"1":{"name":"(anonymous_1)","decl":{"start":{"line":19,"column":26},"end":{"line":19,"column":27}},"loc":{"start":{"line":19,"column":38},"end":{"line":43,"column":3}},"line":19},"2":{"name":"(anonymous_2)","decl":{"start":{"line":45,"column":12},"end":{"line":45,"column":13}},"loc":{"start":{"line":45,"column":18},"end":{"line":47,"column":3}},"line":45},"3":{"name":"(anonymous_3)","decl":{"start":{"line":49,"column":24},"end":{"line":49,"column":25}},"loc":{"start":{"line":49,"column":30},"end":{"line":52,"column":3}},"line":49},"4":{"name":"(anonymous_4)","decl":{"start":{"line":54,"column":27},"end":{"line":54,"column":28}},"loc":{"start":{"line":55,"column":4},"end":{"line":88,"column":11}},"line":55},"5":{"name":"(anonymous_5)","decl":{"start":{"line":91,"column":27},"end":{"line":91,"column":28}},"loc":{"start":{"line":92,"column":4},"end":{"line":97,"column":11}},"line":92},"6":{"name":"(anonymous_6)","decl":{"start":{"line":119,"column":22},"end":{"line":119,"column":23}},"loc":{"start":{"line":119,"column":32},"end":{"line":119,"column":45}},"line":119}},"branchMap":{"0":{"loc":{"start":{"line":24,"column":6},"end":{"line":30,"column":7}},"type":"if","locations":[{"start":{"line":24,"column":6},"end":{"line":30,"column":7}},{"start":{},"end":{}}],"line":24},"1":{"loc":{"start":{"line":26,"column":29},"end":{"line":26,"column":93}},"type":"cond-expr","locations":[{"start":{"line":26,"column":57},"end":{"line":26,"column":62}},{"start":{"line":26,"column":65},"end":{"line":26,"column":93}}],"line":26},"2":{"loc":{"start":{"line":32,"column":44},"end":{"line":32,"column":61}},"type":"binary-expr","locations":[{"start":{"line":32,"column":44},"end":{"line":32,"column":56}},{"start":{"line":32,"column":60},"end":{"line":32,"column":61}}],"line":32},"3":{"loc":{"start":{"line":33,"column":21},"end":{"line":33,"column":31}},"type":"binary-expr","locations":[{"start":{"line":33,"column":21},"end":{"line":33,"column":25}},{"start":{"line":33,"column":29},"end":{"line":33,"column":31}}],"line":33},"4":{"loc":{"start":{"line":58,"column":11},"end":{"line":58,"column":55}},"type":"binary-expr","locations":[{"start":{"line":58,"column":11},"end":{"line":58,"column":31}},{"start":{"line":58,"column":35},"end":{"line":58,"column":55}}],"line":58},"5":{"loc":{"start":{"line":62,"column":13},"end":{"line":62,"column":35}},"type":"binary-expr","locations":[{"start":{"line":62,"column":13},"end":{"line":62,"column":30}},{"start":{"line":62,"column":34},"end":{"line":62,"column":35}}],"line":62},"6":{"loc":{"start":{"line":71,"column":11},"end":{"line":71,"column":40}},"type":"binary-expr","locations":[{"start":{"line":71,"column":11},"end":{"line":71,"column":26}},{"start":{"line":71,"column":30},"end":{"line":71,"column":40}}],"line":71},"7":{"loc":{"start":{"line":78,"column":11},"end":{"line":78,"column":34}},"type":"binary-expr","locations":[{"start":{"line":78,"column":11},"end":{"line":78,"column":20}},{"start":{"line":78,"column":24},"end":{"line":78,"column":34}}],"line":78},"8":{"loc":{"start":{"line":82,"column":7},"end":{"line":87,"column":7}},"type":"binary-expr","locations":[{"start":{"line":82,"column":7},"end":{"line":82,"column":27}},{"start":{"line":83,"column":8},"end":{"line":86,"column":15}}],"line":82},"9":{"loc":{"start":{"line":100,"column":2},"end":{"line":107,"column":3}},"type":"if","locations":[{"start":{"line":100,"column":2},"end":{"line":107,"column":3}},{"start":{},"end":{}}],"line":100},"10":{"loc":{"start":{"line":125,"column":31},"end":{"line":125,"column":88}},"type":"cond-expr","locations":[{"start":{"line":125,"column":58},"end":{"line":125,"column":74}},{"start":{"line":125,"column":77},"end":{"line":125,"column":88}}],"line":125}},"s":{"0":0,"1":0,"2":0,"3":0,"4":0,"5":0,"6":0,"7":0,"8":0,"9":0,"10":0,"11":0,"12":0,"13":0,"14":0,"15":0,"16":0,"17":0,"18":0,"19":0,"20":0,"21":0,"22":0,"23":0,"24":0,"25":0,"26":0,"27":0,"28":0,"29":0,"30":0,"31":0,"32":0,"33":0,"34":0,"35":0},"f":{"0":0,"1":0,"2":0,"3":0,"4":0,"5":0,"6":0},"b":{"0":[0,0],"1":[0,0],"2":[0,0],"3":[0,0],"4":[0,0],"5":[0,0],"6":[0,0],"7":[0,0],"8":[0,0],"9":[0,0],"10":[0,0]}}
,"/home/bassin/Trophy-Cast-MVP-v2-1/utils/animations.ts": {"path":"/home/bassin/Trophy-Cast-MVP-v2-1/utils/animations.ts","statementMap":{"0":{"start":{"line":8,"column":22},"end":{"line":14,"column":1}},"1":{"start":{"line":9,"column":2},"end":{"line":13,"column":13}},"2":{"start":{"line":21,"column":23},"end":{"line":27,"column":1}},"3":{"start":{"line":22,"column":2},"end":{"line":26,"column":13}},"4":{"start":{"line":34,"column":23},"end":{"line":41,"column":1}},"5":{"start":{"line":35,"column":2},"end":{"line":40,"column":13}},"6":{"start":{"line":49,"column":21},"end":{"line":56,"column":1}},"7":{"start":{"line":50,"column":2},"end":{"line":55,"column":13}},"8":{"start":{"line":64,"column":29},"end":{"line":79,"column":1}},"9":{"start":{"line":69,"column":27},"end":{"line":76,"column":3}},"10":{"start":{"line":70,"column":4},"end":{"line":75,"column":6}},"11":{"start":{"line":78,"column":2},"end":{"line":78,"column":46}},"12":{"start":{"line":85,"column":33},"end":{"line":87,"column":2}},"13":{"start":{"line":85,"column":69},"end":{"line":87,"column":1}},"14":{"start":{"line":94,"column":34},"end":{"line":107,"column":2}},"15":{"start":{"line":94,"column":85},"end":{"line":107,"column":1}},"16":{"start":{"line":113,"column":32},"end":{"line":115,"column":2}},"17":{"start":{"line":113,"column":68},"end":{"line":115,"column":1}}},"fnMap":{"0":{"name":"(anonymous_0)","decl":{"start":{"line":8,"column":22},"end":{"line":8,"column":23}},"loc":{"start":{"line":8,"column":73},"end":{"line":14,"column":1}},"line":8},"1":{"name":"(anonymous_1)","decl":{"start":{"line":21,"column":23},"end":{"line":21,"column":24}},"loc":{"start":{"line":21,"column":74},"end":{"line":27,"column":1}},"line":21},"2":{"name":"(anonymous_2)","decl":{"start":{"line":34,"column":23},"end":{"line":34,"column":24}},"loc":{"start":{"line":34,"column":74},"end":{"line":41,"column":1}},"line":34},"3":{"name":"(anonymous_3)","decl":{"start":{"line":49,"column":21},"end":{"line":49,"column":22}},"loc":{"start":{"line":49,"column":85},"end":{"line":56,"column":1}},"line":49},"4":{"name":"(anonymous_4)","decl":{"start":{"line":64,"column":29},"end":{"line":64,"column":30}},"loc":{"start":{"line":68,"column":5},"end":{"line":79,"column":1}},"line":68},"5":{"name":"(anonymous_5)","decl":{"start":{"line":69,"column":42},"end":{"line":69,"column":43}},"loc":{"start":{"line":70,"column":4},"end":{"line":75,"column":6}},"line":70},"6":{"name":"(anonymous_6)","decl":{"start":{"line":85,"column":33},"end":{"line":85,"column":34}},"loc":{"start":{"line":85,"column":69},"end":{"line":87,"column":1}},"line":85},"7":{"name":"(anonymous_7)","decl":{"start":{"line":94,"column":34},"end":{"line":94,"column":35}},"loc":{"start":{"line":94,"column":85},"end":{"line":107,"column":1}},"line":94},"8":{"name":"(anonymous_8)","decl":{"start":{"line":113,"column":32},"end":{"line":113,"column":33}},"loc":{"start":{"line":113,"column":68},"end":{"line":115,"column":1}},"line":113}},"branchMap":{"0":{"loc":{"start":{"line":8,"column":54},"end":{"line":8,"column":68}},"type":"default-arg","locations":[{"start":{"line":8,"column":65},"end":{"line":8,"column":68}}],"line":8},"1":{"loc":{"start":{"line":21,"column":55},"end":{"line":21,"column":69}},"type":"default-arg","locations":[{"start":{"line":21,"column":66},"end":{"line":21,"column":69}}],"line":21},"2":{"loc":{"start":{"line":34,"column":55},"end":{"line":34,"column":69}},"type":"default-arg","locations":[{"start":{"line":34,"column":66},"end":{"line":34,"column":69}}],"line":34},"3":{"loc":{"start":{"line":49,"column":53},"end":{"line":49,"column":64}},"type":"default-arg","locations":[{"start":{"line":49,"column":63},"end":{"line":49,"column":64}}],"line":49},"4":{"loc":{"start":{"line":49,"column":66},"end":{"line":49,"column":80}},"type":"default-arg","locations":[{"start":{"line":49,"column":77},"end":{"line":49,"column":80}}],"line":49},"5":{"loc":{"start":{"line":66,"column":2},"end":{"line":66,"column":16}},"type":"default-arg","locations":[{"start":{"line":66,"column":13},"end":{"line":66,"column":16}}],"line":66},"6":{"loc":{"start":{"line":67,"column":2},"end":{"line":67,"column":12}},"type":"default-arg","locations":[{"start":{"line":67,"column":10},"end":{"line":67,"column":12}}],"line":67},"7":{"loc":{"start":{"line":94,"column":66},"end":{"line":94,"column":79}},"type":"default-arg","locations":[{"start":{"line":94,"column":77},"end":{"line":94,"column":79}}],"line":94}},"s":{"0":0,"1":0,"2":0,"3":0,"4":0,"5":0,"6":0,"7":0,"8":0,"9":0,"10":0,"11":0,"12":0,"13":0,"14":0,"15":0,"16":0,"17":0},"f":{"0":0,"1":0,"2":0,"3":0,"4":0,"5":0,"6":0,"7":0,"8":0},"b":{"0":[0],"1":[0],"2":[0],"3":[0],"4":[0],"5":[0],"6":[0],"7":[0]}}
,"/home/bassin/Trophy-Cast-MVP-v2-1/utils/rulesLoader.ts": {"path":"/home/bassin/Trophy-Cast-MVP-v2-1/utils/rulesLoader.ts","statementMap":{"0":{"start":{"line":5,"column":2},"end":{"line":48,"column":3}},"1":{"start":{"line":7,"column":4},"end":{"line":44,"column":41}},"2":{"start":{"line":46,"column":4},"end":{"line":46,"column":49}},"3":{"start":{"line":47,"column":4},"end":{"line":47,"column":69}}},"fnMap":{"0":{"name":"loadTournamentRules","decl":{"start":{"line":4,"column":22},"end":{"line":4,"column":41}},"loc":{"start":{"line":4,"column":61},"end":{"line":49,"column":1}},"line":4}},"branchMap":{},"s":{"0":0,"1":0,"2":0,"3":0},"f":{"0":0},"b":{}}
,"/home/bassin/Trophy-Cast-MVP-v2-1/utils/toast.ts": {"path":"/home/bassin/Trophy-Cast-MVP-v2-1/utils/toast.ts","statementMap":{"0":{"start":{"line":16,"column":27},"end":{"line":25,"column":1}},"1":{"start":{"line":17,"column":2},"end":{"line":24,"column":5}},"2":{"start":{"line":35,"column":25},"end":{"line":44,"column":1}},"3":{"start":{"line":36,"column":2},"end":{"line":43,"column":5}},"4":{"start":{"line":54,"column":24},"end":{"line":63,"column":1}},"5":{"start":{"line":55,"column":2},"end":{"line":62,"column":5}},"6":{"start":{"line":73,"column":27},"end":{"line":82,"column":1}},"7":{"start":{"line":74,"column":2},"end":{"line":81,"column":5}},"8":{"start":{"line":87,"column":25},"end":{"line":89,"column":1}},"9":{"start":{"line":88,"column":2},"end":{"line":88,"column":15}}},"fnMap":{"0":{"name":"(anonymous_0)","decl":{"start":{"line":16,"column":27},"end":{"line":16,"column":28}},"loc":{"start":{"line":16,"column":64},"end":{"line":25,"column":1}},"line":16},"1":{"name":"(anonymous_1)","decl":{"start":{"line":35,"column":25},"end":{"line":35,"column":26}},"loc":{"start":{"line":35,"column":62},"end":{"line":44,"column":1}},"line":35},"2":{"name":"(anonymous_2)","decl":{"start":{"line":54,"column":24},"end":{"line":54,"column":25}},"loc":{"start":{"line":54,"column":61},"end":{"line":63,"column":1}},"line":54},"3":{"name":"(anonymous_3)","decl":{"start":{"line":73,"column":27},"end":{"line":73,"column":28}},"loc":{"start":{"line":73,"column":64},"end":{"line":82,"column":1}},"line":73},"4":{"name":"(anonymous_4)","decl":{"start":{"line":87,"column":25},"end":{"line":87,"column":26}},"loc":{"start":{"line":87,"column":31},"end":{"line":89,"column":1}},"line":87}},"branchMap":{},"s":{"0":1,"1":5,"2":1,"3":5,"4":1,"5":2,"6":1,"7":3,"8":1,"9":1},"f":{"0":5,"1":5,"2":2,"3":3,"4":1},"b":{},"_coverageSchema":"1a1c01bbd47fc00a2c39e90264f33305004495a9","hash":"16bf3c211f564fcc25f9d75c9429705daf8b366e"}
}
