{"C:\\Projects\\Trophy-Cast-MVP-v2\\components\\ErrorBoundary.tsx": {"path":"C:\\Projects\\Trophy-Cast-MVP-v2\\components\\ErrorBoundary.tsx","statementMap":{"0":{"start":{"line":26,"column":4},"end":{"line":26,"column":17}},"1":{"start":{"line":27,"column":4},"end":{"line":31,"column":6}},"2":{"start":{"line":36,"column":4},"end":{"line":36,"column":37}},"3":{"start":{"line":41,"column":4},"end":{"line":41,"column":70}},"4":{"start":{"line":44,"column":4},"end":{"line":48,"column":7}},"5":{"start":{"line":50,"column":4},"end":{"line":53,"column":7}},"6":{"start":{"line":56,"column":16},"end":{"line":62,"column":3}},"7":{"start":{"line":57,"column":4},"end":{"line":61,"column":7}},"8":{"start":{"line":64,"column":17},"end":{"line":69,"column":3}},"9":{"start":{"line":66,"column":4},"end":{"line":68,"column":5}},"10":{"start":{"line":67,"column":6},"end":{"line":67,"column":31}},"11":{"start":{"line":72,"column":4},"end":{"line":106,"column":5}},"12":{"start":{"line":73,"column":6},"end":{"line":105,"column":8}},"13":{"start":{"line":108,"column":4},"end":{"line":108,"column":31}},"14":{"start":{"line":112,"column":15},"end":{"line":197,"column":2}}},"fnMap":{"0":{"name":"(anonymous_0)","decl":{"start":{"line":25,"column":2},"end":{"line":25,"column":3}},"loc":{"start":{"line":25,"column":28},"end":{"line":32,"column":3}},"line":25},"1":{"name":"(anonymous_1)","decl":{"start":{"line":34,"column":2},"end":{"line":34,"column":3}},"loc":{"start":{"line":34,"column":64},"end":{"line":37,"column":3}},"line":34},"2":{"name":"(anonymous_2)","decl":{"start":{"line":39,"column":2},"end":{"line":39,"column":3}},"loc":{"start":{"line":39,"column":56},"end":{"line":54,"column":3}},"line":39},"3":{"name":"(anonymous_3)","decl":{"start":{"line":56,"column":16},"end":{"line":56,"column":17}},"loc":{"start":{"line":56,"column":22},"end":{"line":62,"column":3}},"line":56},"4":{"name":"(anonymous_4)","decl":{"start":{"line":64,"column":17},"end":{"line":64,"column":18}},"loc":{"start":{"line":64,"column":23},"end":{"line":69,"column":3}},"line":64},"5":{"name":"(anonymous_5)","decl":{"start":{"line":71,"column":2},"end":{"line":71,"column":3}},"loc":{"start":{"line":71,"column":11},"end":{"line":109,"column":3}},"line":71}},"branchMap":{"0":{"loc":{"start":{"line":66,"column":4},"end":{"line":68,"column":5}},"type":"if","locations":[{"start":{"line":66,"column":4},"end":{"line":68,"column":5}},{"start":{},"end":{}}],"line":66},"1":{"loc":{"start":{"line":72,"column":4},"end":{"line":106,"column":5}},"type":"if","locations":[{"start":{"line":72,"column":4},"end":{"line":106,"column":5}},{"start":{},"end":{}}],"line":72},"2":{"loc":{"start":{"line":92,"column":13},"end":{"line":102,"column":13}},"type":"binary-expr","locations":[{"start":{"line":92,"column":13},"end":{"line":92,"column":20}},{"start":{"line":92,"column":24},"end":{"line":92,"column":40}},{"start":{"line":93,"column":14},"end":{"line":101,"column":21}}],"line":92},"3":{"loc":{"start":{"line":96,"column":17},"end":{"line":100,"column":17}},"type":"binary-expr","locations":[{"start":{"line":96,"column":17},"end":{"line":96,"column":37}},{"start":{"line":97,"column":18},"end":{"line":99,"column":25}}],"line":96}},"s":{"0":0,"1":0,"2":0,"3":0,"4":0,"5":0,"6":0,"7":0,"8":0,"9":0,"10":0,"11":0,"12":0,"13":0,"14":0},"f":{"0":0,"1":0,"2":0,"3":0,"4":0,"5":0},"b":{"0":[0,0],"1":[0,0],"2":[0,0,0],"3":[0,0]}}
,"C:\\Projects\\Trophy-Cast-MVP-v2\\components\\OfficerCard.tsx": {"path":"C:\\Projects\\Trophy-Cast-MVP-v2\\components\\OfficerCard.tsx","statementMap":{"0":{"start":{"line":11,"column":48},"end":{"line":52,"column":1}},"1":{"start":{"line":12,"column":27},"end":{"line":16,"column":3}},"2":{"start":{"line":13,"column":4},"end":{"line":15,"column":5}},"3":{"start":{"line":14,"column":6},"end":{"line":14,"column":49}},"4":{"start":{"line":18,"column":27},"end":{"line":22,"column":3}},"5":{"start":{"line":19,"column":4},"end":{"line":21,"column":5}},"6":{"start":{"line":20,"column":6},"end":{"line":20,"column":46}},"7":{"start":{"line":24,"column":2},"end":{"line":51,"column":4}},"8":{"start":{"line":54,"column":15},"end":{"line":92,"column":2}}},"fnMap":{"0":{"name":"(anonymous_0)","decl":{"start":{"line":11,"column":48},"end":{"line":11,"column":49}},"loc":{"start":{"line":11,"column":65},"end":{"line":52,"column":1}},"line":11},"1":{"name":"(anonymous_1)","decl":{"start":{"line":12,"column":27},"end":{"line":12,"column":28}},"loc":{"start":{"line":12,"column":33},"end":{"line":16,"column":3}},"line":12},"2":{"name":"(anonymous_2)","decl":{"start":{"line":18,"column":27},"end":{"line":18,"column":28}},"loc":{"start":{"line":18,"column":33},"end":{"line":22,"column":3}},"line":18}},"branchMap":{"0":{"loc":{"start":{"line":13,"column":4},"end":{"line":15,"column":5}},"type":"if","locations":[{"start":{"line":13,"column":4},"end":{"line":15,"column":5}},{"start":{},"end":{}}],"line":13},"1":{"loc":{"start":{"line":19,"column":4},"end":{"line":21,"column":5}},"type":"if","locations":[{"start":{"line":19,"column":4},"end":{"line":21,"column":5}},{"start":{},"end":{}}],"line":19},"2":{"loc":{"start":{"line":29,"column":84},"end":{"line":29,"column":105}},"type":"binary-expr","locations":[{"start":{"line":29,"column":84},"end":{"line":29,"column":96}},{"start":{"line":29,"column":100},"end":{"line":29,"column":105}}],"line":29},"3":{"loc":{"start":{"line":34,"column":39},"end":{"line":34,"column":60}},"type":"binary-expr","locations":[{"start":{"line":34,"column":39},"end":{"line":34,"column":51}},{"start":{"line":34,"column":55},"end":{"line":34,"column":60}}],"line":34},"4":{"loc":{"start":{"line":38,"column":11},"end":{"line":42,"column":11}},"type":"binary-expr","locations":[{"start":{"line":38,"column":11},"end":{"line":38,"column":24}},{"start":{"line":39,"column":12},"end":{"line":41,"column":31}}],"line":38},"5":{"loc":{"start":{"line":43,"column":11},"end":{"line":47,"column":11}},"type":"binary-expr","locations":[{"start":{"line":43,"column":11},"end":{"line":43,"column":24}},{"start":{"line":44,"column":12},"end":{"line":46,"column":31}}],"line":43}},"s":{"0":0,"1":0,"2":0,"3":0,"4":0,"5":0,"6":0,"7":0,"8":0},"f":{"0":0,"1":0,"2":0},"b":{"0":[0,0],"1":[0,0],"2":[0,0],"3":[0,0],"4":[0,0],"5":[0,0]}}
,"C:\\Projects\\Trophy-Cast-MVP-v2\\components\\RulesDisplay.tsx": {"path":"C:\\Projects\\Trophy-Cast-MVP-v2\\components\\RulesDisplay.tsx","statementMap":{"0":{"start":{"line":10,"column":50},"end":{"line":59,"column":1}},"1":{"start":{"line":11,"column":32},"end":{"line":11,"column":62}},"2":{"start":{"line":13,"column":2},"end":{"line":19,"column":24}},"3":{"start":{"line":14,"column":4},"end":{"line":18,"column":5}},"4":{"start":{"line":15,"column":6},"end":{"line":15,"column":34}},"5":{"start":{"line":17,"column":6},"end":{"line":17,"column":18}},"6":{"start":{"line":21,"column":20},"end":{"line":29,"column":3}},"7":{"start":{"line":22,"column":4},"end":{"line":28,"column":5}},"8":{"start":{"line":23,"column":20},"end":{"line":23,"column":47}},"9":{"start":{"line":24,"column":6},"end":{"line":24,"column":24}},"10":{"start":{"line":26,"column":6},"end":{"line":26,"column":51}},"11":{"start":{"line":27,"column":6},"end":{"line":27,"column":78}},"12":{"start":{"line":31,"column":2},"end":{"line":58,"column":4}},"13":{"start":{"line":61,"column":15},"end":{"line":67,"column":2}}},"fnMap":{"0":{"name":"(anonymous_0)","decl":{"start":{"line":10,"column":50},"end":{"line":10,"column":51}},"loc":{"start":{"line":10,"column":75},"end":{"line":59,"column":1}},"line":10},"1":{"name":"(anonymous_1)","decl":{"start":{"line":13,"column":12},"end":{"line":13,"column":13}},"loc":{"start":{"line":13,"column":18},"end":{"line":19,"column":3}},"line":13},"2":{"name":"(anonymous_2)","decl":{"start":{"line":21,"column":20},"end":{"line":21,"column":21}},"loc":{"start":{"line":21,"column":32},"end":{"line":29,"column":3}},"line":21}},"branchMap":{"0":{"loc":{"start":{"line":14,"column":4},"end":{"line":18,"column":5}},"type":"if","locations":[{"start":{"line":14,"column":4},"end":{"line":18,"column":5}},{"start":{"line":16,"column":11},"end":{"line":18,"column":5}}],"line":14}},"s":{"0":0,"1":0,"2":0,"3":0,"4":0,"5":0,"6":0,"7":0,"8":0,"9":0,"10":0,"11":0,"12":0,"13":0},"f":{"0":0,"1":0,"2":0},"b":{"0":[0,0]}}
,"C:\\Projects\\Trophy-Cast-MVP-v2\\components\\Skeleton.tsx": {"path":"C:\\Projects\\Trophy-Cast-MVP-v2\\components\\Skeleton.tsx","statementMap":{"0":{"start":{"line":18,"column":49},"end":{"line":61,"column":1}},"1":{"start":{"line":24,"column":18},"end":{"line":24,"column":57}},"2":{"start":{"line":26,"column":2},"end":{"line":45,"column":16}},"3":{"start":{"line":27,"column":22},"end":{"line":40,"column":5}},"4":{"start":{"line":42,"column":4},"end":{"line":42,"column":22}},"5":{"start":{"line":44,"column":4},"end":{"line":44,"column":34}},"6":{"start":{"line":44,"column":17},"end":{"line":44,"column":33}},"7":{"start":{"line":47,"column":2},"end":{"line":60,"column":4}},"8":{"start":{"line":66,"column":38},"end":{"line":75,"column":1}},"9":{"start":{"line":67,"column":2},"end":{"line":74,"column":9}},"10":{"start":{"line":80,"column":58},"end":{"line":86,"column":1}},"11":{"start":{"line":81,"column":2},"end":{"line":85,"column":9}},"12":{"start":{"line":83,"column":6},"end":{"line":83,"column":34}},"13":{"start":{"line":91,"column":42},"end":{"line":98,"column":1}},"14":{"start":{"line":92,"column":2},"end":{"line":97,"column":9}},"15":{"start":{"line":103,"column":43},"end":{"line":129,"column":1}},"16":{"start":{"line":104,"column":2},"end":{"line":128,"column":9}},"17":{"start":{"line":131,"column":15},"end":{"line":183,"column":2}}},"fnMap":{"0":{"name":"(anonymous_0)","decl":{"start":{"line":18,"column":49},"end":{"line":18,"column":50}},"loc":{"start":{"line":23,"column":6},"end":{"line":61,"column":1}},"line":23},"1":{"name":"(anonymous_1)","decl":{"start":{"line":26,"column":12},"end":{"line":26,"column":13}},"loc":{"start":{"line":26,"column":18},"end":{"line":45,"column":3}},"line":26},"2":{"name":"(anonymous_2)","decl":{"start":{"line":44,"column":11},"end":{"line":44,"column":12}},"loc":{"start":{"line":44,"column":17},"end":{"line":44,"column":33}},"line":44},"3":{"name":"(anonymous_3)","decl":{"start":{"line":66,"column":38},"end":{"line":66,"column":39}},"loc":{"start":{"line":67,"column":2},"end":{"line":74,"column":9}},"line":67},"4":{"name":"(anonymous_4)","decl":{"start":{"line":80,"column":58},"end":{"line":80,"column":59}},"loc":{"start":{"line":81,"column":2},"end":{"line":85,"column":9}},"line":81},"5":{"name":"(anonymous_5)","decl":{"start":{"line":82,"column":39},"end":{"line":82,"column":40}},"loc":{"start":{"line":83,"column":6},"end":{"line":83,"column":34}},"line":83},"6":{"name":"(anonymous_6)","decl":{"start":{"line":91,"column":42},"end":{"line":91,"column":43}},"loc":{"start":{"line":92,"column":2},"end":{"line":97,"column":9}},"line":92},"7":{"name":"(anonymous_7)","decl":{"start":{"line":103,"column":43},"end":{"line":103,"column":44}},"loc":{"start":{"line":104,"column":2},"end":{"line":128,"column":9}},"line":104}},"branchMap":{"0":{"loc":{"start":{"line":19,"column":2},"end":{"line":19,"column":16}},"type":"default-arg","locations":[{"start":{"line":19,"column":10},"end":{"line":19,"column":16}}],"line":19},"1":{"loc":{"start":{"line":20,"column":2},"end":{"line":20,"column":13}},"type":"default-arg","locations":[{"start":{"line":20,"column":11},"end":{"line":20,"column":13}}],"line":20},"2":{"loc":{"start":{"line":21,"column":2},"end":{"line":21,"column":18}},"type":"default-arg","locations":[{"start":{"line":21,"column":17},"end":{"line":21,"column":18}}],"line":21},"3":{"loc":{"start":{"line":80,"column":61},"end":{"line":80,"column":70}},"type":"default-arg","locations":[{"start":{"line":80,"column":69},"end":{"line":80,"column":70}}],"line":80}},"s":{"0":0,"1":0,"2":0,"3":0,"4":0,"5":0,"6":0,"7":0,"8":0,"9":0,"10":0,"11":0,"12":0,"13":0,"14":0,"15":0,"16":0,"17":0},"f":{"0":0,"1":0,"2":0,"3":0,"4":0,"5":0,"6":0,"7":0},"b":{"0":[0],"1":[0],"2":[0],"3":[0]}}
,"C:\\Projects\\Trophy-Cast-MVP-v2\\lib\\AuthContext.tsx": {"path":"C:\\Projects\\Trophy-Cast-MVP-v2\\lib\\AuthContext.tsx","statementMap":{"0":{"start":{"line":24,"column":20},"end":{"line":24,"column":73}},"1":{"start":{"line":26,"column":28},"end":{"line":198,"column":1}},"2":{"start":{"line":27,"column":26},"end":{"line":27,"column":53}},"3":{"start":{"line":28,"column":32},"end":{"line":28,"column":62}},"4":{"start":{"line":29,"column":32},"end":{"line":29,"column":46}},"5":{"start":{"line":31,"column":2},"end":{"line":73,"column":9}},"6":{"start":{"line":33,"column":4},"end":{"line":52,"column":5}},"7":{"start":{"line":34,"column":23},"end":{"line":38,"column":15}},"8":{"start":{"line":40,"column":35},"end":{"line":46,"column":7}},"9":{"start":{"line":48,"column":6},"end":{"line":48,"column":24}},"10":{"start":{"line":49,"column":6},"end":{"line":49,"column":30}},"11":{"start":{"line":50,"column":6},"end":{"line":50,"column":24}},"12":{"start":{"line":51,"column":6},"end":{"line":51,"column":13}},"13":{"start":{"line":55,"column":4},"end":{"line":61,"column":7}},"14":{"start":{"line":56,"column":6},"end":{"line":56,"column":37}},"15":{"start":{"line":57,"column":6},"end":{"line":59,"column":7}},"16":{"start":{"line":58,"column":8},"end":{"line":58,"column":38}},"17":{"start":{"line":60,"column":6},"end":{"line":60,"column":24}},"18":{"start":{"line":63,"column":39},"end":{"line":70,"column":6}},"19":{"start":{"line":64,"column":6},"end":{"line":64,"column":37}},"20":{"start":{"line":65,"column":6},"end":{"line":69,"column":7}},"21":{"start":{"line":66,"column":8},"end":{"line":66,"column":38}},"22":{"start":{"line":68,"column":8},"end":{"line":68,"column":25}},"23":{"start":{"line":72,"column":4},"end":{"line":72,"column":44}},"24":{"start":{"line":72,"column":17},"end":{"line":72,"column":43}},"25":{"start":{"line":75,"column":23},"end":{"line":97,"column":3}},"26":{"start":{"line":76,"column":27},"end":{"line":80,"column":15}},"27":{"start":{"line":82,"column":4},"end":{"line":85,"column":5}},"28":{"start":{"line":83,"column":6},"end":{"line":83,"column":54}},"29":{"start":{"line":84,"column":6},"end":{"line":84,"column":13}},"30":{"start":{"line":87,"column":4},"end":{"line":87,"column":21}},"31":{"start":{"line":90,"column":4},"end":{"line":96,"column":5}},"32":{"start":{"line":91,"column":6},"end":{"line":95,"column":9}},"33":{"start":{"line":105,"column":17},"end":{"line":122,"column":3}},"34":{"start":{"line":106,"column":4},"end":{"line":121,"column":5}},"35":{"start":{"line":107,"column":30},"end":{"line":110,"column":8}},"36":{"start":{"line":113,"column":6},"end":{"line":116,"column":7}},"37":{"start":{"line":114,"column":8},"end":{"line":114,"column":27}},"38":{"start":{"line":115,"column":8},"end":{"line":115,"column":41}},"39":{"start":{"line":118,"column":6},"end":{"line":118,"column":23}},"40":{"start":{"line":120,"column":6},"end":{"line":120,"column":39}},"41":{"start":{"line":124,"column":17},"end":{"line":143,"column":3}},"42":{"start":{"line":125,"column":4},"end":{"line":142,"column":5}},"43":{"start":{"line":126,"column":30},"end":{"line":132,"column":8}},"44":{"start":{"line":135,"column":6},"end":{"line":137,"column":7}},"45":{"start":{"line":136,"column":8},"end":{"line":136,"column":27}},"46":{"start":{"line":139,"column":6},"end":{"line":139,"column":23}},"47":{"start":{"line":141,"column":6},"end":{"line":141,"column":39}},"48":{"start":{"line":145,"column":18},"end":{"line":151,"column":3}},"49":{"start":{"line":147,"column":4},"end":{"line":149,"column":5}},"50":{"start":{"line":148,"column":6},"end":{"line":148,"column":47}},"51":{"start":{"line":150,"column":4},"end":{"line":150,"column":34}},"52":{"start":{"line":162,"column":24},"end":{"line":185,"column":3}},"53":{"start":{"line":163,"column":4},"end":{"line":163,"column":68}},"54":{"start":{"line":163,"column":15},"end":{"line":163,"column":68}},"55":{"start":{"line":165,"column":4},"end":{"line":184,"column":5}},"56":{"start":{"line":166,"column":24},"end":{"line":175,"column":10}},"57":{"start":{"line":177,"column":6},"end":{"line":179,"column":7}},"58":{"start":{"line":178,"column":8},"end":{"line":178,"column":36}},"59":{"start":{"line":181,"column":6},"end":{"line":181,"column":23}},"60":{"start":{"line":183,"column":6},"end":{"line":183,"column":39}},"61":{"start":{"line":187,"column":16},"end":{"line":195,"column":3}},"62":{"start":{"line":197,"column":2},"end":{"line":197,"column":79}},"63":{"start":{"line":200,"column":23},"end":{"line":206,"column":1}},"64":{"start":{"line":201,"column":18},"end":{"line":201,"column":41}},"65":{"start":{"line":202,"column":2},"end":{"line":204,"column":3}},"66":{"start":{"line":203,"column":4},"end":{"line":203,"column":67}},"67":{"start":{"line":205,"column":2},"end":{"line":205,"column":17}}},"fnMap":{"0":{"name":"(anonymous_0)","decl":{"start":{"line":26,"column":28},"end":{"line":26,"column":29}},"loc":{"start":{"line":26,"column":77},"end":{"line":198,"column":1}},"line":26},"1":{"name":"(anonymous_1)","decl":{"start":{"line":31,"column":12},"end":{"line":31,"column":13}},"loc":{"start":{"line":31,"column":18},"end":{"line":73,"column":3}},"line":31},"2":{"name":"(anonymous_2)","decl":{"start":{"line":55,"column":36},"end":{"line":55,"column":37}},"loc":{"start":{"line":55,"column":63},"end":{"line":61,"column":5}},"line":55},"3":{"name":"(anonymous_3)","decl":{"start":{"line":63,"column":71},"end":{"line":63,"column":72}},"loc":{"start":{"line":63,"column":92},"end":{"line":70,"column":5}},"line":63},"4":{"name":"(anonymous_4)","decl":{"start":{"line":72,"column":11},"end":{"line":72,"column":12}},"loc":{"start":{"line":72,"column":17},"end":{"line":72,"column":43}},"line":72},"5":{"name":"(anonymous_5)","decl":{"start":{"line":75,"column":23},"end":{"line":75,"column":24}},"loc":{"start":{"line":75,"column":49},"end":{"line":97,"column":3}},"line":75},"6":{"name":"(anonymous_6)","decl":{"start":{"line":105,"column":17},"end":{"line":105,"column":18}},"loc":{"start":{"line":105,"column":60},"end":{"line":122,"column":3}},"line":105},"7":{"name":"(anonymous_7)","decl":{"start":{"line":124,"column":17},"end":{"line":124,"column":18}},"loc":{"start":{"line":124,"column":60},"end":{"line":143,"column":3}},"line":124},"8":{"name":"(anonymous_8)","decl":{"start":{"line":145,"column":18},"end":{"line":145,"column":19}},"loc":{"start":{"line":145,"column":30},"end":{"line":151,"column":3}},"line":145},"9":{"name":"(anonymous_9)","decl":{"start":{"line":162,"column":24},"end":{"line":162,"column":25}},"loc":{"start":{"line":162,"column":86},"end":{"line":185,"column":3}},"line":162},"10":{"name":"(anonymous_10)","decl":{"start":{"line":200,"column":23},"end":{"line":200,"column":24}},"loc":{"start":{"line":200,"column":29},"end":{"line":206,"column":1}},"line":200}},"branchMap":{"0":{"loc":{"start":{"line":33,"column":4},"end":{"line":52,"column":5}},"type":"if","locations":[{"start":{"line":33,"column":4},"end":{"line":52,"column":5}},{"start":{},"end":{}}],"line":33},"1":{"loc":{"start":{"line":33,"column":8},"end":{"line":33,"column":89}},"type":"binary-expr","locations":[{"start":{"line":33,"column":8},"end":{"line":33,"column":37}},{"start":{"line":33,"column":41},"end":{"line":33,"column":89}}],"line":33},"2":{"loc":{"start":{"line":56,"column":14},"end":{"line":56,"column":35}},"type":"binary-expr","locations":[{"start":{"line":56,"column":14},"end":{"line":56,"column":27}},{"start":{"line":56,"column":31},"end":{"line":56,"column":35}}],"line":56},"3":{"loc":{"start":{"line":57,"column":6},"end":{"line":59,"column":7}},"type":"if","locations":[{"start":{"line":57,"column":6},"end":{"line":59,"column":7}},{"start":{},"end":{}}],"line":57},"4":{"loc":{"start":{"line":64,"column":14},"end":{"line":64,"column":35}},"type":"binary-expr","locations":[{"start":{"line":64,"column":14},"end":{"line":64,"column":27}},{"start":{"line":64,"column":31},"end":{"line":64,"column":35}}],"line":64},"5":{"loc":{"start":{"line":65,"column":6},"end":{"line":69,"column":7}},"type":"if","locations":[{"start":{"line":65,"column":6},"end":{"line":69,"column":7}},{"start":{"line":67,"column":13},"end":{"line":69,"column":7}}],"line":65},"6":{"loc":{"start":{"line":82,"column":4},"end":{"line":85,"column":5}},"type":"if","locations":[{"start":{"line":82,"column":4},"end":{"line":85,"column":5}},{"start":{},"end":{}}],"line":82},"7":{"loc":{"start":{"line":90,"column":4},"end":{"line":96,"column":5}},"type":"if","locations":[{"start":{"line":90,"column":4},"end":{"line":96,"column":5}},{"start":{},"end":{}}],"line":90},"8":{"loc":{"start":{"line":93,"column":18},"end":{"line":93,"column":40}},"type":"binary-expr","locations":[{"start":{"line":93,"column":18},"end":{"line":93,"column":27}},{"start":{"line":93,"column":31},"end":{"line":93,"column":40}}],"line":93},"9":{"loc":{"start":{"line":113,"column":6},"end":{"line":116,"column":7}},"type":"if","locations":[{"start":{"line":113,"column":6},"end":{"line":116,"column":7}},{"start":{},"end":{}}],"line":113},"10":{"loc":{"start":{"line":113,"column":10},"end":{"line":113,"column":35}},"type":"binary-expr","locations":[{"start":{"line":113,"column":10},"end":{"line":113,"column":19}},{"start":{"line":113,"column":23},"end":{"line":113,"column":35}}],"line":113},"11":{"loc":{"start":{"line":135,"column":6},"end":{"line":137,"column":7}},"type":"if","locations":[{"start":{"line":135,"column":6},"end":{"line":137,"column":7}},{"start":{},"end":{}}],"line":135},"12":{"loc":{"start":{"line":135,"column":10},"end":{"line":135,"column":29}},"type":"binary-expr","locations":[{"start":{"line":135,"column":10},"end":{"line":135,"column":19}},{"start":{"line":135,"column":23},"end":{"line":135,"column":29}}],"line":135},"13":{"loc":{"start":{"line":147,"column":4},"end":{"line":149,"column":5}},"type":"if","locations":[{"start":{"line":147,"column":4},"end":{"line":149,"column":5}},{"start":{},"end":{}}],"line":147},"14":{"loc":{"start":{"line":163,"column":4},"end":{"line":163,"column":68}},"type":"if","locations":[{"start":{"line":163,"column":4},"end":{"line":163,"column":68}},{"start":{},"end":{}}],"line":163},"15":{"loc":{"start":{"line":177,"column":6},"end":{"line":179,"column":7}},"type":"if","locations":[{"start":{"line":177,"column":6},"end":{"line":179,"column":7}},{"start":{},"end":{}}],"line":177},"16":{"loc":{"start":{"line":202,"column":2},"end":{"line":204,"column":3}},"type":"if","locations":[{"start":{"line":202,"column":2},"end":{"line":204,"column":3}},{"start":{},"end":{}}],"line":202}},"s":{"0":1,"1":1,"2":4,"3":4,"4":4,"5":4,"6":2,"7":1,"8":1,"9":1,"10":1,"11":1,"12":1,"13":1,"14":1,"15":1,"16":0,"17":1,"18":1,"19":0,"20":0,"21":0,"22":0,"23":1,"24":1,"25":4,"26":0,"27":0,"28":0,"29":0,"30":0,"31":0,"32":0,"33":4,"34":0,"35":0,"36":0,"37":0,"38":0,"39":0,"40":0,"41":4,"42":0,"43":0,"44":0,"45":0,"46":0,"47":0,"48":4,"49":0,"50":0,"51":0,"52":4,"53":0,"54":0,"55":0,"56":0,"57":0,"58":0,"59":0,"60":0,"61":4,"62":4,"63":1,"64":4,"65":4,"66":0,"67":4},"f":{"0":4,"1":2,"2":1,"3":0,"4":1,"5":0,"6":0,"7":0,"8":0,"9":0,"10":4},"b":{"0":[1,1],"1":[2,2],"2":[1,1],"3":[0,1],"4":[0,0],"5":[0,0],"6":[0,0],"7":[0,0],"8":[0,0],"9":[0,0],"10":[0,0],"11":[0,0],"12":[0,0],"13":[0,0],"14":[0,0],"15":[0,0],"16":[0,4]},"_coverageSchema":"1a1c01bbd47fc00a2c39e90264f33305004495a9","hash":"371c543815e1f9aafa2a843f905695429ea2283f"}
,"C:\\Projects\\Trophy-Cast-MVP-v2\\lib\\sentry.ts": {"path":"C:\\Projects\\Trophy-Cast-MVP-v2\\lib\\sentry.ts","statementMap":{"0":{"start":{"line":17,"column":19},"end":{"line":17,"column":47}},"1":{"start":{"line":20,"column":0},"end":{"line":65,"column":1}},"2":{"start":{"line":21,"column":2},"end":{"line":60,"column":5}},"3":{"start":{"line":45,"column":6},"end":{"line":48,"column":7}},"4":{"start":{"line":46,"column":8},"end":{"line":46,"column":66}},"5":{"start":{"line":47,"column":8},"end":{"line":47,"column":20}},"6":{"start":{"line":58,"column":6},"end":{"line":58,"column":19}},"7":{"start":{"line":62,"column":2},"end":{"line":62,"column":57}},"8":{"start":{"line":64,"column":2},"end":{"line":64,"column":76}},"9":{"start":{"line":73,"column":2},"end":{"line":73,"column":51}},"10":{"start":{"line":75,"column":2},"end":{"line":79,"column":3}},"11":{"start":{"line":76,"column":4},"end":{"line":78,"column":7}},"12":{"start":{"line":88,"column":2},"end":{"line":88,"column":37}},"13":{"start":{"line":90,"column":2},"end":{"line":92,"column":3}},"14":{"start":{"line":91,"column":4},"end":{"line":91,"column":42}},"15":{"start":{"line":100,"column":2},"end":{"line":102,"column":3}},"16":{"start":{"line":101,"column":4},"end":{"line":101,"column":25}}},"fnMap":{"0":{"name":"(anonymous_0)","decl":{"start":{"line":43,"column":4},"end":{"line":43,"column":5}},"loc":{"start":{"line":43,"column":28},"end":{"line":59,"column":5}},"line":43},"1":{"name":"captureError","decl":{"start":{"line":72,"column":16},"end":{"line":72,"column":28}},"loc":{"start":{"line":72,"column":74},"end":{"line":80,"column":1}},"line":72},"2":{"name":"captureMessage","decl":{"start":{"line":87,"column":16},"end":{"line":87,"column":30}},"loc":{"start":{"line":87,"column":86},"end":{"line":93,"column":1}},"line":87},"3":{"name":"setUser","decl":{"start":{"line":99,"column":16},"end":{"line":99,"column":23}},"loc":{"start":{"line":99,"column":88},"end":{"line":103,"column":1}},"line":99}},"branchMap":{"0":{"loc":{"start":{"line":17,"column":19},"end":{"line":17,"column":47}},"type":"binary-expr","locations":[{"start":{"line":17,"column":19},"end":{"line":17,"column":41}},{"start":{"line":17,"column":45},"end":{"line":17,"column":47}}],"line":17},"1":{"loc":{"start":{"line":20,"column":0},"end":{"line":65,"column":1}},"type":"if","locations":[{"start":{"line":20,"column":0},"end":{"line":65,"column":1}},{"start":{"line":63,"column":7},"end":{"line":65,"column":1}}],"line":20},"2":{"loc":{"start":{"line":20,"column":4},"end":{"line":20,"column":26}},"type":"binary-expr","locations":[{"start":{"line":20,"column":4},"end":{"line":20,"column":14}},{"start":{"line":20,"column":18},"end":{"line":20,"column":26}}],"line":20},"3":{"loc":{"start":{"line":37,"column":17},"end":{"line":37,"column":55}},"type":"cond-expr","locations":[{"start":{"line":37,"column":27},"end":{"line":37,"column":40}},{"start":{"line":37,"column":43},"end":{"line":37,"column":55}}],"line":37},"4":{"loc":{"start":{"line":45,"column":6},"end":{"line":48,"column":7}},"type":"if","locations":[{"start":{"line":45,"column":6},"end":{"line":48,"column":7}},{"start":{},"end":{}}],"line":45},"5":{"loc":{"start":{"line":75,"column":2},"end":{"line":79,"column":3}},"type":"if","locations":[{"start":{"line":75,"column":2},"end":{"line":79,"column":3}},{"start":{},"end":{}}],"line":75},"6":{"loc":{"start":{"line":75,"column":6},"end":{"line":75,"column":28}},"type":"binary-expr","locations":[{"start":{"line":75,"column":6},"end":{"line":75,"column":14}},{"start":{"line":75,"column":18},"end":{"line":75,"column":28}}],"line":75},"7":{"loc":{"start":{"line":77,"column":16},"end":{"line":77,"column":57}},"type":"cond-expr","locations":[{"start":{"line":77,"column":26},"end":{"line":77,"column":45}},{"start":{"line":77,"column":48},"end":{"line":77,"column":57}}],"line":77},"8":{"loc":{"start":{"line":87,"column":48},"end":{"line":87,"column":84}},"type":"default-arg","locations":[{"start":{"line":87,"column":78},"end":{"line":87,"column":84}}],"line":87},"9":{"loc":{"start":{"line":90,"column":2},"end":{"line":92,"column":3}},"type":"if","locations":[{"start":{"line":90,"column":2},"end":{"line":92,"column":3}},{"start":{},"end":{}}],"line":90},"10":{"loc":{"start":{"line":90,"column":6},"end":{"line":90,"column":28}},"type":"binary-expr","locations":[{"start":{"line":90,"column":6},"end":{"line":90,"column":14}},{"start":{"line":90,"column":18},"end":{"line":90,"column":28}}],"line":90},"11":{"loc":{"start":{"line":100,"column":2},"end":{"line":102,"column":3}},"type":"if","locations":[{"start":{"line":100,"column":2},"end":{"line":102,"column":3}},{"start":{},"end":{}}],"line":100},"12":{"loc":{"start":{"line":100,"column":6},"end":{"line":100,"column":28}},"type":"binary-expr","locations":[{"start":{"line":100,"column":6},"end":{"line":100,"column":14}},{"start":{"line":100,"column":18},"end":{"line":100,"column":28}}],"line":100}},"s":{"0":0,"1":0,"2":0,"3":0,"4":0,"5":0,"6":0,"7":0,"8":0,"9":0,"10":0,"11":0,"12":0,"13":0,"14":0,"15":0,"16":0},"f":{"0":0,"1":0,"2":0,"3":0},"b":{"0":[0,0],"1":[0,0],"2":[0,0],"3":[0,0],"4":[0,0],"5":[0,0],"6":[0,0],"7":[0,0],"8":[0],"9":[0,0],"10":[0,0],"11":[0,0],"12":[0,0]}}
,"C:\\Projects\\Trophy-Cast-MVP-v2\\lib\\supabase.ts": {"path":"C:\\Projects\\Trophy-Cast-MVP-v2\\lib\\supabase.ts","statementMap":{"0":{"start":{"line":6,"column":20},"end":{"line":6,"column":62}},"1":{"start":{"line":7,"column":24},"end":{"line":7,"column":234}},"2":{"start":{"line":10,"column":29},"end":{"line":47,"column":1}},"3":{"start":{"line":11,"column":2},"end":{"line":46,"column":3}},"4":{"start":{"line":13,"column":4},"end":{"line":30,"column":6}},"5":{"start":{"line":15,"column":8},"end":{"line":17,"column":9}},"6":{"start":{"line":16,"column":10},"end":{"line":16,"column":43}},"7":{"start":{"line":18,"column":8},"end":{"line":18,"column":20}},"8":{"start":{"line":21,"column":8},"end":{"line":23,"column":9}},"9":{"start":{"line":22,"column":10},"end":{"line":22,"column":43}},"10":{"start":{"line":26,"column":8},"end":{"line":28,"column":9}},"11":{"start":{"line":27,"column":10},"end":{"line":27,"column":39}},"12":{"start":{"line":34,"column":47},"end":{"line":34,"column":49}},"13":{"start":{"line":35,"column":4},"end":{"line":45,"column":6}},"14":{"start":{"line":37,"column":8},"end":{"line":37,"column":36}},"15":{"start":{"line":40,"column":8},"end":{"line":40,"column":29}},"16":{"start":{"line":43,"column":8},"end":{"line":43,"column":28}},"17":{"start":{"line":50,"column":24},"end":{"line":59,"column":2}},"18":{"start":{"line":100,"column":33},"end":{"line":117,"column":1}},"19":{"start":{"line":101,"column":2},"end":{"line":116,"column":3}},"20":{"start":{"line":102,"column":28},"end":{"line":105,"column":64}},"21":{"start":{"line":107,"column":4},"end":{"line":110,"column":5}},"22":{"start":{"line":108,"column":6},"end":{"line":108,"column":60}},"23":{"start":{"line":109,"column":6},"end":{"line":109,"column":18}},"24":{"start":{"line":112,"column":4},"end":{"line":112,"column":45}},"25":{"start":{"line":114,"column":4},"end":{"line":114,"column":67}},"26":{"start":{"line":115,"column":4},"end":{"line":115,"column":36}},"27":{"start":{"line":119,"column":41},"end":{"line":137,"column":1}},"28":{"start":{"line":120,"column":2},"end":{"line":136,"column":3}},"29":{"start":{"line":121,"column":28},"end":{"line":125,"column":15}},"30":{"start":{"line":127,"column":4},"end":{"line":130,"column":5}},"31":{"start":{"line":128,"column":6},"end":{"line":128,"column":66}},"32":{"start":{"line":129,"column":6},"end":{"line":129,"column":18}},"33":{"start":{"line":132,"column":4},"end":{"line":132,"column":33}},"34":{"start":{"line":134,"column":4},"end":{"line":134,"column":73}},"35":{"start":{"line":135,"column":4},"end":{"line":135,"column":38}},"36":{"start":{"line":162,"column":37},"end":{"line":182,"column":1}},"37":{"start":{"line":163,"column":2},"end":{"line":181,"column":3}},"38":{"start":{"line":164,"column":4},"end":{"line":164,"column":52}},"39":{"start":{"line":166,"column":28},"end":{"line":169,"column":67}},"40":{"start":{"line":171,"column":4},"end":{"line":174,"column":5}},"41":{"start":{"line":172,"column":6},"end":{"line":172,"column":64}},"42":{"start":{"line":173,"column":6},"end":{"line":173,"column":18}},"43":{"start":{"line":176,"column":4},"end":{"line":176,"column":78}},"44":{"start":{"line":177,"column":4},"end":{"line":177,"column":45}},"45":{"start":{"line":179,"column":4},"end":{"line":179,"column":71}},"46":{"start":{"line":180,"column":4},"end":{"line":180,"column":36}},"47":{"start":{"line":184,"column":40},"end":{"line":202,"column":1}},"48":{"start":{"line":185,"column":2},"end":{"line":201,"column":3}},"49":{"start":{"line":186,"column":28},"end":{"line":190,"column":15}},"50":{"start":{"line":192,"column":4},"end":{"line":195,"column":5}},"51":{"start":{"line":193,"column":6},"end":{"line":193,"column":63}},"52":{"start":{"line":194,"column":6},"end":{"line":194,"column":18}},"53":{"start":{"line":197,"column":4},"end":{"line":197,"column":33}},"54":{"start":{"line":199,"column":4},"end":{"line":199,"column":70}},"55":{"start":{"line":200,"column":4},"end":{"line":200,"column":38}}},"fnMap":{"0":{"name":"(anonymous_0)","decl":{"start":{"line":10,"column":29},"end":{"line":10,"column":30}},"loc":{"start":{"line":10,"column":35},"end":{"line":47,"column":1}},"line":10},"1":{"name":"(anonymous_1)","decl":{"start":{"line":14,"column":15},"end":{"line":14,"column":16}},"loc":{"start":{"line":14,"column":32},"end":{"line":19,"column":7}},"line":14},"2":{"name":"(anonymous_2)","decl":{"start":{"line":20,"column":15},"end":{"line":20,"column":16}},"loc":{"start":{"line":20,"column":47},"end":{"line":24,"column":7}},"line":20},"3":{"name":"(anonymous_3)","decl":{"start":{"line":25,"column":18},"end":{"line":25,"column":19}},"loc":{"start":{"line":25,"column":35},"end":{"line":29,"column":7}},"line":25},"4":{"name":"(anonymous_4)","decl":{"start":{"line":36,"column":15},"end":{"line":36,"column":16}},"loc":{"start":{"line":36,"column":32},"end":{"line":38,"column":7}},"line":36},"5":{"name":"(anonymous_5)","decl":{"start":{"line":39,"column":15},"end":{"line":39,"column":16}},"loc":{"start":{"line":39,"column":47},"end":{"line":41,"column":7}},"line":39},"6":{"name":"(anonymous_6)","decl":{"start":{"line":42,"column":18},"end":{"line":42,"column":19}},"loc":{"start":{"line":42,"column":35},"end":{"line":44,"column":7}},"line":42},"7":{"name":"(anonymous_7)","decl":{"start":{"line":100,"column":33},"end":{"line":100,"column":34}},"loc":{"start":{"line":100,"column":45},"end":{"line":117,"column":1}},"line":100},"8":{"name":"(anonymous_8)","decl":{"start":{"line":119,"column":41},"end":{"line":119,"column":42}},"loc":{"start":{"line":119,"column":69},"end":{"line":137,"column":1}},"line":119},"9":{"name":"(anonymous_9)","decl":{"start":{"line":162,"column":37},"end":{"line":162,"column":38}},"loc":{"start":{"line":162,"column":49},"end":{"line":182,"column":1}},"line":162},"10":{"name":"(anonymous_10)","decl":{"start":{"line":184,"column":40},"end":{"line":184,"column":41}},"loc":{"start":{"line":184,"column":67},"end":{"line":202,"column":1}},"line":184}},"branchMap":{"0":{"loc":{"start":{"line":11,"column":2},"end":{"line":46,"column":3}},"type":"if","locations":[{"start":{"line":11,"column":2},"end":{"line":46,"column":3}},{"start":{"line":31,"column":9},"end":{"line":46,"column":3}}],"line":11},"1":{"loc":{"start":{"line":15,"column":8},"end":{"line":17,"column":9}},"type":"if","locations":[{"start":{"line":15,"column":8},"end":{"line":17,"column":9}},{"start":{},"end":{}}],"line":15},"2":{"loc":{"start":{"line":21,"column":8},"end":{"line":23,"column":9}},"type":"if","locations":[{"start":{"line":21,"column":8},"end":{"line":23,"column":9}},{"start":{},"end":{}}],"line":21},"3":{"loc":{"start":{"line":26,"column":8},"end":{"line":28,"column":9}},"type":"if","locations":[{"start":{"line":26,"column":8},"end":{"line":28,"column":9}},{"start":{},"end":{}}],"line":26},"4":{"loc":{"start":{"line":37,"column":15},"end":{"line":37,"column":35}},"type":"binary-expr","locations":[{"start":{"line":37,"column":15},"end":{"line":37,"column":27}},{"start":{"line":37,"column":31},"end":{"line":37,"column":35}}],"line":37},"5":{"loc":{"start":{"line":107,"column":4},"end":{"line":110,"column":5}},"type":"if","locations":[{"start":{"line":107,"column":4},"end":{"line":110,"column":5}},{"start":{},"end":{}}],"line":107},"6":{"loc":{"start":{"line":112,"column":19},"end":{"line":112,"column":29}},"type":"binary-expr","locations":[{"start":{"line":112,"column":19},"end":{"line":112,"column":23}},{"start":{"line":112,"column":27},"end":{"line":112,"column":29}}],"line":112},"7":{"loc":{"start":{"line":127,"column":4},"end":{"line":130,"column":5}},"type":"if","locations":[{"start":{"line":127,"column":4},"end":{"line":130,"column":5}},{"start":{},"end":{}}],"line":127},"8":{"loc":{"start":{"line":171,"column":4},"end":{"line":174,"column":5}},"type":"if","locations":[{"start":{"line":171,"column":4},"end":{"line":174,"column":5}},{"start":{},"end":{}}],"line":171},"9":{"loc":{"start":{"line":176,"column":48},"end":{"line":176,"column":65}},"type":"binary-expr","locations":[{"start":{"line":176,"column":48},"end":{"line":176,"column":60}},{"start":{"line":176,"column":64},"end":{"line":176,"column":65}}],"line":176},"10":{"loc":{"start":{"line":177,"column":19},"end":{"line":177,"column":29}},"type":"binary-expr","locations":[{"start":{"line":177,"column":19},"end":{"line":177,"column":23}},{"start":{"line":177,"column":27},"end":{"line":177,"column":29}}],"line":177},"11":{"loc":{"start":{"line":192,"column":4},"end":{"line":195,"column":5}},"type":"if","locations":[{"start":{"line":192,"column":4},"end":{"line":195,"column":5}},{"start":{},"end":{}}],"line":192}},"s":{"0":0,"1":0,"2":0,"3":0,"4":0,"5":0,"6":0,"7":0,"8":0,"9":0,"10":0,"11":0,"12":0,"13":0,"14":0,"15":0,"16":0,"17":0,"18":0,"19":0,"20":0,"21":0,"22":0,"23":0,"24":0,"25":0,"26":0,"27":0,"28":0,"29":0,"30":0,"31":0,"32":0,"33":0,"34":0,"35":0,"36":0,"37":0,"38":0,"39":0,"40":0,"41":0,"42":0,"43":0,"44":0,"45":0,"46":0,"47":0,"48":0,"49":0,"50":0,"51":0,"52":0,"53":0,"54":0,"55":0},"f":{"0":0,"1":0,"2":0,"3":0,"4":0,"5":0,"6":0,"7":0,"8":0,"9":0,"10":0},"b":{"0":[0,0],"1":[0,0],"2":[0,0],"3":[0,0],"4":[0,0],"5":[0,0],"6":[0,0],"7":[0,0],"8":[0,0],"9":[0,0],"10":[0,0],"11":[0,0]}}
,"C:\\Projects\\Trophy-Cast-MVP-v2\\lib\\supabaseTests.ts": {"path":"C:\\Projects\\Trophy-Cast-MVP-v2\\lib\\supabaseTests.ts","statementMap":{"0":{"start":{"line":4,"column":2},"end":{"line":35,"column":3}},"1":{"start":{"line":5,"column":4},"end":{"line":5,"column":53}},"2":{"start":{"line":8,"column":47},"end":{"line":8,"column":76}},"3":{"start":{"line":9,"column":4},"end":{"line":9,"column":76}},"4":{"start":{"line":10,"column":4},"end":{"line":10,"column":56}},"5":{"start":{"line":10,"column":18},"end":{"line":10,"column":56}},"6":{"start":{"line":13,"column":41},"end":{"line":15,"column":50}},"7":{"start":{"line":17,"column":4},"end":{"line":17,"column":77}},"8":{"start":{"line":18,"column":4},"end":{"line":18,"column":38}},"9":{"start":{"line":19,"column":4},"end":{"line":19,"column":62}},"10":{"start":{"line":19,"column":20},"end":{"line":19,"column":62}},"11":{"start":{"line":22,"column":57},"end":{"line":25,"column":44}},"12":{"start":{"line":27,"column":4},"end":{"line":27,"column":81}},"13":{"start":{"line":28,"column":4},"end":{"line":29,"column":68}},"14":{"start":{"line":28,"column":23},"end":{"line":28,"column":71}},"15":{"start":{"line":29,"column":9},"end":{"line":29,"column":68}},"16":{"start":{"line":31,"column":4},"end":{"line":31,"column":54}},"17":{"start":{"line":33,"column":4},"end":{"line":33,"column":52}},"18":{"start":{"line":34,"column":4},"end":{"line":34,"column":17}}},"fnMap":{"0":{"name":"testSupabaseConnection","decl":{"start":{"line":3,"column":22},"end":{"line":3,"column":44}},"loc":{"start":{"line":3,"column":47},"end":{"line":36,"column":1}},"line":3}},"branchMap":{"0":{"loc":{"start":{"line":9,"column":39},"end":{"line":9,"column":74}},"type":"cond-expr","locations":[{"start":{"line":9,"column":50},"end":{"line":9,"column":60}},{"start":{"line":9,"column":63},"end":{"line":9,"column":74}}],"line":9},"1":{"loc":{"start":{"line":10,"column":4},"end":{"line":10,"column":56}},"type":"if","locations":[{"start":{"line":10,"column":4},"end":{"line":10,"column":56}},{"start":{},"end":{}}],"line":10},"2":{"loc":{"start":{"line":17,"column":38},"end":{"line":17,"column":75}},"type":"cond-expr","locations":[{"start":{"line":17,"column":51},"end":{"line":17,"column":61}},{"start":{"line":17,"column":64},"end":{"line":17,"column":75}}],"line":17},"3":{"loc":{"start":{"line":19,"column":4},"end":{"line":19,"column":62}},"type":"if","locations":[{"start":{"line":19,"column":4},"end":{"line":19,"column":62}},{"start":{},"end":{}}],"line":19},"4":{"loc":{"start":{"line":27,"column":39},"end":{"line":27,"column":79}},"type":"cond-expr","locations":[{"start":{"line":27,"column":55},"end":{"line":27,"column":65}},{"start":{"line":27,"column":68},"end":{"line":27,"column":79}}],"line":27},"5":{"loc":{"start":{"line":28,"column":4},"end":{"line":29,"column":68}},"type":"if","locations":[{"start":{"line":28,"column":4},"end":{"line":29,"column":68}},{"start":{"line":29,"column":9},"end":{"line":29,"column":68}}],"line":28},"6":{"loc":{"start":{"line":29,"column":41},"end":{"line":29,"column":66}},"type":"binary-expr","locations":[{"start":{"line":29,"column":41},"end":{"line":29,"column":61}},{"start":{"line":29,"column":65},"end":{"line":29,"column":66}}],"line":29},"7":{"loc":{"start":{"line":31,"column":11},"end":{"line":31,"column":53}},"type":"binary-expr","locations":[{"start":{"line":31,"column":11},"end":{"line":31,"column":20}},{"start":{"line":31,"column":24},"end":{"line":31,"column":35}},{"start":{"line":31,"column":39},"end":{"line":31,"column":53}}],"line":31}},"s":{"0":0,"1":0,"2":0,"3":0,"4":0,"5":0,"6":0,"7":0,"8":0,"9":0,"10":0,"11":0,"12":0,"13":0,"14":0,"15":0,"16":0,"17":0,"18":0},"f":{"0":0},"b":{"0":[0,0],"1":[0,0],"2":[0,0],"3":[0,0],"4":[0,0],"5":[0,0],"6":[0,0],"7":[0,0,0]}}
,"C:\\Projects\\Trophy-Cast-MVP-v2\\lib\\testConnection.ts": {"path":"C:\\Projects\\Trophy-Cast-MVP-v2\\lib\\testConnection.ts","statementMap":{"0":{"start":{"line":4,"column":2},"end":{"line":37,"column":3}},"1":{"start":{"line":6,"column":4},"end":{"line":6,"column":53}},"2":{"start":{"line":8,"column":41},"end":{"line":12,"column":17}},"3":{"start":{"line":12,"column":22},"end":{"line":20,"column":5}},"4":{"start":{"line":13,"column":6},"end":{"line":13,"column":62}},"5":{"start":{"line":14,"column":6},"end":{"line":18,"column":9}},"6":{"start":{"line":19,"column":6},"end":{"line":19,"column":19}},"7":{"start":{"line":22,"column":4},"end":{"line":25,"column":5}},"8":{"start":{"line":23,"column":6},"end":{"line":23,"column":42}},"9":{"start":{"line":24,"column":6},"end":{"line":24,"column":19}},"10":{"start":{"line":27,"column":4},"end":{"line":31,"column":7}},"11":{"start":{"line":32,"column":4},"end":{"line":32,"column":16}},"12":{"start":{"line":35,"column":4},"end":{"line":35,"column":46}},"13":{"start":{"line":36,"column":4},"end":{"line":36,"column":17}}},"fnMap":{"0":{"name":"testConnection","decl":{"start":{"line":3,"column":22},"end":{"line":3,"column":36}},"loc":{"start":{"line":3,"column":39},"end":{"line":38,"column":1}},"line":3}},"branchMap":{"0":{"loc":{"start":{"line":12,"column":22},"end":{"line":20,"column":5}},"type":"if","locations":[{"start":{"line":12,"column":22},"end":{"line":20,"column":5}},{"start":{},"end":{}}],"line":12},"1":{"loc":{"start":{"line":22,"column":4},"end":{"line":25,"column":5}},"type":"if","locations":[{"start":{"line":22,"column":4},"end":{"line":25,"column":5}},{"start":{},"end":{}}],"line":22}},"s":{"0":0,"1":0,"2":0,"3":0,"4":0,"5":0,"6":0,"7":0,"8":0,"9":0,"10":0,"11":0,"12":0,"13":0},"f":{"0":0},"b":{"0":[0,0],"1":[0,0]}}
,"C:\\Projects\\Trophy-Cast-MVP-v2\\lib\\types\\club.ts": {"path":"C:\\Projects\\Trophy-Cast-MVP-v2\\lib\\types\\club.ts","statementMap":{"0":{"start":{"line":43,"column":55},"end":{"line":64,"column":1}}},"fnMap":{},"branchMap":{},"s":{"0":0},"f":{},"b":{}}
,"C:\\Projects\\Trophy-Cast-MVP-v2\\screens\\AOYScreen.tsx": {"path":"C:\\Projects\\Trophy-Cast-MVP-v2\\screens\\AOYScreen.tsx","statementMap":{"0":{"start":{"line":14,"column":36},"end":{"line":14,"column":67}},"1":{"start":{"line":15,"column":32},"end":{"line":15,"column":46}},"2":{"start":{"line":16,"column":38},"end":{"line":16,"column":53}},"3":{"start":{"line":17,"column":28},"end":{"line":17,"column":57}},"4":{"start":{"line":19,"column":27},"end":{"line":43,"column":3}},"5":{"start":{"line":20,"column":4},"end":{"line":42,"column":5}},"6":{"start":{"line":21,"column":6},"end":{"line":21,"column":50}},"7":{"start":{"line":22,"column":30},"end":{"line":22,"column":55}},"8":{"start":{"line":24,"column":6},"end":{"line":30,"column":7}},"9":{"start":{"line":25,"column":8},"end":{"line":25,"column":64}},"10":{"start":{"line":26,"column":29},"end":{"line":26,"column":91}},"11":{"start":{"line":27,"column":8},"end":{"line":27,"column":31}},"12":{"start":{"line":28,"column":8},"end":{"line":28,"column":78}},"13":{"start":{"line":29,"column":8},"end":{"line":29,"column":15}},"14":{"start":{"line":32,"column":6},"end":{"line":32,"column":76}},"15":{"start":{"line":33,"column":6},"end":{"line":33,"column":31}},"16":{"start":{"line":34,"column":6},"end":{"line":34,"column":21}},"17":{"start":{"line":36,"column":6},"end":{"line":36,"column":48}},"18":{"start":{"line":37,"column":6},"end":{"line":37,"column":43}},"19":{"start":{"line":38,"column":6},"end":{"line":38,"column":59}},"20":{"start":{"line":40,"column":6},"end":{"line":40,"column":24}},"21":{"start":{"line":41,"column":6},"end":{"line":41,"column":27}},"22":{"start":{"line":45,"column":2},"end":{"line":47,"column":9}},"23":{"start":{"line":46,"column":4},"end":{"line":46,"column":23}},"24":{"start":{"line":49,"column":24},"end":{"line":52,"column":3}},"25":{"start":{"line":50,"column":4},"end":{"line":50,"column":24}},"26":{"start":{"line":51,"column":4},"end":{"line":51,"column":23}},"27":{"start":{"line":54,"column":29},"end":{"line":83,"column":3}},"28":{"start":{"line":55,"column":4},"end":{"line":82,"column":11}},"29":{"start":{"line":85,"column":27},"end":{"line":92,"column":3}},"30":{"start":{"line":86,"column":4},"end":{"line":91,"column":11}},"31":{"start":{"line":94,"column":2},"end":{"line":101,"column":3}},"32":{"start":{"line":95,"column":4},"end":{"line":100,"column":6}},"33":{"start":{"line":103,"column":2},"end":{"line":122,"column":4}},"34":{"start":{"line":113,"column":32},"end":{"line":113,"column":46}},"35":{"start":{"line":125,"column":15},"end":{"line":239,"column":2}}},"fnMap":{"0":{"name":"AOYScreen","decl":{"start":{"line":13,"column":24},"end":{"line":13,"column":33}},"loc":{"start":{"line":13,"column":36},"end":{"line":123,"column":1}},"line":13},"1":{"name":"(anonymous_1)","decl":{"start":{"line":19,"column":27},"end":{"line":19,"column":28}},"loc":{"start":{"line":19,"column":39},"end":{"line":43,"column":3}},"line":19},"2":{"name":"(anonymous_2)","decl":{"start":{"line":45,"column":12},"end":{"line":45,"column":13}},"loc":{"start":{"line":45,"column":18},"end":{"line":47,"column":3}},"line":45},"3":{"name":"(anonymous_3)","decl":{"start":{"line":49,"column":24},"end":{"line":49,"column":25}},"loc":{"start":{"line":49,"column":30},"end":{"line":52,"column":3}},"line":49},"4":{"name":"(anonymous_4)","decl":{"start":{"line":54,"column":29},"end":{"line":54,"column":30}},"loc":{"start":{"line":55,"column":4},"end":{"line":82,"column":11}},"line":55},"5":{"name":"(anonymous_5)","decl":{"start":{"line":85,"column":27},"end":{"line":85,"column":28}},"loc":{"start":{"line":86,"column":4},"end":{"line":91,"column":11}},"line":86},"6":{"name":"(anonymous_6)","decl":{"start":{"line":113,"column":22},"end":{"line":113,"column":23}},"loc":{"start":{"line":113,"column":32},"end":{"line":113,"column":46}},"line":113}},"branchMap":{"0":{"loc":{"start":{"line":24,"column":6},"end":{"line":30,"column":7}},"type":"if","locations":[{"start":{"line":24,"column":6},"end":{"line":30,"column":7}},{"start":{},"end":{}}],"line":24},"1":{"loc":{"start":{"line":26,"column":29},"end":{"line":26,"column":91}},"type":"cond-expr","locations":[{"start":{"line":26,"column":57},"end":{"line":26,"column":62}},{"start":{"line":26,"column":65},"end":{"line":26,"column":91}}],"line":26},"2":{"loc":{"start":{"line":32,"column":46},"end":{"line":32,"column":63}},"type":"binary-expr","locations":[{"start":{"line":32,"column":46},"end":{"line":32,"column":58}},{"start":{"line":32,"column":62},"end":{"line":32,"column":63}}],"line":32},"3":{"loc":{"start":{"line":33,"column":19},"end":{"line":33,"column":29}},"type":"binary-expr","locations":[{"start":{"line":33,"column":19},"end":{"line":33,"column":23}},{"start":{"line":33,"column":27},"end":{"line":33,"column":29}}],"line":33},"4":{"loc":{"start":{"line":58,"column":11},"end":{"line":58,"column":54}},"type":"cond-expr","locations":[{"start":{"line":58,"column":27},"end":{"line":58,"column":46}},{"start":{"line":58,"column":49},"end":{"line":58,"column":54}}],"line":58},"5":{"loc":{"start":{"line":64,"column":11},"end":{"line":64,"column":47}},"type":"binary-expr","locations":[{"start":{"line":64,"column":11},"end":{"line":64,"column":27}},{"start":{"line":64,"column":31},"end":{"line":64,"column":47}}],"line":64},"6":{"loc":{"start":{"line":67,"column":9},"end":{"line":71,"column":9}},"type":"binary-expr","locations":[{"start":{"line":67,"column":9},"end":{"line":67,"column":27}},{"start":{"line":68,"column":10},"end":{"line":70,"column":17}}],"line":67},"7":{"loc":{"start":{"line":76,"column":11},"end":{"line":76,"column":84}},"type":"cond-expr","locations":[{"start":{"line":76,"column":44},"end":{"line":76,"column":74}},{"start":{"line":76,"column":77},"end":{"line":76,"column":84}}],"line":76},"8":{"loc":{"start":{"line":78,"column":9},"end":{"line":80,"column":9}},"type":"binary-expr","locations":[{"start":{"line":78,"column":9},"end":{"line":78,"column":25}},{"start":{"line":79,"column":10},"end":{"line":79,"column":67}}],"line":78},"9":{"loc":{"start":{"line":94,"column":2},"end":{"line":101,"column":3}},"type":"if","locations":[{"start":{"line":94,"column":2},"end":{"line":101,"column":3}},{"start":{},"end":{}}],"line":94},"10":{"loc":{"start":{"line":119,"column":31},"end":{"line":119,"column":86}},"type":"cond-expr","locations":[{"start":{"line":119,"column":56},"end":{"line":119,"column":72}},{"start":{"line":119,"column":75},"end":{"line":119,"column":86}}],"line":119}},"s":{"0":0,"1":0,"2":0,"3":0,"4":0,"5":0,"6":0,"7":0,"8":0,"9":0,"10":0,"11":0,"12":0,"13":0,"14":0,"15":0,"16":0,"17":0,"18":0,"19":0,"20":0,"21":0,"22":0,"23":0,"24":0,"25":0,"26":0,"27":0,"28":0,"29":0,"30":0,"31":0,"32":0,"33":0,"34":0,"35":0},"f":{"0":0,"1":0,"2":0,"3":0,"4":0,"5":0,"6":0},"b":{"0":[0,0],"1":[0,0],"2":[0,0],"3":[0,0],"4":[0,0],"5":[0,0],"6":[0,0],"7":[0,0],"8":[0,0],"9":[0,0],"10":[0,0]}}
,"C:\\Projects\\Trophy-Cast-MVP-v2\\screens\\ClubScreen.tsx": {"path":"C:\\Projects\\Trophy-Cast-MVP-v2\\screens\\ClubScreen.tsx","statementMap":{"0":{"start":{"line":10,"column":17},"end":{"line":31,"column":1}},"1":{"start":{"line":33,"column":19},"end":{"line":126,"column":1}},"2":{"start":{"line":34,"column":21},"end":{"line":34,"column":68}},"3":{"start":{"line":35,"column":36},"end":{"line":35,"column":57}},"4":{"start":{"line":37,"column":2},"end":{"line":50,"column":3}},"5":{"start":{"line":38,"column":4},"end":{"line":49,"column":6}},"6":{"start":{"line":42,"column":25},"end":{"line":42,"column":44}},"7":{"start":{"line":52,"column":2},"end":{"line":125,"column":4}},"8":{"start":{"line":64,"column":25},"end":{"line":64,"column":43}},"9":{"start":{"line":72,"column":25},"end":{"line":72,"column":59}},"10":{"start":{"line":80,"column":25},"end":{"line":80,"column":51}},"11":{"start":{"line":101,"column":10},"end":{"line":109,"column":17}},"12":{"start":{"line":117,"column":25},"end":{"line":117,"column":77}},"13":{"start":{"line":128,"column":15},"end":{"line":211,"column":2}}},"fnMap":{"0":{"name":"(anonymous_0)","decl":{"start":{"line":33,"column":19},"end":{"line":33,"column":20}},"loc":{"start":{"line":33,"column":25},"end":{"line":126,"column":1}},"line":33},"1":{"name":"(anonymous_1)","decl":{"start":{"line":42,"column":19},"end":{"line":42,"column":20}},"loc":{"start":{"line":42,"column":25},"end":{"line":42,"column":44}},"line":42},"2":{"name":"(anonymous_2)","decl":{"start":{"line":64,"column":19},"end":{"line":64,"column":20}},"loc":{"start":{"line":64,"column":25},"end":{"line":64,"column":43}},"line":64},"3":{"name":"(anonymous_3)","decl":{"start":{"line":72,"column":19},"end":{"line":72,"column":20}},"loc":{"start":{"line":72,"column":25},"end":{"line":72,"column":59}},"line":72},"4":{"name":"(anonymous_4)","decl":{"start":{"line":80,"column":19},"end":{"line":80,"column":20}},"loc":{"start":{"line":80,"column":25},"end":{"line":80,"column":51}},"line":80},"5":{"name":"(anonymous_5)","decl":{"start":{"line":100,"column":22},"end":{"line":100,"column":23}},"loc":{"start":{"line":101,"column":10},"end":{"line":109,"column":17}},"line":101},"6":{"name":"(anonymous_6)","decl":{"start":{"line":117,"column":19},"end":{"line":117,"column":20}},"loc":{"start":{"line":117,"column":25},"end":{"line":117,"column":77}},"line":117}},"branchMap":{"0":{"loc":{"start":{"line":37,"column":2},"end":{"line":50,"column":3}},"type":"if","locations":[{"start":{"line":37,"column":2},"end":{"line":50,"column":3}},{"start":{},"end":{}}],"line":37},"1":{"loc":{"start":{"line":106,"column":17},"end":{"line":106,"column":90}},"type":"binary-expr","locations":[{"start":{"line":106,"column":17},"end":{"line":106,"column":30}},{"start":{"line":106,"column":34},"end":{"line":106,"column":90}}],"line":106}},"s":{"0":0,"1":0,"2":0,"3":0,"4":0,"5":0,"6":0,"7":0,"8":0,"9":0,"10":0,"11":0,"12":0,"13":0},"f":{"0":0,"1":0,"2":0,"3":0,"4":0,"5":0,"6":0},"b":{"0":[0,0],"1":[0,0]}}
,"C:\\Projects\\Trophy-Cast-MVP-v2\\screens\\HomeScreen.tsx": {"path":"C:\\Projects\\Trophy-Cast-MVP-v2\\screens\\HomeScreen.tsx","statementMap":{"0":{"start":{"line":30,"column":28},"end":{"line":30,"column":37}},"1":{"start":{"line":31,"column":38},"end":{"line":31,"column":53}},"2":{"start":{"line":32,"column":32},"end":{"line":32,"column":46}},"3":{"start":{"line":33,"column":28},"end":{"line":33,"column":57}},"4":{"start":{"line":36,"column":46},"end":{"line":36,"column":85}},"5":{"start":{"line":37,"column":24},"end":{"line":37,"column":54}},"6":{"start":{"line":38,"column":34},"end":{"line":38,"column":53}},"7":{"start":{"line":39,"column":46},"end":{"line":39,"column":84}},"8":{"start":{"line":40,"column":40},"end":{"line":45,"column":70}},"9":{"start":{"line":47,"column":25},"end":{"line":111,"column":28}},"10":{"start":{"line":48,"column":4},"end":{"line":48,"column":38}},"11":{"start":{"line":48,"column":31},"end":{"line":48,"column":38}},"12":{"start":{"line":49,"column":4},"end":{"line":49,"column":21}},"13":{"start":{"line":50,"column":4},"end":{"line":50,"column":19}},"14":{"start":{"line":51,"column":4},"end":{"line":110,"column":5}},"15":{"start":{"line":53,"column":45},"end":{"line":59,"column":22}},"16":{"start":{"line":60,"column":6},"end":{"line":60,"column":33}},"17":{"start":{"line":60,"column":19},"end":{"line":60,"column":33}},"18":{"start":{"line":61,"column":6},"end":{"line":61,"column":30}},"19":{"start":{"line":64,"column":47},"end":{"line":68,"column":22}},"20":{"start":{"line":69,"column":6},"end":{"line":69,"column":31}},"21":{"start":{"line":69,"column":18},"end":{"line":69,"column":31}},"22":{"start":{"line":70,"column":6},"end":{"line":70,"column":22}},"23":{"start":{"line":73,"column":53},"end":{"line":77,"column":40}},"24":{"start":{"line":78,"column":6},"end":{"line":78,"column":33}},"25":{"start":{"line":78,"column":19},"end":{"line":78,"column":33}},"26":{"start":{"line":79,"column":6},"end":{"line":79,"column":100}},"27":{"start":{"line":79,"column":51},"end":{"line":79,"column":89}},"28":{"start":{"line":82,"column":45},"end":{"line":88,"column":22}},"29":{"start":{"line":89,"column":6},"end":{"line":89,"column":33}},"30":{"start":{"line":89,"column":19},"end":{"line":89,"column":33}},"31":{"start":{"line":90,"column":6},"end":{"line":90,"column":30}},"32":{"start":{"line":93,"column":51},"end":{"line":97,"column":40}},"33":{"start":{"line":98,"column":6},"end":{"line":98,"column":35}},"34":{"start":{"line":98,"column":20},"end":{"line":98,"column":35}},"35":{"start":{"line":99,"column":6},"end":{"line":104,"column":9}},"36":{"start":{"line":101,"column":50},"end":{"line":101,"column":100}},"37":{"start":{"line":102,"column":51},"end":{"line":102,"column":76}},"38":{"start":{"line":103,"column":47},"end":{"line":103,"column":96}},"39":{"start":{"line":106,"column":6},"end":{"line":106,"column":58}},"40":{"start":{"line":108,"column":6},"end":{"line":108,"column":24}},"41":{"start":{"line":109,"column":6},"end":{"line":109,"column":27}},"42":{"start":{"line":113,"column":2},"end":{"line":115,"column":45}},"43":{"start":{"line":114,"column":4},"end":{"line":114,"column":47}},"44":{"start":{"line":114,"column":30},"end":{"line":114,"column":47}},"45":{"start":{"line":117,"column":20},"end":{"line":120,"column":3}},"46":{"start":{"line":118,"column":4},"end":{"line":118,"column":24}},"47":{"start":{"line":119,"column":4},"end":{"line":119,"column":21}},"48":{"start":{"line":123,"column":26},"end":{"line":125,"column":3}},"49":{"start":{"line":124,"column":4},"end":{"line":124,"column":90}},"50":{"start":{"line":127,"column":2},"end":{"line":133,"column":3}},"51":{"start":{"line":128,"column":4},"end":{"line":132,"column":6}},"52":{"start":{"line":135,"column":2},"end":{"line":144,"column":3}},"53":{"start":{"line":136,"column":4},"end":{"line":143,"column":6}},"54":{"start":{"line":146,"column":2},"end":{"line":202,"column":4}},"55":{"start":{"line":205,"column":15},"end":{"line":308,"column":2}}},"fnMap":{"0":{"name":"HomeScreen","decl":{"start":{"line":29,"column":24},"end":{"line":29,"column":34}},"loc":{"start":{"line":29,"column":37},"end":{"line":203,"column":1}},"line":29},"1":{"name":"(anonymous_1)","decl":{"start":{"line":47,"column":37},"end":{"line":47,"column":38}},"loc":{"start":{"line":47,"column":49},"end":{"line":111,"column":3}},"line":47},"2":{"name":"(anonymous_2)","decl":{"start":{"line":79,"column":39},"end":{"line":79,"column":40}},"loc":{"start":{"line":79,"column":51},"end":{"line":79,"column":89}},"line":79},"3":{"name":"(anonymous_3)","decl":{"start":{"line":101,"column":38},"end":{"line":101,"column":39}},"loc":{"start":{"line":101,"column":50},"end":{"line":101,"column":100}},"line":101},"4":{"name":"(anonymous_4)","decl":{"start":{"line":102,"column":39},"end":{"line":102,"column":40}},"loc":{"start":{"line":102,"column":51},"end":{"line":102,"column":76}},"line":102},"5":{"name":"(anonymous_5)","decl":{"start":{"line":103,"column":35},"end":{"line":103,"column":36}},"loc":{"start":{"line":103,"column":47},"end":{"line":103,"column":96}},"line":103},"6":{"name":"(anonymous_6)","decl":{"start":{"line":113,"column":12},"end":{"line":113,"column":13}},"loc":{"start":{"line":113,"column":18},"end":{"line":115,"column":3}},"line":113},"7":{"name":"(anonymous_7)","decl":{"start":{"line":117,"column":20},"end":{"line":117,"column":21}},"loc":{"start":{"line":117,"column":26},"end":{"line":120,"column":3}},"line":117},"8":{"name":"(anonymous_8)","decl":{"start":{"line":123,"column":26},"end":{"line":123,"column":27}},"loc":{"start":{"line":123,"column":32},"end":{"line":125,"column":3}},"line":123}},"branchMap":{"0":{"loc":{"start":{"line":48,"column":4},"end":{"line":48,"column":38}},"type":"if","locations":[{"start":{"line":48,"column":4},"end":{"line":48,"column":38}},{"start":{},"end":{}}],"line":48},"1":{"loc":{"start":{"line":60,"column":6},"end":{"line":60,"column":33}},"type":"if","locations":[{"start":{"line":60,"column":6},"end":{"line":60,"column":33}},{"start":{},"end":{}}],"line":60},"2":{"loc":{"start":{"line":69,"column":6},"end":{"line":69,"column":31}},"type":"if","locations":[{"start":{"line":69,"column":6},"end":{"line":69,"column":31}},{"start":{},"end":{}}],"line":69},"3":{"loc":{"start":{"line":78,"column":6},"end":{"line":78,"column":33}},"type":"if","locations":[{"start":{"line":78,"column":6},"end":{"line":78,"column":33}},{"start":{},"end":{}}],"line":78},"4":{"loc":{"start":{"line":79,"column":18},"end":{"line":79,"column":98}},"type":"binary-expr","locations":[{"start":{"line":79,"column":18},"end":{"line":79,"column":93}},{"start":{"line":79,"column":97},"end":{"line":79,"column":98}}],"line":79},"5":{"loc":{"start":{"line":79,"column":58},"end":{"line":79,"column":88}},"type":"binary-expr","locations":[{"start":{"line":79,"column":58},"end":{"line":79,"column":83}},{"start":{"line":79,"column":87},"end":{"line":79,"column":88}}],"line":79},"6":{"loc":{"start":{"line":89,"column":6},"end":{"line":89,"column":33}},"type":"if","locations":[{"start":{"line":89,"column":6},"end":{"line":89,"column":33}},{"start":{},"end":{}}],"line":89},"7":{"loc":{"start":{"line":98,"column":6},"end":{"line":98,"column":35}},"type":"if","locations":[{"start":{"line":98,"column":6},"end":{"line":98,"column":35}},{"start":{},"end":{}}],"line":98},"8":{"loc":{"start":{"line":100,"column":21},"end":{"line":100,"column":43}},"type":"binary-expr","locations":[{"start":{"line":100,"column":21},"end":{"line":100,"column":38}},{"start":{"line":100,"column":42},"end":{"line":100,"column":43}}],"line":100},"9":{"loc":{"start":{"line":101,"column":50},"end":{"line":101,"column":100}},"type":"cond-expr","locations":[{"start":{"line":101,"column":87},"end":{"line":101,"column":94}},{"start":{"line":101,"column":97},"end":{"line":101,"column":100}}],"line":101},"10":{"loc":{"start":{"line":101,"column":50},"end":{"line":101,"column":84}},"type":"binary-expr","locations":[{"start":{"line":101,"column":50},"end":{"line":101,"column":57}},{"start":{"line":101,"column":62},"end":{"line":101,"column":66}},{"start":{"line":101,"column":70},"end":{"line":101,"column":83}}],"line":101},"11":{"loc":{"start":{"line":102,"column":21},"end":{"line":102,"column":85}},"type":"binary-expr","locations":[{"start":{"line":102,"column":21},"end":{"line":102,"column":80}},{"start":{"line":102,"column":84},"end":{"line":102,"column":85}}],"line":102},"12":{"loc":{"start":{"line":102,"column":58},"end":{"line":102,"column":75}},"type":"binary-expr","locations":[{"start":{"line":102,"column":58},"end":{"line":102,"column":70}},{"start":{"line":102,"column":74},"end":{"line":102,"column":75}}],"line":102},"13":{"loc":{"start":{"line":103,"column":17},"end":{"line":103,"column":105}},"type":"binary-expr","locations":[{"start":{"line":103,"column":17},"end":{"line":103,"column":100}},{"start":{"line":103,"column":104},"end":{"line":103,"column":105}}],"line":103},"14":{"loc":{"start":{"line":103,"column":47},"end":{"line":103,"column":96}},"type":"cond-expr","locations":[{"start":{"line":103,"column":80},"end":{"line":103,"column":90}},{"start":{"line":103,"column":93},"end":{"line":103,"column":96}}],"line":103},"15":{"loc":{"start":{"line":103,"column":47},"end":{"line":103,"column":77}},"type":"binary-expr","locations":[{"start":{"line":103,"column":47},"end":{"line":103,"column":57}},{"start":{"line":103,"column":61},"end":{"line":103,"column":77}}],"line":103},"16":{"loc":{"start":{"line":106,"column":15},"end":{"line":106,"column":56}},"type":"binary-expr","locations":[{"start":{"line":106,"column":15},"end":{"line":106,"column":26}},{"start":{"line":106,"column":30},"end":{"line":106,"column":56}}],"line":106},"17":{"loc":{"start":{"line":114,"column":4},"end":{"line":114,"column":47}},"type":"if","locations":[{"start":{"line":114,"column":4},"end":{"line":114,"column":47}},{"start":{},"end":{}}],"line":114},"18":{"loc":{"start":{"line":127,"column":2},"end":{"line":133,"column":3}},"type":"if","locations":[{"start":{"line":127,"column":2},"end":{"line":133,"column":3}},{"start":{},"end":{}}],"line":127},"19":{"loc":{"start":{"line":135,"column":2},"end":{"line":144,"column":3}},"type":"if","locations":[{"start":{"line":135,"column":2},"end":{"line":144,"column":3}},{"start":{},"end":{}}],"line":135},"20":{"loc":{"start":{"line":154,"column":50},"end":{"line":154,"column":78}},"type":"binary-expr","locations":[{"start":{"line":154,"column":50},"end":{"line":154,"column":63}},{"start":{"line":154,"column":67},"end":{"line":154,"column":78}}],"line":154},"21":{"loc":{"start":{"line":163,"column":126},"end":{"line":163,"column":148}},"type":"binary-expr","locations":[{"start":{"line":163,"column":126},"end":{"line":163,"column":139}},{"start":{"line":163,"column":143},"end":{"line":163,"column":148}}],"line":163},"22":{"loc":{"start":{"line":164,"column":124},"end":{"line":164,"column":154}},"type":"binary-expr","locations":[{"start":{"line":164,"column":124},"end":{"line":164,"column":145}},{"start":{"line":164,"column":149},"end":{"line":164,"column":154}}],"line":164},"23":{"loc":{"start":{"line":172,"column":9},"end":{"line":180,"column":73}},"type":"cond-expr","locations":[{"start":{"line":173,"column":10},"end":{"line":179,"column":13}},{"start":{"line":180,"column":12},"end":{"line":180,"column":73}}],"line":172},"24":{"loc":{"start":{"line":175,"column":57},"end":{"line":175,"column":86}},"type":"binary-expr","locations":[{"start":{"line":175,"column":57},"end":{"line":175,"column":77}},{"start":{"line":175,"column":81},"end":{"line":175,"column":86}}],"line":175},"25":{"loc":{"start":{"line":176,"column":54},"end":{"line":176,"column":88}},"type":"binary-expr","locations":[{"start":{"line":176,"column":54},"end":{"line":176,"column":79}},{"start":{"line":176,"column":83},"end":{"line":176,"column":88}}],"line":176},"26":{"loc":{"start":{"line":177,"column":54},"end":{"line":177,"column":88}},"type":"binary-expr","locations":[{"start":{"line":177,"column":54},"end":{"line":177,"column":79}},{"start":{"line":177,"column":83},"end":{"line":177,"column":88}}],"line":177},"27":{"loc":{"start":{"line":178,"column":55},"end":{"line":178,"column":86}},"type":"binary-expr","locations":[{"start":{"line":178,"column":55},"end":{"line":178,"column":81}},{"start":{"line":178,"column":85},"end":{"line":178,"column":86}}],"line":178},"28":{"loc":{"start":{"line":186,"column":9},"end":{"line":190,"column":76}},"type":"cond-expr","locations":[{"start":{"line":187,"column":10},"end":{"line":189,"column":13}},{"start":{"line":190,"column":12},"end":{"line":190,"column":76}}],"line":186},"29":{"loc":{"start":{"line":197,"column":55},"end":{"line":197,"column":86}},"type":"binary-expr","locations":[{"start":{"line":197,"column":55},"end":{"line":197,"column":77}},{"start":{"line":197,"column":81},"end":{"line":197,"column":86}}],"line":197}},"s":{"0":0,"1":0,"2":0,"3":0,"4":0,"5":0,"6":0,"7":0,"8":0,"9":0,"10":0,"11":0,"12":0,"13":0,"14":0,"15":0,"16":0,"17":0,"18":0,"19":0,"20":0,"21":0,"22":0,"23":0,"24":0,"25":0,"26":0,"27":0,"28":0,"29":0,"30":0,"31":0,"32":0,"33":0,"34":0,"35":0,"36":0,"37":0,"38":0,"39":0,"40":0,"41":0,"42":0,"43":0,"44":0,"45":0,"46":0,"47":0,"48":0,"49":0,"50":0,"51":0,"52":0,"53":0,"54":0,"55":0},"f":{"0":0,"1":0,"2":0,"3":0,"4":0,"5":0,"6":0,"7":0,"8":0},"b":{"0":[0,0],"1":[0,0],"2":[0,0],"3":[0,0],"4":[0,0],"5":[0,0],"6":[0,0],"7":[0,0],"8":[0,0],"9":[0,0],"10":[0,0,0],"11":[0,0],"12":[0,0],"13":[0,0],"14":[0,0],"15":[0,0],"16":[0,0],"17":[0,0],"18":[0,0],"19":[0,0],"20":[0,0],"21":[0,0],"22":[0,0],"23":[0,0],"24":[0,0],"25":[0,0],"26":[0,0],"27":[0,0],"28":[0,0],"29":[0,0]}}
,"C:\\Projects\\Trophy-Cast-MVP-v2\\screens\\ProfileScreen.tsx": {"path":"C:\\Projects\\Trophy-Cast-MVP-v2\\screens\\ProfileScreen.tsx","statementMap":{"0":{"start":{"line":6,"column":37},"end":{"line":6,"column":46}},"1":{"start":{"line":8,"column":2},"end":{"line":48,"column":4}},"2":{"start":{"line":51,"column":15},"end":{"line":114,"column":2}}},"fnMap":{"0":{"name":"ProfileScreen","decl":{"start":{"line":5,"column":24},"end":{"line":5,"column":37}},"loc":{"start":{"line":5,"column":40},"end":{"line":49,"column":1}},"line":5}},"branchMap":{},"s":{"0":0,"1":0,"2":0},"f":{"0":0},"b":{}}
,"C:\\Projects\\Trophy-Cast-MVP-v2\\screens\\RegisterScreen.tsx": {"path":"C:\\Projects\\Trophy-Cast-MVP-v2\\screens\\RegisterScreen.tsx","statementMap":{"0":{"start":{"line":10,"column":44},"end":{"line":10,"column":53}},"1":{"start":{"line":11,"column":34},"end":{"line":11,"column":61}},"2":{"start":{"line":12,"column":26},"end":{"line":12,"column":67}},"3":{"start":{"line":15,"column":28},"end":{"line":15,"column":40}},"4":{"start":{"line":16,"column":34},"end":{"line":16,"column":46}},"5":{"start":{"line":17,"column":48},"end":{"line":17,"column":60}},"6":{"start":{"line":18,"column":50},"end":{"line":18,"column":62}},"7":{"start":{"line":21,"column":38},"end":{"line":21,"column":50}},"8":{"start":{"line":22,"column":26},"end":{"line":22,"column":38}},"9":{"start":{"line":23,"column":34},"end":{"line":23,"column":46}},"10":{"start":{"line":24,"column":48},"end":{"line":24,"column":60}},"11":{"start":{"line":26,"column":22},"end":{"line":52,"column":3}},"12":{"start":{"line":27,"column":4},"end":{"line":27,"column":28}},"13":{"start":{"line":29,"column":4},"end":{"line":33,"column":5}},"14":{"start":{"line":30,"column":6},"end":{"line":30,"column":61}},"15":{"start":{"line":31,"column":6},"end":{"line":31,"column":72}},"16":{"start":{"line":32,"column":6},"end":{"line":32,"column":13}},"17":{"start":{"line":35,"column":22},"end":{"line":35,"column":51}},"18":{"start":{"line":37,"column":4},"end":{"line":48,"column":5}},"19":{"start":{"line":39,"column":23},"end":{"line":39,"column":42}},"20":{"start":{"line":40,"column":6},"end":{"line":46,"column":7}},"21":{"start":{"line":41,"column":8},"end":{"line":41,"column":91}},"22":{"start":{"line":42,"column":8},"end":{"line":42,"column":77}},"23":{"start":{"line":44,"column":8},"end":{"line":44,"column":38}},"24":{"start":{"line":45,"column":8},"end":{"line":45,"column":44}},"25":{"start":{"line":47,"column":6},"end":{"line":47,"column":13}},"26":{"start":{"line":50,"column":4},"end":{"line":50,"column":62}},"27":{"start":{"line":54,"column":34},"end":{"line":75,"column":3}},"28":{"start":{"line":55,"column":4},"end":{"line":55,"column":28}},"29":{"start":{"line":57,"column":4},"end":{"line":60,"column":5}},"30":{"start":{"line":58,"column":6},"end":{"line":58,"column":53}},"31":{"start":{"line":59,"column":6},"end":{"line":59,"column":13}},"32":{"start":{"line":62,"column":4},"end":{"line":65,"column":5}},"33":{"start":{"line":63,"column":6},"end":{"line":63,"column":52}},"34":{"start":{"line":64,"column":6},"end":{"line":64,"column":13}},"35":{"start":{"line":67,"column":22},"end":{"line":67,"column":51}},"36":{"start":{"line":69,"column":4},"end":{"line":72,"column":5}},"37":{"start":{"line":70,"column":6},"end":{"line":70,"column":41}},"38":{"start":{"line":71,"column":6},"end":{"line":71,"column":13}},"39":{"start":{"line":74,"column":4},"end":{"line":74,"column":26}},"40":{"start":{"line":77,"column":33},"end":{"line":91,"column":3}},"41":{"start":{"line":78,"column":4},"end":{"line":78,"column":27}},"42":{"start":{"line":80,"column":4},"end":{"line":83,"column":5}},"43":{"start":{"line":81,"column":6},"end":{"line":81,"column":52}},"44":{"start":{"line":82,"column":6},"end":{"line":82,"column":13}},"45":{"start":{"line":85,"column":22},"end":{"line":85,"column":69}},"46":{"start":{"line":87,"column":4},"end":{"line":90,"column":5}},"47":{"start":{"line":88,"column":6},"end":{"line":88,"column":40}},"48":{"start":{"line":89,"column":6},"end":{"line":89,"column":13}},"49":{"start":{"line":93,"column":26},"end":{"line":101,"column":3}},"50":{"start":{"line":95,"column":4},"end":{"line":100,"column":5}},"51":{"start":{"line":96,"column":6},"end":{"line":96,"column":52}},"52":{"start":{"line":97,"column":6},"end":{"line":97,"column":70}},"53":{"start":{"line":99,"column":6},"end":{"line":99,"column":54}},"54":{"start":{"line":99,"column":23},"end":{"line":99,"column":47}},"55":{"start":{"line":104,"column":2},"end":{"line":144,"column":3}},"56":{"start":{"line":105,"column":4},"end":{"line":143,"column":6}},"57":{"start":{"line":137,"column":41},"end":{"line":137,"column":64}},"58":{"start":{"line":146,"column":2},"end":{"line":189,"column":3}},"59":{"start":{"line":147,"column":4},"end":{"line":188,"column":6}},"60":{"start":{"line":182,"column":41},"end":{"line":182,"column":61}},"61":{"start":{"line":191,"column":2},"end":{"line":229,"column":4}},"62":{"start":{"line":223,"column":39},"end":{"line":223,"column":59}},"63":{"start":{"line":232,"column":15},"end":{"line":282,"column":2}}},"fnMap":{"0":{"name":"RegisterScreen","decl":{"start":{"line":9,"column":24},"end":{"line":9,"column":38}},"loc":{"start":{"line":9,"column":41},"end":{"line":230,"column":1}},"line":9},"1":{"name":"(anonymous_1)","decl":{"start":{"line":26,"column":22},"end":{"line":26,"column":23}},"loc":{"start":{"line":26,"column":34},"end":{"line":52,"column":3}},"line":26},"2":{"name":"(anonymous_2)","decl":{"start":{"line":54,"column":34},"end":{"line":54,"column":35}},"loc":{"start":{"line":54,"column":46},"end":{"line":75,"column":3}},"line":54},"3":{"name":"(anonymous_3)","decl":{"start":{"line":77,"column":33},"end":{"line":77,"column":34}},"loc":{"start":{"line":77,"column":45},"end":{"line":91,"column":3}},"line":77},"4":{"name":"(anonymous_4)","decl":{"start":{"line":93,"column":26},"end":{"line":93,"column":27}},"loc":{"start":{"line":93,"column":32},"end":{"line":101,"column":3}},"line":93},"5":{"name":"(anonymous_5)","decl":{"start":{"line":99,"column":17},"end":{"line":99,"column":18}},"loc":{"start":{"line":99,"column":23},"end":{"line":99,"column":47}},"line":99},"6":{"name":"(anonymous_6)","decl":{"start":{"line":137,"column":35},"end":{"line":137,"column":36}},"loc":{"start":{"line":137,"column":41},"end":{"line":137,"column":64}},"line":137},"7":{"name":"(anonymous_7)","decl":{"start":{"line":182,"column":35},"end":{"line":182,"column":36}},"loc":{"start":{"line":182,"column":41},"end":{"line":182,"column":61}},"line":182},"8":{"name":"(anonymous_8)","decl":{"start":{"line":223,"column":33},"end":{"line":223,"column":34}},"loc":{"start":{"line":223,"column":39},"end":{"line":223,"column":59}},"line":223}},"branchMap":{"0":{"loc":{"start":{"line":29,"column":4},"end":{"line":33,"column":5}},"type":"if","locations":[{"start":{"line":29,"column":4},"end":{"line":33,"column":5}},{"start":{},"end":{}}],"line":29},"1":{"loc":{"start":{"line":29,"column":8},"end":{"line":29,"column":27}},"type":"binary-expr","locations":[{"start":{"line":29,"column":8},"end":{"line":29,"column":14}},{"start":{"line":29,"column":18},"end":{"line":29,"column":27}}],"line":29},"2":{"loc":{"start":{"line":37,"column":4},"end":{"line":48,"column":5}},"type":"if","locations":[{"start":{"line":37,"column":4},"end":{"line":48,"column":5}},{"start":{},"end":{}}],"line":37},"3":{"loc":{"start":{"line":39,"column":23},"end":{"line":39,"column":42}},"type":"binary-expr","locations":[{"start":{"line":39,"column":23},"end":{"line":39,"column":36}},{"start":{"line":39,"column":40},"end":{"line":39,"column":42}}],"line":39},"4":{"loc":{"start":{"line":40,"column":6},"end":{"line":46,"column":7}},"type":"if","locations":[{"start":{"line":40,"column":6},"end":{"line":46,"column":7}},{"start":{"line":43,"column":13},"end":{"line":46,"column":7}}],"line":40},"5":{"loc":{"start":{"line":40,"column":10},"end":{"line":40,"column":81}},"type":"binary-expr","locations":[{"start":{"line":40,"column":10},"end":{"line":40,"column":50}},{"start":{"line":40,"column":54},"end":{"line":40,"column":81}}],"line":40},"6":{"loc":{"start":{"line":57,"column":4},"end":{"line":60,"column":5}},"type":"if","locations":[{"start":{"line":57,"column":4},"end":{"line":60,"column":5}},{"start":{},"end":{}}],"line":57},"7":{"loc":{"start":{"line":57,"column":8},"end":{"line":57,"column":47}},"type":"binary-expr","locations":[{"start":{"line":57,"column":8},"end":{"line":57,"column":14}},{"start":{"line":57,"column":18},"end":{"line":57,"column":27}},{"start":{"line":57,"column":31},"end":{"line":57,"column":47}}],"line":57},"8":{"loc":{"start":{"line":62,"column":4},"end":{"line":65,"column":5}},"type":"if","locations":[{"start":{"line":62,"column":4},"end":{"line":65,"column":5}},{"start":{},"end":{}}],"line":62},"9":{"loc":{"start":{"line":69,"column":4},"end":{"line":72,"column":5}},"type":"if","locations":[{"start":{"line":69,"column":4},"end":{"line":72,"column":5}},{"start":{},"end":{}}],"line":69},"10":{"loc":{"start":{"line":80,"column":4},"end":{"line":83,"column":5}},"type":"if","locations":[{"start":{"line":80,"column":4},"end":{"line":83,"column":5}},{"start":{},"end":{}}],"line":80},"11":{"loc":{"start":{"line":80,"column":8},"end":{"line":80,"column":41}},"type":"binary-expr","locations":[{"start":{"line":80,"column":8},"end":{"line":80,"column":19}},{"start":{"line":80,"column":23},"end":{"line":80,"column":28}},{"start":{"line":80,"column":32},"end":{"line":80,"column":41}}],"line":80},"12":{"loc":{"start":{"line":87,"column":4},"end":{"line":90,"column":5}},"type":"if","locations":[{"start":{"line":87,"column":4},"end":{"line":90,"column":5}},{"start":{},"end":{}}],"line":87},"13":{"loc":{"start":{"line":95,"column":4},"end":{"line":100,"column":5}},"type":"if","locations":[{"start":{"line":95,"column":4},"end":{"line":100,"column":5}},{"start":{},"end":{}}],"line":95},"14":{"loc":{"start":{"line":104,"column":2},"end":{"line":144,"column":3}},"type":"if","locations":[{"start":{"line":104,"column":2},"end":{"line":144,"column":3}},{"start":{},"end":{}}],"line":104},"15":{"loc":{"start":{"line":127,"column":9},"end":{"line":127,"column":87}},"type":"cond-expr","locations":[{"start":{"line":127,"column":28},"end":{"line":127,"column":80}},{"start":{"line":127,"column":83},"end":{"line":127,"column":87}}],"line":127},"16":{"loc":{"start":{"line":146,"column":2},"end":{"line":189,"column":3}},"type":"if","locations":[{"start":{"line":146,"column":2},"end":{"line":189,"column":3}},{"start":{},"end":{}}],"line":146},"17":{"loc":{"start":{"line":176,"column":9},"end":{"line":176,"column":87}},"type":"cond-expr","locations":[{"start":{"line":176,"column":28},"end":{"line":176,"column":80}},{"start":{"line":176,"column":83},"end":{"line":176,"column":87}}],"line":176},"18":{"loc":{"start":{"line":217,"column":7},"end":{"line":217,"column":83}},"type":"cond-expr","locations":[{"start":{"line":217,"column":25},"end":{"line":217,"column":76}},{"start":{"line":217,"column":79},"end":{"line":217,"column":83}}],"line":217}},"s":{"0":0,"1":0,"2":0,"3":0,"4":0,"5":0,"6":0,"7":0,"8":0,"9":0,"10":0,"11":0,"12":0,"13":0,"14":0,"15":0,"16":0,"17":0,"18":0,"19":0,"20":0,"21":0,"22":0,"23":0,"24":0,"25":0,"26":0,"27":0,"28":0,"29":0,"30":0,"31":0,"32":0,"33":0,"34":0,"35":0,"36":0,"37":0,"38":0,"39":0,"40":0,"41":0,"42":0,"43":0,"44":0,"45":0,"46":0,"47":0,"48":0,"49":0,"50":0,"51":0,"52":0,"53":0,"54":0,"55":0,"56":0,"57":0,"58":0,"59":0,"60":0,"61":0,"62":0,"63":0},"f":{"0":0,"1":0,"2":0,"3":0,"4":0,"5":0,"6":0,"7":0,"8":0},"b":{"0":[0,0],"1":[0,0],"2":[0,0],"3":[0,0],"4":[0,0],"5":[0,0],"6":[0,0],"7":[0,0,0],"8":[0,0],"9":[0,0],"10":[0,0],"11":[0,0,0],"12":[0,0],"13":[0,0],"14":[0,0],"15":[0,0],"16":[0,0],"17":[0,0],"18":[0,0]}}
,"C:\\Projects\\Trophy-Cast-MVP-v2\\screens\\TournamentsListScreen.tsx": {"path":"C:\\Projects\\Trophy-Cast-MVP-v2\\screens\\TournamentsListScreen.tsx","statementMap":{"0":{"start":{"line":17,"column":40},"end":{"line":17,"column":66}},"1":{"start":{"line":18,"column":32},"end":{"line":18,"column":46}},"2":{"start":{"line":19,"column":30},"end":{"line":19,"column":62}},"3":{"start":{"line":21,"column":2},"end":{"line":23,"column":15}},"4":{"start":{"line":22,"column":4},"end":{"line":22,"column":23}},"5":{"start":{"line":25,"column":27},"end":{"line":40,"column":3}},"6":{"start":{"line":26,"column":4},"end":{"line":26,"column":21}},"7":{"start":{"line":27,"column":18},"end":{"line":27,"column":55}},"8":{"start":{"line":28,"column":16},"end":{"line":31,"column":64}},"9":{"start":{"line":32,"column":4},"end":{"line":36,"column":5}},"10":{"start":{"line":33,"column":6},"end":{"line":33,"column":45}},"11":{"start":{"line":35,"column":6},"end":{"line":35,"column":44}},"12":{"start":{"line":37,"column":28},"end":{"line":37,"column":39}},"13":{"start":{"line":38,"column":4},"end":{"line":38,"column":43}},"14":{"start":{"line":38,"column":16},"end":{"line":38,"column":43}},"15":{"start":{"line":39,"column":4},"end":{"line":39,"column":22}},"16":{"start":{"line":42,"column":27},"end":{"line":49,"column":3}},"17":{"start":{"line":43,"column":4},"end":{"line":48,"column":23}},"18":{"start":{"line":51,"column":2},"end":{"line":76,"column":4}},"19":{"start":{"line":56,"column":25},"end":{"line":56,"column":46}},"20":{"start":{"line":61,"column":25},"end":{"line":61,"column":42}},"21":{"start":{"line":70,"column":32},"end":{"line":70,"column":50}},"22":{"start":{"line":79,"column":15},"end":{"line":128,"column":2}}},"fnMap":{"0":{"name":"TournamentsListScreen","decl":{"start":{"line":16,"column":24},"end":{"line":16,"column":45}},"loc":{"start":{"line":16,"column":48},"end":{"line":77,"column":1}},"line":16},"1":{"name":"(anonymous_1)","decl":{"start":{"line":21,"column":12},"end":{"line":21,"column":13}},"loc":{"start":{"line":21,"column":18},"end":{"line":23,"column":3}},"line":21},"2":{"name":"(anonymous_2)","decl":{"start":{"line":25,"column":27},"end":{"line":25,"column":28}},"loc":{"start":{"line":25,"column":39},"end":{"line":40,"column":3}},"line":25},"3":{"name":"(anonymous_3)","decl":{"start":{"line":42,"column":27},"end":{"line":42,"column":28}},"loc":{"start":{"line":43,"column":4},"end":{"line":48,"column":23}},"line":43},"4":{"name":"(anonymous_4)","decl":{"start":{"line":56,"column":19},"end":{"line":56,"column":20}},"loc":{"start":{"line":56,"column":25},"end":{"line":56,"column":46}},"line":56},"5":{"name":"(anonymous_5)","decl":{"start":{"line":61,"column":19},"end":{"line":61,"column":20}},"loc":{"start":{"line":61,"column":25},"end":{"line":61,"column":42}},"line":61},"6":{"name":"(anonymous_6)","decl":{"start":{"line":70,"column":24},"end":{"line":70,"column":25}},"loc":{"start":{"line":70,"column":32},"end":{"line":70,"column":50}},"line":70}},"branchMap":{"0":{"loc":{"start":{"line":32,"column":4},"end":{"line":36,"column":5}},"type":"if","locations":[{"start":{"line":32,"column":4},"end":{"line":36,"column":5}},{"start":{"line":34,"column":11},"end":{"line":36,"column":5}}],"line":32},"1":{"loc":{"start":{"line":38,"column":4},"end":{"line":38,"column":43}},"type":"if","locations":[{"start":{"line":38,"column":4},"end":{"line":38,"column":43}},{"start":{},"end":{}}],"line":38},"2":{"loc":{"start":{"line":38,"column":31},"end":{"line":38,"column":41}},"type":"binary-expr","locations":[{"start":{"line":38,"column":31},"end":{"line":38,"column":35}},{"start":{"line":38,"column":39},"end":{"line":38,"column":41}}],"line":38},"3":{"loc":{"start":{"line":57,"column":17},"end":{"line":57,"column":59}},"type":"cond-expr","locations":[{"start":{"line":57,"column":41},"end":{"line":57,"column":50}},{"start":{"line":57,"column":53},"end":{"line":57,"column":59}}],"line":57},"4":{"loc":{"start":{"line":62,"column":17},"end":{"line":62,"column":55}},"type":"cond-expr","locations":[{"start":{"line":62,"column":37},"end":{"line":62,"column":46}},{"start":{"line":62,"column":49},"end":{"line":62,"column":55}}],"line":62},"5":{"loc":{"start":{"line":65,"column":7},"end":{"line":74,"column":7}},"type":"cond-expr","locations":[{"start":{"line":66,"column":8},"end":{"line":66,"column":84}},{"start":{"line":68,"column":8},"end":{"line":73,"column":10}}],"line":65}},"s":{"0":0,"1":0,"2":0,"3":0,"4":0,"5":0,"6":0,"7":0,"8":0,"9":0,"10":0,"11":0,"12":0,"13":0,"14":0,"15":0,"16":0,"17":0,"18":0,"19":0,"20":0,"21":0,"22":0},"f":{"0":0,"1":0,"2":0,"3":0,"4":0,"5":0,"6":0},"b":{"0":[0,0],"1":[0,0],"2":[0,0],"3":[0,0],"4":[0,0],"5":[0,0]}}
,"C:\\Projects\\Trophy-Cast-MVP-v2\\screens\\TournamentsScreen.tsx": {"path":"C:\\Projects\\Trophy-Cast-MVP-v2\\screens\\TournamentsScreen.tsx","statementMap":{"0":{"start":{"line":16,"column":40},"end":{"line":16,"column":71}},"1":{"start":{"line":17,"column":32},"end":{"line":17,"column":46}},"2":{"start":{"line":18,"column":38},"end":{"line":18,"column":53}},"3":{"start":{"line":19,"column":28},"end":{"line":19,"column":57}},"4":{"start":{"line":21,"column":26},"end":{"line":45,"column":3}},"5":{"start":{"line":22,"column":4},"end":{"line":44,"column":5}},"6":{"start":{"line":23,"column":6},"end":{"line":23,"column":48}},"7":{"start":{"line":24,"column":30},"end":{"line":24,"column":59}},"8":{"start":{"line":26,"column":6},"end":{"line":32,"column":7}},"9":{"start":{"line":27,"column":8},"end":{"line":27,"column":62}},"10":{"start":{"line":28,"column":29},"end":{"line":28,"column":93}},"11":{"start":{"line":29,"column":8},"end":{"line":29,"column":31}},"12":{"start":{"line":30,"column":8},"end":{"line":30,"column":76}},"13":{"start":{"line":31,"column":8},"end":{"line":31,"column":15}},"14":{"start":{"line":34,"column":6},"end":{"line":34,"column":74}},"15":{"start":{"line":35,"column":6},"end":{"line":35,"column":33}},"16":{"start":{"line":36,"column":6},"end":{"line":36,"column":21}},"17":{"start":{"line":38,"column":6},"end":{"line":38,"column":48}},"18":{"start":{"line":39,"column":6},"end":{"line":39,"column":45}},"19":{"start":{"line":40,"column":6},"end":{"line":40,"column":57}},"20":{"start":{"line":42,"column":6},"end":{"line":42,"column":24}},"21":{"start":{"line":43,"column":6},"end":{"line":43,"column":27}},"22":{"start":{"line":47,"column":2},"end":{"line":49,"column":9}},"23":{"start":{"line":48,"column":4},"end":{"line":48,"column":22}},"24":{"start":{"line":51,"column":24},"end":{"line":54,"column":3}},"25":{"start":{"line":52,"column":4},"end":{"line":52,"column":24}},"26":{"start":{"line":53,"column":4},"end":{"line":53,"column":22}},"27":{"start":{"line":56,"column":27},"end":{"line":91,"column":3}},"28":{"start":{"line":57,"column":4},"end":{"line":90,"column":11}},"29":{"start":{"line":93,"column":27},"end":{"line":100,"column":3}},"30":{"start":{"line":94,"column":4},"end":{"line":99,"column":11}},"31":{"start":{"line":102,"column":2},"end":{"line":114,"column":3}},"32":{"start":{"line":103,"column":4},"end":{"line":113,"column":6}},"33":{"start":{"line":116,"column":2},"end":{"line":135,"column":4}},"34":{"start":{"line":126,"column":32},"end":{"line":126,"column":45}},"35":{"start":{"line":138,"column":15},"end":{"line":331,"column":2}}},"fnMap":{"0":{"name":"TournamentsScreen","decl":{"start":{"line":15,"column":24},"end":{"line":15,"column":41}},"loc":{"start":{"line":15,"column":44},"end":{"line":136,"column":1}},"line":15},"1":{"name":"(anonymous_1)","decl":{"start":{"line":21,"column":26},"end":{"line":21,"column":27}},"loc":{"start":{"line":21,"column":38},"end":{"line":45,"column":3}},"line":21},"2":{"name":"(anonymous_2)","decl":{"start":{"line":47,"column":12},"end":{"line":47,"column":13}},"loc":{"start":{"line":47,"column":18},"end":{"line":49,"column":3}},"line":47},"3":{"name":"(anonymous_3)","decl":{"start":{"line":51,"column":24},"end":{"line":51,"column":25}},"loc":{"start":{"line":51,"column":30},"end":{"line":54,"column":3}},"line":51},"4":{"name":"(anonymous_4)","decl":{"start":{"line":56,"column":27},"end":{"line":56,"column":28}},"loc":{"start":{"line":57,"column":4},"end":{"line":90,"column":11}},"line":57},"5":{"name":"(anonymous_5)","decl":{"start":{"line":93,"column":27},"end":{"line":93,"column":28}},"loc":{"start":{"line":94,"column":4},"end":{"line":99,"column":11}},"line":94},"6":{"name":"(anonymous_6)","decl":{"start":{"line":126,"column":22},"end":{"line":126,"column":23}},"loc":{"start":{"line":126,"column":32},"end":{"line":126,"column":45}},"line":126}},"branchMap":{"0":{"loc":{"start":{"line":26,"column":6},"end":{"line":32,"column":7}},"type":"if","locations":[{"start":{"line":26,"column":6},"end":{"line":32,"column":7}},{"start":{},"end":{}}],"line":26},"1":{"loc":{"start":{"line":28,"column":29},"end":{"line":28,"column":93}},"type":"cond-expr","locations":[{"start":{"line":28,"column":57},"end":{"line":28,"column":62}},{"start":{"line":28,"column":65},"end":{"line":28,"column":93}}],"line":28},"2":{"loc":{"start":{"line":34,"column":44},"end":{"line":34,"column":61}},"type":"binary-expr","locations":[{"start":{"line":34,"column":44},"end":{"line":34,"column":56}},{"start":{"line":34,"column":60},"end":{"line":34,"column":61}}],"line":34},"3":{"loc":{"start":{"line":35,"column":21},"end":{"line":35,"column":31}},"type":"binary-expr","locations":[{"start":{"line":35,"column":21},"end":{"line":35,"column":25}},{"start":{"line":35,"column":29},"end":{"line":35,"column":31}}],"line":35},"4":{"loc":{"start":{"line":60,"column":11},"end":{"line":60,"column":55}},"type":"binary-expr","locations":[{"start":{"line":60,"column":11},"end":{"line":60,"column":31}},{"start":{"line":60,"column":35},"end":{"line":60,"column":55}}],"line":60},"5":{"loc":{"start":{"line":64,"column":13},"end":{"line":64,"column":35}},"type":"binary-expr","locations":[{"start":{"line":64,"column":13},"end":{"line":64,"column":30}},{"start":{"line":64,"column":34},"end":{"line":64,"column":35}}],"line":64},"6":{"loc":{"start":{"line":73,"column":11},"end":{"line":73,"column":40}},"type":"binary-expr","locations":[{"start":{"line":73,"column":11},"end":{"line":73,"column":26}},{"start":{"line":73,"column":30},"end":{"line":73,"column":40}}],"line":73},"7":{"loc":{"start":{"line":80,"column":11},"end":{"line":80,"column":34}},"type":"binary-expr","locations":[{"start":{"line":80,"column":11},"end":{"line":80,"column":20}},{"start":{"line":80,"column":24},"end":{"line":80,"column":34}}],"line":80},"8":{"loc":{"start":{"line":84,"column":7},"end":{"line":89,"column":7}},"type":"binary-expr","locations":[{"start":{"line":84,"column":7},"end":{"line":84,"column":27}},{"start":{"line":85,"column":8},"end":{"line":88,"column":15}}],"line":84},"9":{"loc":{"start":{"line":102,"column":2},"end":{"line":114,"column":3}},"type":"if","locations":[{"start":{"line":102,"column":2},"end":{"line":114,"column":3}},{"start":{},"end":{}}],"line":102},"10":{"loc":{"start":{"line":132,"column":31},"end":{"line":132,"column":88}},"type":"cond-expr","locations":[{"start":{"line":132,"column":58},"end":{"line":132,"column":74}},{"start":{"line":132,"column":77},"end":{"line":132,"column":88}}],"line":132}},"s":{"0":0,"1":0,"2":0,"3":0,"4":0,"5":0,"6":0,"7":0,"8":0,"9":0,"10":0,"11":0,"12":0,"13":0,"14":0,"15":0,"16":0,"17":0,"18":0,"19":0,"20":0,"21":0,"22":0,"23":0,"24":0,"25":0,"26":0,"27":0,"28":0,"29":0,"30":0,"31":0,"32":0,"33":0,"34":0,"35":0},"f":{"0":0,"1":0,"2":0,"3":0,"4":0,"5":0,"6":0},"b":{"0":[0,0],"1":[0,0],"2":[0,0],"3":[0,0],"4":[0,0],"5":[0,0],"6":[0,0],"7":[0,0],"8":[0,0],"9":[0,0],"10":[0,0]}}
,"C:\\Projects\\Trophy-Cast-MVP-v2\\utils\\rulesLoader.ts": {"path":"C:\\Projects\\Trophy-Cast-MVP-v2\\utils\\rulesLoader.ts","statementMap":{"0":{"start":{"line":5,"column":2},"end":{"line":48,"column":3}},"1":{"start":{"line":7,"column":4},"end":{"line":44,"column":41}},"2":{"start":{"line":46,"column":4},"end":{"line":46,"column":49}},"3":{"start":{"line":47,"column":4},"end":{"line":47,"column":69}}},"fnMap":{"0":{"name":"loadTournamentRules","decl":{"start":{"line":4,"column":22},"end":{"line":4,"column":41}},"loc":{"start":{"line":4,"column":61},"end":{"line":49,"column":1}},"line":4}},"branchMap":{},"s":{"0":0,"1":0,"2":0,"3":0},"f":{"0":0},"b":{}}
,"C:\\Projects\\Trophy-Cast-MVP-v2\\utils\\toast.ts": {"path":"C:\\Projects\\Trophy-Cast-MVP-v2\\utils\\toast.ts","statementMap":{"0":{"start":{"line":16,"column":27},"end":{"line":25,"column":1}},"1":{"start":{"line":17,"column":2},"end":{"line":24,"column":5}},"2":{"start":{"line":35,"column":25},"end":{"line":44,"column":1}},"3":{"start":{"line":36,"column":2},"end":{"line":43,"column":5}},"4":{"start":{"line":54,"column":24},"end":{"line":63,"column":1}},"5":{"start":{"line":55,"column":2},"end":{"line":62,"column":5}},"6":{"start":{"line":73,"column":27},"end":{"line":82,"column":1}},"7":{"start":{"line":74,"column":2},"end":{"line":81,"column":5}},"8":{"start":{"line":87,"column":25},"end":{"line":89,"column":1}},"9":{"start":{"line":88,"column":2},"end":{"line":88,"column":15}}},"fnMap":{"0":{"name":"(anonymous_0)","decl":{"start":{"line":16,"column":27},"end":{"line":16,"column":28}},"loc":{"start":{"line":16,"column":64},"end":{"line":25,"column":1}},"line":16},"1":{"name":"(anonymous_1)","decl":{"start":{"line":35,"column":25},"end":{"line":35,"column":26}},"loc":{"start":{"line":35,"column":62},"end":{"line":44,"column":1}},"line":35},"2":{"name":"(anonymous_2)","decl":{"start":{"line":54,"column":24},"end":{"line":54,"column":25}},"loc":{"start":{"line":54,"column":61},"end":{"line":63,"column":1}},"line":54},"3":{"name":"(anonymous_3)","decl":{"start":{"line":73,"column":27},"end":{"line":73,"column":28}},"loc":{"start":{"line":73,"column":64},"end":{"line":82,"column":1}},"line":73},"4":{"name":"(anonymous_4)","decl":{"start":{"line":87,"column":25},"end":{"line":87,"column":26}},"loc":{"start":{"line":87,"column":31},"end":{"line":89,"column":1}},"line":87}},"branchMap":{},"s":{"0":1,"1":5,"2":1,"3":5,"4":1,"5":2,"6":1,"7":3,"8":1,"9":1},"f":{"0":5,"1":5,"2":2,"3":3,"4":1},"b":{},"_coverageSchema":"1a1c01bbd47fc00a2c39e90264f33305004495a9","hash":"9000df002d00bbc71315ee5d3f194ad2890b9f67"}
}
