TN:
SF:components\AnimatedCard.tsx
FN:21,AnimatedCard
FN:31,(anonymous_1)
FN:37,(anonymous_2)
FN:45,(anonymous_3)
FNF:4
FNH:0
FNDA:0,AnimatedCard
FNDA:0,(anonymous_1)
FNDA:0,(anonymous_2)
FNDA:0,(anonymous_3)
DA:28,0
DA:29,0
DA:31,0
DA:35,0
DA:37,0
DA:38,0
DA:39,0
DA:41,0
DA:45,0
DA:50,0
DA:51,0
DA:72,0
DA:76,0
LF:13
LH:0
BRDA:23,0,0,0
BRDA:25,1,0,0
BRDA:26,2,0,0
BRDA:38,3,0,0
BRDA:38,3,1,0
BRDA:50,4,0,0
BRDA:50,4,1,0
BRDA:72,5,0,0
BRDA:72,5,1,0
BRF:9
BRH:0
end_of_record
TN:
SF:components\DatabaseStatusScreen.tsx
FN:5,(anonymous_0)
FN:10,(anonymous_1)
FN:24,(anonymous_2)
FN:28,(anonymous_3)
FN:29,(anonymous_4)
FN:72,(anonymous_5)
FN:116,(anonymous_6)
FNF:7
FNH:0
FNDA:0,(anonymous_0)
FNDA:0,(anonymous_1)
FNDA:0,(anonymous_2)
FNDA:0,(anonymous_3)
FNDA:0,(anonymous_4)
FNDA:0,(anonymous_5)
FNDA:0,(anonymous_6)
DA:5,0
DA:6,0
DA:7,0
DA:8,0
DA:10,0
DA:11,0
DA:12,0
DA:13,0
DA:14,0
DA:15,0
DA:17,0
DA:19,0
DA:24,0
DA:25,0
DA:28,0
DA:29,0
DA:31,0
DA:73,0
DA:117,0
DA:161,0
LF:20
LH:0
BRDA:28,0,0,0
BRDA:28,0,1,0
BRDA:29,1,0,0
BRDA:29,1,1,0
BRDA:36,2,0,0
BRDA:36,2,1,0
BRDA:41,3,0,0
BRDA:41,3,1,0
BRDA:46,4,0,0
BRDA:46,4,1,0
BRDA:52,5,0,0
BRDA:52,5,1,0
BRDA:59,6,0,0
BRDA:59,6,1,0
BRDA:64,7,0,0
BRDA:64,7,1,0
BRDA:85,8,0,0
BRDA:85,8,1,0
BRDA:85,8,2,0
BRDA:88,9,0,0
BRDA:88,9,1,0
BRDA:96,10,0,0
BRDA:96,10,1,0
BRDA:113,11,0,0
BRDA:113,11,1,0
BRDA:127,12,0,0
BRDA:127,12,1,0
BRDA:127,13,0,0
BRDA:127,13,1,0
BRDA:132,14,0,0
BRDA:132,14,1,0
BRDA:132,15,0,0
BRDA:132,15,1,0
BRDA:152,16,0,0
BRDA:152,16,1,0
BRDA:152,16,2,0
BRF:36
BRH:0
end_of_record
TN:
SF:components\EmptyState.tsx
FN:26,(anonymous_0)
FNF:1
FNH:0
FNDA:0,(anonymous_0)
DA:26,0
DA:33,0
DA:58,0
LF:3
LH:0
BRDA:27,0,0,0
BRDA:42,1,0,0
BRDA:42,1,1,0
BRDA:42,1,2,0
BRF:4
BRH:0
end_of_record
TN:
SF:components\EnhancedAOYScreen.tsx
FN:31,EnhancedAOYScreen
FN:42,(anonymous_1)
FN:46,(anonymous_2)
FN:54,(anonymous_3)
FN:74,(anonymous_4)
FN:84,(anonymous_5)
FN:93,(anonymous_6)
FN:102,(anonymous_7)
FN:103,(anonymous_8)
FN:129,(anonymous_9)
FN:133,(anonymous_10)
FN:142,(anonymous_11)
FN:226,(anonymous_12)
FN:245,(anonymous_13)
FN:254,(anonymous_14)
FN:254,(anonymous_15)
FN:258,(anonymous_16)
FN:258,(anonymous_17)
FN:270,(anonymous_18)
FN:270,(anonymous_19)
FN:279,(anonymous_20)
FN:279,(anonymous_21)
FN:288,(anonymous_22)
FN:288,(anonymous_23)
FN:298,(anonymous_24)
FN:300,(anonymous_25)
FN:360,(anonymous_26)
FN:372,(anonymous_27)
FNF:28
FNH:0
FNDA:0,EnhancedAOYScreen
FNDA:0,(anonymous_1)
FNDA:0,(anonymous_2)
FNDA:0,(anonymous_3)
FNDA:0,(anonymous_4)
FNDA:0,(anonymous_5)
FNDA:0,(anonymous_6)
FNDA:0,(anonymous_7)
FNDA:0,(anonymous_8)
FNDA:0,(anonymous_9)
FNDA:0,(anonymous_10)
FNDA:0,(anonymous_11)
FNDA:0,(anonymous_12)
FNDA:0,(anonymous_13)
FNDA:0,(anonymous_14)
FNDA:0,(anonymous_15)
FNDA:0,(anonymous_16)
FNDA:0,(anonymous_17)
FNDA:0,(anonymous_18)
FNDA:0,(anonymous_19)
FNDA:0,(anonymous_20)
FNDA:0,(anonymous_21)
FNDA:0,(anonymous_22)
FNDA:0,(anonymous_23)
FNDA:0,(anonymous_24)
FNDA:0,(anonymous_25)
FNDA:0,(anonymous_26)
FNDA:0,(anonymous_27)
DA:32,0
DA:33,0
DA:34,0
DA:39,0
DA:42,0
DA:43,0
DA:46,0
DA:47,0
DA:48,0
DA:49,0
DA:53,0
DA:54,0
DA:55,0
DA:58,0
DA:59,0
DA:60,0
DA:61,0
DA:62,0
DA:63,0
DA:66,0
DA:74,0
DA:75,0
DA:76,0
DA:77,0
DA:78,0
DA:79,0
DA:80,0
DA:81,0
DA:84,0
DA:85,0
DA:86,0
DA:87,0
DA:88,0
DA:89,0
DA:90,0
DA:93,0
DA:94,0
DA:95,0
DA:96,0
DA:97,0
DA:98,0
DA:102,0
DA:103,0
DA:105,0
DA:106,0
DA:108,0
DA:110,0
DA:114,0
DA:115,0
DA:119,0
DA:120,0
DA:121,0
DA:122,0
DA:125,0
DA:129,0
DA:130,0
DA:133,0
DA:134,0
DA:135,0
DA:136,0
DA:137,0
DA:139,0
DA:142,0
DA:226,0
DA:245,0
DA:246,0
DA:254,0
DA:258,0
DA:270,0
DA:279,0
DA:288,0
DA:298,0
DA:299,0
DA:300,0
DA:301,0
DA:303,0
DA:323,0
DA:324,0
DA:333,0
DA:334,0
DA:347,0
DA:349,0
DA:361,0
DA:362,0
DA:364,0
DA:372,0
DA:385,0
LF:87
LH:0
BRDA:33,0,0,0
BRDA:43,1,0,0
BRDA:43,1,1,0
BRDA:47,2,0,0
BRDA:47,2,1,0
BRDA:48,3,0,0
BRDA:48,3,1,0
BRDA:59,4,0,0
BRDA:59,4,1,0
BRDA:61,5,0,0
BRDA:61,5,1,0
BRDA:62,6,0,0
BRDA:62,6,1,0
BRDA:75,7,0,0
BRDA:75,7,1,0
BRDA:76,8,0,0
BRDA:76,8,1,0
BRDA:77,9,0,0
BRDA:77,9,1,0
BRDA:78,10,0,0
BRDA:78,10,1,0
BRDA:79,11,0,0
BRDA:79,11,1,0
BRDA:80,12,0,0
BRDA:80,12,1,0
BRDA:85,13,0,0
BRDA:85,13,1,0
BRDA:86,14,0,0
BRDA:86,14,1,0
BRDA:87,15,0,0
BRDA:87,15,1,0
BRDA:88,16,0,0
BRDA:88,16,1,0
BRDA:89,17,0,0
BRDA:89,17,1,0
BRDA:94,18,0,0
BRDA:94,18,1,0
BRDA:94,18,2,0
BRDA:94,18,3,0
BRDA:105,19,0,0
BRDA:105,19,1,0
BRDA:108,20,0,0
BRDA:108,20,1,0
BRDA:110,21,0,0
BRDA:110,21,1,0
BRDA:114,22,0,0
BRDA:114,22,1,0
BRDA:114,23,0,0
BRDA:114,23,1,0
BRDA:115,24,0,0
BRDA:115,24,1,0
BRDA:119,25,0,0
BRDA:119,25,1,0
BRDA:121,26,0,0
BRDA:121,26,1,0
BRDA:121,27,0,0
BRDA:121,27,1,0
BRDA:122,28,0,0
BRDA:122,28,1,0
BRDA:122,29,0,0
BRDA:122,29,1,0
BRDA:141,30,0,0
BRDA:141,30,1,0
BRDA:142,31,0,0
BRDA:142,31,1,0
BRDA:151,32,0,0
BRDA:151,32,1,0
BRDA:157,33,0,0
BRDA:157,33,1,0
BRDA:158,34,0,0
BRDA:158,34,1,0
BRDA:162,35,0,0
BRDA:162,35,1,0
BRDA:175,36,0,0
BRDA:175,36,1,0
BRDA:179,37,0,0
BRDA:179,37,1,0
BRDA:192,38,0,0
BRDA:192,38,1,0
BRDA:200,39,0,0
BRDA:200,39,1,0
BRDA:207,40,0,0
BRDA:207,40,1,0
BRDA:214,41,0,0
BRDA:214,41,1,0
BRDA:221,42,0,0
BRDA:221,42,1,0
BRDA:236,43,0,0
BRDA:236,43,1,0
BRDA:256,44,0,0
BRDA:256,44,1,0
BRDA:269,45,0,0
BRDA:269,45,1,0
BRDA:272,46,0,0
BRDA:272,46,1,0
BRDA:278,47,0,0
BRDA:278,47,1,0
BRDA:281,48,0,0
BRDA:281,48,1,0
BRDA:287,49,0,0
BRDA:287,49,1,0
BRDA:290,50,0,0
BRDA:290,50,1,0
BRDA:300,51,0,0
BRDA:300,51,1,0
BRDA:301,52,0,0
BRDA:301,52,1,0
BRDA:315,53,0,0
BRDA:315,53,1,0
BRDA:315,54,0,0
BRDA:315,54,1,0
BRDA:323,55,0,0
BRDA:323,55,1,0
BRDA:323,56,0,0
BRDA:323,56,1,0
BRDA:333,57,0,0
BRDA:333,57,1,0
BRDA:353,58,0,0
BRDA:353,58,1,0
BRDA:355,59,0,0
BRDA:355,59,1,0
BRDA:355,60,0,0
BRDA:355,60,1,0
BRDA:356,61,0,0
BRDA:356,61,1,0
BRDA:356,62,0,0
BRDA:356,62,1,0
BRDA:359,63,0,0
BRDA:359,63,1,0
BRDA:359,64,0,0
BRDA:359,64,1,0
BRDA:361,65,0,0
BRDA:361,65,1,0
BRDA:361,66,0,0
BRDA:361,66,1,0
BRF:135
BRH:0
end_of_record
TN:
SF:components\EnhancedProfileScreen.tsx
FN:41,EnhancedProfileScreen
FN:51,(anonymous_1)
FN:65,(anonymous_2)
FN:70,(anonymous_3)
FN:86,(anonymous_4)
FN:141,(anonymous_5)
FN:159,(anonymous_6)
FN:233,(anonymous_7)
FN:233,(anonymous_8)
FN:250,(anonymous_9)
FN:270,(anonymous_10)
FN:328,(anonymous_11)
FN:333,(anonymous_12)
FN:336,(anonymous_13)
FN:381,(anonymous_14)
FN:415,(anonymous_15)
FN:436,(anonymous_16)
FN:460,(anonymous_17)
FN:474,(anonymous_18)
FN:488,(anonymous_19)
FN:502,(anonymous_20)
FNF:21
FNH:0
FNDA:0,EnhancedProfileScreen
FNDA:0,(anonymous_1)
FNDA:0,(anonymous_2)
FNDA:0,(anonymous_3)
FNDA:0,(anonymous_4)
FNDA:0,(anonymous_5)
FNDA:0,(anonymous_6)
FNDA:0,(anonymous_7)
FNDA:0,(anonymous_8)
FNDA:0,(anonymous_9)
FNDA:0,(anonymous_10)
FNDA:0,(anonymous_11)
FNDA:0,(anonymous_12)
FNDA:0,(anonymous_13)
FNDA:0,(anonymous_14)
FNDA:0,(anonymous_15)
FNDA:0,(anonymous_16)
FNDA:0,(anonymous_17)
FNDA:0,(anonymous_18)
FNDA:0,(anonymous_19)
FNDA:0,(anonymous_20)
DA:39,0
DA:42,0
DA:43,0
DA:44,0
DA:46,0
DA:47,0
DA:48,0
DA:51,0
DA:52,0
DA:53,0
DA:64,0
DA:65,0
DA:69,0
DA:70,0
DA:71,0
DA:72,0
DA:75,0
DA:86,0
DA:141,0
DA:142,0
DA:143,0
DA:144,0
DA:146,0
DA:150,0
DA:151,0
DA:159,0
DA:160,0
DA:233,0
DA:234,0
DA:251,0
DA:270,0
DA:271,0
DA:328,0
DA:329,0
DA:333,0
DA:337,0
DA:381,0
DA:382,0
DA:415,0
DA:436,0
DA:437,0
DA:438,0
DA:439,0
DA:440,0
DA:441,0
DA:442,0
DA:446,0
DA:447,0
DA:454,0
DA:460,0
DA:474,0
DA:488,0
DA:502,0
DA:521,0
LF:54
LH:0
BRDA:43,0,0,0
BRDA:44,1,0,0
BRDA:52,2,0,0
BRDA:52,2,1,0
BRDA:71,3,0,0
BRDA:71,3,1,0
BRDA:77,4,0,0
BRDA:77,4,1,0
BRDA:78,5,0,0
BRDA:78,5,1,0
BRDA:102,6,0,0
BRDA:102,6,1,0
BRDA:111,7,0,0
BRDA:111,7,1,0
BRDA:137,8,0,0
BRDA:137,8,1,0
BRDA:150,9,0,0
BRDA:150,9,1,0
BRDA:177,10,0,0
BRDA:177,10,1,0
BRDA:180,11,0,0
BRDA:180,11,1,0
BRDA:183,12,0,0
BRDA:183,12,1,0
BRDA:187,13,0,0
BRDA:187,13,1,0
BRDA:214,14,0,0
BRDA:214,14,1,0
BRDA:222,15,0,0
BRDA:222,15,1,0
BRDA:240,16,0,0
BRDA:240,16,1,0
BRDA:254,17,0,0
BRDA:254,17,1,0
BRDA:257,18,0,0
BRDA:257,18,1,0
BRDA:289,19,0,0
BRDA:289,19,1,0
BRDA:302,20,0,0
BRDA:302,20,1,0
BRDA:308,21,0,0
BRDA:308,21,1,0
BRDA:318,22,0,0
BRDA:318,22,1,0
BRDA:339,23,0,0
BRDA:339,23,1,0
BRDA:343,24,0,0
BRDA:343,24,1,0
BRDA:348,25,0,0
BRDA:348,25,1,0
BRDA:355,26,0,0
BRDA:355,26,1,0
BRDA:361,27,0,0
BRDA:361,27,1,0
BRDA:365,28,0,0
BRDA:365,28,1,0
BRDA:365,28,2,0
BRDA:372,29,0,0
BRDA:372,29,1,0
BRDA:403,30,0,0
BRDA:403,30,1,0
BRDA:437,31,0,0
BRDA:437,31,1,0
BRDA:437,31,2,0
BRDA:437,31,3,0
BRDA:437,31,4,0
BRDA:446,32,0,0
BRDA:446,32,1,0
BRDA:446,33,0,0
BRDA:446,33,1,0
BRDA:459,34,0,0
BRDA:459,34,1,0
BRDA:465,35,0,0
BRDA:465,35,1,0
BRDA:467,36,0,0
BRDA:467,36,1,0
BRDA:473,37,0,0
BRDA:473,37,1,0
BRDA:479,38,0,0
BRDA:479,38,1,0
BRDA:481,39,0,0
BRDA:481,39,1,0
BRDA:487,40,0,0
BRDA:487,40,1,0
BRDA:493,41,0,0
BRDA:493,41,1,0
BRDA:495,42,0,0
BRDA:495,42,1,0
BRDA:501,43,0,0
BRDA:501,43,1,0
BRDA:507,44,0,0
BRDA:507,44,1,0
BRDA:509,45,0,0
BRDA:509,45,1,0
BRF:94
BRH:0
end_of_record
TN:
SF:components\EnhancedRegisterScreen.tsx
FN:20,EnhancedRegisterScreen
FN:43,(anonymous_1)
FN:52,(anonymous_2)
FN:100,(anonymous_3)
FN:105,(anonymous_4)
FN:113,(anonymous_5)
FN:153,(anonymous_6)
FN:204,(anonymous_7)
FN:242,(anonymous_8)
FN:246,(anonymous_9)
FN:250,(anonymous_10)
FN:259,(anonymous_11)
FN:325,(anonymous_12)
FN:350,(anonymous_13)
FN:439,(anonymous_14)
FNF:15
FNH:1
FNDA:33,EnhancedRegisterScreen
FNDA:0,(anonymous_1)
FNDA:0,(anonymous_2)
FNDA:0,(anonymous_3)
FNDA:0,(anonymous_4)
FNDA:0,(anonymous_5)
FNDA:0,(anonymous_6)
FNDA:0,(anonymous_7)
FNDA:0,(anonymous_8)
FNDA:0,(anonymous_9)
FNDA:0,(anonymous_10)
FNDA:0,(anonymous_11)
FNDA:0,(anonymous_12)
FNDA:0,(anonymous_13)
FNDA:0,(anonymous_14)
DA:21,33
DA:22,33
DA:23,32
DA:24,32
DA:27,32
DA:28,32
DA:29,32
DA:30,32
DA:33,32
DA:34,32
DA:35,32
DA:36,32
DA:39,32
DA:40,32
DA:43,32
DA:44,0
DA:45,0
DA:47,0
DA:48,0
DA:52,32
DA:53,0
DA:55,0
DA:56,0
DA:63,0
DA:64,0
DA:65,0
DA:66,0
DA:70,0
DA:73,0
DA:74,0
DA:75,0
DA:80,0
DA:81,0
DA:84,0
DA:85,0
DA:91,0
DA:92,0
DA:93,0
DA:100,32
DA:101,0
DA:102,0
DA:105,32
DA:106,0
DA:107,0
DA:108,0
DA:109,0
DA:110,0
DA:113,32
DA:114,0
DA:115,0
DA:117,0
DA:118,0
DA:119,0
DA:120,0
DA:123,0
DA:124,0
DA:125,0
DA:126,0
DA:129,0
DA:130,0
DA:132,0
DA:133,0
DA:134,0
DA:135,0
DA:136,0
DA:137,0
DA:138,0
DA:140,0
DA:143,0
DA:146,0
DA:147,0
DA:149,0
DA:153,32
DA:154,0
DA:155,0
DA:158,0
DA:159,0
DA:160,0
DA:161,0
DA:164,0
DA:165,0
DA:166,0
DA:167,0
DA:170,0
DA:171,0
DA:172,0
DA:173,0
DA:174,0
DA:177,0
DA:178,0
DA:179,0
DA:180,0
DA:183,0
DA:184,0
DA:186,0
DA:187,0
DA:188,0
DA:190,0
DA:193,0
DA:194,0
DA:197,0
DA:198,0
DA:200,0
DA:204,32
DA:205,0
DA:206,0
DA:209,0
DA:210,0
DA:211,0
DA:212,0
DA:215,0
DA:216,0
DA:217,0
DA:218,0
DA:221,0
DA:222,0
DA:224,0
DA:225,0
DA:226,0
DA:228,0
DA:231,0
DA:232,0
DA:235,0
DA:236,0
DA:238,0
DA:242,32
DA:243,0
DA:244,0
DA:245,0
DA:246,0
DA:250,32
DA:251,0
DA:252,0
DA:253,0
DA:254,0
DA:255,0
DA:259,32
DA:260,0
DA:261,0
DA:263,0
DA:264,0
DA:266,0
DA:270,32
DA:271,32
DA:325,0
DA:338,0
DA:339,0
DA:350,0
DA:360,0
DA:361,0
DA:434,0
DA:439,0
DA:524,1
LF:153
LH:27
BRDA:44,0,0,0
BRDA:44,0,1,0
BRDA:63,1,0,0
BRDA:63,1,1,0
BRDA:73,2,0,0
BRDA:73,2,1,0
BRDA:80,3,0,0
BRDA:80,3,1,0
BRDA:80,4,0,0
BRDA:80,4,1,0
BRDA:107,5,0,0
BRDA:107,5,1,0
BRDA:108,6,0,0
BRDA:108,6,1,0
BRDA:109,7,0,0
BRDA:109,7,1,0
BRDA:117,8,0,0
BRDA:117,8,1,0
BRDA:117,9,0,0
BRDA:117,9,1,0
BRDA:123,10,0,0
BRDA:123,10,1,0
BRDA:132,11,0,0
BRDA:132,11,1,0
BRDA:133,12,0,0
BRDA:133,12,1,0
BRDA:134,13,0,0
BRDA:134,13,1,0
BRDA:134,14,0,0
BRDA:134,14,1,0
BRDA:137,15,0,0
BRDA:137,15,1,0
BRDA:158,16,0,0
BRDA:158,16,1,0
BRDA:158,17,0,0
BRDA:158,17,1,0
BRDA:158,17,2,0
BRDA:164,18,0,0
BRDA:164,18,1,0
BRDA:171,19,0,0
BRDA:171,19,1,0
BRDA:177,20,0,0
BRDA:177,20,1,0
BRDA:186,21,0,0
BRDA:186,21,1,0
BRDA:187,22,0,0
BRDA:187,22,1,0
BRDA:209,23,0,0
BRDA:209,23,1,0
BRDA:209,24,0,0
BRDA:209,24,1,0
BRDA:209,24,2,0
BRDA:215,25,0,0
BRDA:215,25,1,0
BRDA:224,26,0,0
BRDA:224,26,1,0
BRDA:225,27,0,0
BRDA:225,27,1,0
BRDA:243,28,0,0
BRDA:243,28,1,0
BRDA:251,29,0,0
BRDA:251,29,1,0
BRDA:251,29,2,0
BRDA:251,29,3,0
BRDA:260,30,0,0
BRDA:260,30,1,0
BRDA:260,31,0,0
BRDA:260,31,1,0
BRDA:263,32,0,0
BRDA:263,32,1,0
BRDA:263,33,0,0
BRDA:263,33,1,0
BRDA:270,34,0,32
BRDA:270,34,1,0
BRDA:297,35,0,0
BRDA:297,35,1,32
BRDA:305,36,0,32
BRDA:305,36,1,0
BRDA:309,37,0,0
BRDA:309,37,1,32
BRDA:317,38,0,32
BRDA:317,38,1,0
BRDA:338,39,0,0
BRDA:338,39,1,0
BRDA:360,40,0,0
BRDA:360,40,1,0
BRDA:399,41,0,0
BRDA:399,41,1,0
BRDA:402,42,0,0
BRDA:402,42,1,0
BRDA:405,43,0,0
BRDA:405,43,1,0
BRDA:410,44,0,0
BRDA:410,44,1,0
BRDA:418,45,0,0
BRDA:418,45,1,0
BRDA:422,46,0,0
BRDA:422,46,1,0
BRDA:463,47,0,0
BRDA:463,47,1,0
BRDA:466,48,0,0
BRDA:466,48,1,0
BRDA:490,49,0,0
BRDA:490,49,1,0
BRDA:500,50,0,0
BRDA:500,50,1,0
BRDA:500,50,2,0
BRDA:503,51,0,0
BRDA:503,51,1,0
BRDA:505,52,0,0
BRDA:505,52,1,0
BRF:111
BRH:5
end_of_record
TN:
SF:components\EnhancedTournamentsScreen.tsx
FN:25,EnhancedTournamentsScreen
FN:42,(anonymous_1)
FN:57,(anonymous_2)
FN:74,(anonymous_3)
FN:83,(anonymous_4)
FN:84,(anonymous_5)
FN:112,(anonymous_6)
FN:116,(anonymous_7)
FN:123,(anonymous_8)
FN:197,(anonymous_9)
FN:219,(anonymous_10)
FN:228,(anonymous_11)
FN:228,(anonymous_12)
FN:232,(anonymous_13)
FN:232,(anonymous_14)
FN:244,(anonymous_15)
FN:244,(anonymous_16)
FN:253,(anonymous_17)
FN:253,(anonymous_18)
FN:262,(anonymous_19)
FN:262,(anonymous_20)
FN:298,(anonymous_21)
FN:312,(anonymous_22)
FN:324,(anonymous_23)
FNF:24
FNH:0
FNDA:0,EnhancedTournamentsScreen
FNDA:0,(anonymous_1)
FNDA:0,(anonymous_2)
FNDA:0,(anonymous_3)
FNDA:0,(anonymous_4)
FNDA:0,(anonymous_5)
FNDA:0,(anonymous_6)
FNDA:0,(anonymous_7)
FNDA:0,(anonymous_8)
FNDA:0,(anonymous_9)
FNDA:0,(anonymous_10)
FNDA:0,(anonymous_11)
FNDA:0,(anonymous_12)
FNDA:0,(anonymous_13)
FNDA:0,(anonymous_14)
FNDA:0,(anonymous_15)
FNDA:0,(anonymous_16)
FNDA:0,(anonymous_17)
FNDA:0,(anonymous_18)
FNDA:0,(anonymous_19)
FNDA:0,(anonymous_20)
FNDA:0,(anonymous_21)
FNDA:0,(anonymous_22)
FNDA:0,(anonymous_23)
DA:26,0
DA:27,0
DA:28,0
DA:33,0
DA:37,0
DA:42,0
DA:43,0
DA:44,0
DA:45,0
DA:46,0
DA:53,0
DA:57,0
DA:58,0
DA:60,0
DA:61,0
DA:62,0
DA:63,0
DA:65,0
DA:66,0
DA:67,0
DA:68,0
DA:70,0
DA:74,0
DA:75,0
DA:76,0
DA:77,0
DA:78,0
DA:79,0
DA:83,0
DA:84,0
DA:86,0
DA:87,0
DA:89,0
DA:92,0
DA:96,0
DA:97,0
DA:98,0
DA:102,0
DA:103,0
DA:104,0
DA:105,0
DA:108,0
DA:112,0
DA:113,0
DA:116,0
DA:117,0
DA:118,0
DA:120,0
DA:123,0
DA:197,0
DA:219,0
DA:220,0
DA:228,0
DA:232,0
DA:244,0
DA:253,0
DA:262,0
DA:272,0
DA:273,0
DA:281,0
DA:282,0
DA:295,0
DA:298,0
DA:299,0
DA:301,0
DA:313,0
DA:314,0
DA:316,0
DA:324,0
DA:336,0
LF:70
LH:0
BRDA:27,0,0,0
BRDA:37,1,0,0
BRDA:37,2,0,0
BRDA:37,2,1,0
BRDA:43,3,0,0
BRDA:43,3,1,0
BRDA:58,4,0,0
BRDA:58,4,1,0
BRDA:65,5,0,0
BRDA:65,5,1,0
BRDA:67,6,0,0
BRDA:67,6,1,0
BRDA:75,7,0,0
BRDA:75,7,1,0
BRDA:75,7,2,0
BRDA:75,7,3,0
BRDA:77,8,0,0
BRDA:77,8,1,0
BRDA:86,9,0,0
BRDA:86,9,1,0
BRDA:89,10,0,0
BRDA:89,10,1,0
BRDA:89,10,2,0
BRDA:92,11,0,0
BRDA:92,11,1,0
BRDA:96,12,0,0
BRDA:96,12,1,0
BRDA:96,13,0,0
BRDA:96,13,1,0
BRDA:98,14,0,0
BRDA:98,14,1,0
BRDA:102,15,0,0
BRDA:102,15,1,0
BRDA:104,16,0,0
BRDA:104,16,1,0
BRDA:104,17,0,0
BRDA:104,17,1,0
BRDA:104,17,2,0
BRDA:105,18,0,0
BRDA:105,18,1,0
BRDA:105,19,0,0
BRDA:105,19,1,0
BRDA:122,20,0,0
BRDA:122,20,1,0
BRDA:123,21,0,0
BRDA:123,21,1,0
BRDA:123,22,0,0
BRDA:123,22,1,0
BRDA:129,23,0,0
BRDA:129,23,1,0
BRDA:130,24,0,0
BRDA:130,24,1,0
BRDA:142,25,0,0
BRDA:142,25,1,0
BRDA:142,26,0,0
BRDA:142,26,1,0
BRDA:142,27,0,0
BRDA:142,27,1,0
BRDA:142,28,0,0
BRDA:142,28,1,0
BRDA:142,29,0,0
BRDA:142,29,1,0
BRDA:153,30,0,0
BRDA:153,30,1,0
BRDA:160,31,0,0
BRDA:160,31,1,0
BRDA:164,32,0,0
BRDA:164,32,1,0
BRDA:175,33,0,0
BRDA:175,33,1,0
BRDA:184,34,0,0
BRDA:184,34,1,0
BRDA:184,35,0,0
BRDA:184,35,1,0
BRDA:184,36,0,0
BRDA:184,36,1,0
BRDA:184,37,0,0
BRDA:184,37,1,0
BRDA:184,38,0,0
BRDA:184,38,1,0
BRDA:210,39,0,0
BRDA:210,39,1,0
BRDA:230,40,0,0
BRDA:230,40,1,0
BRDA:243,41,0,0
BRDA:243,41,1,0
BRDA:246,42,0,0
BRDA:246,42,1,0
BRDA:252,43,0,0
BRDA:252,43,1,0
BRDA:255,44,0,0
BRDA:255,44,1,0
BRDA:261,45,0,0
BRDA:261,45,1,0
BRDA:264,46,0,0
BRDA:264,46,1,0
BRDA:272,47,0,0
BRDA:272,47,1,0
BRDA:272,48,0,0
BRDA:272,48,1,0
BRDA:281,49,0,0
BRDA:281,49,1,0
BRDA:299,50,0,0
BRDA:305,51,0,0
BRDA:305,51,1,0
BRDA:307,52,0,0
BRDA:307,52,1,0
BRDA:307,53,0,0
BRDA:307,53,1,0
BRDA:308,54,0,0
BRDA:308,54,1,0
BRDA:308,55,0,0
BRDA:308,55,1,0
BRDA:311,56,0,0
BRDA:311,56,1,0
BRDA:311,57,0,0
BRDA:311,57,1,0
BRDA:313,58,0,0
BRDA:313,58,1,0
BRDA:313,59,0,0
BRDA:313,59,1,0
BRDA:324,60,0,0
BRDA:324,60,1,0
BRDA:324,60,2,0
BRF:124
BRH:0
end_of_record
TN:
SF:components\ErrorBoundary.tsx
FN:25,(anonymous_0)
FN:34,(anonymous_1)
FN:39,(anonymous_2)
FN:56,(anonymous_3)
FN:64,(anonymous_4)
FN:71,(anonymous_5)
FNF:6
FNH:5
FNDA:13,(anonymous_0)
FNDA:14,(anonymous_1)
FNDA:7,(anonymous_2)
FNDA:1,(anonymous_3)
FNDA:0,(anonymous_4)
FNDA:37,(anonymous_5)
DA:26,13
DA:27,13
DA:36,14
DA:41,7
DA:44,7
DA:50,7
DA:56,13
DA:57,1
DA:64,13
DA:66,0
DA:67,0
DA:72,37
DA:73,22
DA:108,15
DA:112,1
LF:15
LH:13
BRDA:66,0,0,0
BRDA:66,0,1,0
BRDA:72,1,0,22
BRDA:72,1,1,15
BRDA:92,2,0,22
BRDA:92,2,1,19
BRDA:92,2,2,19
BRDA:96,3,0,19
BRDA:96,3,1,7
BRF:9
BRH:7
end_of_record
TN:
SF:components\Input.tsx
FN:24,(anonymous_0)
FN:56,(anonymous_1)
FN:57,(anonymous_2)
FN:64,(anonymous_3)
FNF:4
FNH:0
FNDA:0,(anonymous_0)
FNDA:0,(anonymous_1)
FNDA:0,(anonymous_2)
FNDA:0,(anonymous_3)
DA:24,1
DA:32,0
DA:33,0
DA:35,0
DA:56,0
DA:57,0
DA:64,0
DA:86,1
LF:8
LH:2
BRDA:37,0,0,0
BRDA:37,0,1,0
BRDA:41,1,0,0
BRDA:41,1,1,0
BRDA:42,2,0,0
BRDA:42,2,1,0
BRDA:44,3,0,0
BRDA:44,3,1,0
BRDA:48,4,0,0
BRDA:48,4,1,0
BRDA:48,5,0,0
BRDA:48,5,1,0
BRDA:62,6,0,0
BRDA:62,6,1,0
BRDA:68,7,0,0
BRDA:68,7,1,0
BRDA:76,8,0,0
BRDA:76,8,1,0
BRF:18
BRH:0
end_of_record
TN:
SF:components\OfficerCard.tsx
FN:10,(anonymous_0)
FN:11,(anonymous_1)
FN:17,(anonymous_2)
FNF:3
FNH:0
FNDA:0,(anonymous_0)
FNDA:0,(anonymous_1)
FNDA:0,(anonymous_2)
DA:10,0
DA:11,0
DA:12,0
DA:13,0
DA:17,0
DA:18,0
DA:19,0
DA:23,0
DA:53,0
LF:9
LH:0
BRDA:12,0,0,0
BRDA:12,0,1,0
BRDA:18,1,0,0
BRDA:18,1,1,0
BRDA:28,2,0,0
BRDA:28,2,1,0
BRDA:33,3,0,0
BRDA:33,3,1,0
BRDA:37,4,0,0
BRDA:37,4,1,0
BRDA:42,5,0,0
BRDA:42,5,1,0
BRF:12
BRH:0
end_of_record
TN:
SF:components\RulesDisplay.tsx
FN:10,(anonymous_0)
FN:13,(anonymous_1)
FN:21,(anonymous_2)
FNF:3
FNH:0
FNDA:0,(anonymous_0)
FNDA:0,(anonymous_1)
FNDA:0,(anonymous_2)
DA:10,0
DA:11,0
DA:13,0
DA:14,0
DA:15,0
DA:17,0
DA:21,0
DA:22,0
DA:23,0
DA:24,0
DA:26,0
DA:27,0
DA:31,0
DA:61,0
LF:14
LH:0
BRDA:14,0,0,0
BRDA:14,0,1,0
BRF:2
BRH:0
end_of_record
TN:
SF:components\Skeleton.tsx
FN:18,(anonymous_0)
FN:26,(anonymous_1)
FN:44,(anonymous_2)
FN:66,(anonymous_3)
FN:80,(anonymous_4)
FN:82,(anonymous_5)
FN:91,(anonymous_6)
FN:103,(anonymous_7)
FNF:8
FNH:0
FNDA:0,(anonymous_0)
FNDA:0,(anonymous_1)
FNDA:0,(anonymous_2)
FNDA:0,(anonymous_3)
FNDA:0,(anonymous_4)
FNDA:0,(anonymous_5)
FNDA:0,(anonymous_6)
FNDA:0,(anonymous_7)
DA:18,0
DA:24,0
DA:26,0
DA:27,0
DA:42,0
DA:44,0
DA:47,0
DA:66,0
DA:67,0
DA:80,0
DA:81,0
DA:83,0
DA:91,0
DA:92,0
DA:103,0
DA:104,0
DA:131,0
LF:17
LH:0
BRDA:19,0,0,0
BRDA:20,1,0,0
BRDA:21,2,0,0
BRDA:80,3,0,0
BRF:4
BRH:0
end_of_record
TN:
SF:components\ThemeToggle.tsx
FN:17,(anonymous_0)
FN:23,(anonymous_1)
FN:36,(anonymous_2)
FN:74,(anonymous_3)
FN:82,(anonymous_4)
FNF:5
FNH:0
FNDA:0,(anonymous_0)
FNDA:0,(anonymous_1)
FNDA:0,(anonymous_2)
FNDA:0,(anonymous_3)
FNDA:0,(anonymous_4)
DA:17,0
DA:21,0
DA:23,0
DA:24,0
DA:26,0
DA:28,0
DA:30,0
DA:32,0
DA:36,0
DA:37,0
DA:39,0
DA:41,0
DA:43,0
DA:45,0
DA:49,0
DA:50,0
DA:64,0
DA:75,0
DA:82,0
DA:123,0
LF:20
LH:0
BRDA:18,0,0,0
BRDA:19,1,0,0
BRDA:24,2,0,0
BRDA:24,2,1,0
BRDA:24,2,2,0
BRDA:24,2,3,0
BRDA:37,3,0,0
BRDA:37,3,1,0
BRDA:37,3,2,0
BRDA:37,3,3,0
BRDA:49,4,0,0
BRDA:49,4,1,0
BRDA:80,5,0,0
BRDA:80,5,1,0
BRDA:88,6,0,0
BRDA:88,6,1,0
BRDA:93,7,0,0
BRDA:93,7,1,0
BRDA:101,8,0,0
BRDA:101,8,1,0
BRF:20
BRH:0
end_of_record
TN:
SF:components\TopBar.tsx
FN:21,TopBar
FN:27,(anonymous_1)
FNF:2
FNH:2
FNDA:33,TopBar
FNDA:1,(anonymous_1)
DA:22,33
DA:23,1
DA:24,1
DA:27,1
DA:48,2
LF:5
LH:5
BRDA:26,0,0,1
BRDA:26,0,1,0
BRDA:28,1,0,1
BRDA:28,1,1,0
BRDA:33,2,0,1
BRDA:33,2,1,0
BRDA:34,3,0,0
BRDA:34,3,1,1
BRDA:37,4,0,0
BRDA:37,4,1,1
BRDA:38,5,0,0
BRDA:38,5,1,0
BRDA:39,6,0,0
BRDA:39,6,1,0
BRF:14
BRH:5
end_of_record
TN:
SF:lib\AuthContext.tsx
FN:26,(anonymous_0)
FN:31,(anonymous_1)
FN:55,(anonymous_2)
FN:63,(anonymous_3)
FN:72,(anonymous_4)
FN:75,(anonymous_5)
FN:105,(anonymous_6)
FN:124,(anonymous_7)
FN:145,(anonymous_8)
FN:162,(anonymous_9)
FN:200,(anonymous_10)
FNF:11
FNH:5
FNDA:4,(anonymous_0)
FNDA:2,(anonymous_1)
FNDA:1,(anonymous_2)
FNDA:0,(anonymous_3)
FNDA:1,(anonymous_4)
FNDA:0,(anonymous_5)
FNDA:0,(anonymous_6)
FNDA:0,(anonymous_7)
FNDA:0,(anonymous_8)
FNDA:0,(anonymous_9)
FNDA:4,(anonymous_10)
DA:24,2
DA:26,2
DA:27,4
DA:28,4
DA:29,4
DA:31,4
DA:33,2
DA:34,1
DA:40,1
DA:48,1
DA:49,1
DA:50,1
DA:51,1
DA:55,1
DA:56,1
DA:57,1
DA:58,0
DA:60,1
DA:63,1
DA:64,0
DA:65,0
DA:66,0
DA:68,0
DA:72,1
DA:75,4
DA:76,0
DA:82,0
DA:83,0
DA:84,0
DA:87,0
DA:90,0
DA:91,0
DA:105,4
DA:106,0
DA:107,0
DA:113,0
DA:114,0
DA:115,0
DA:118,0
DA:120,0
DA:124,4
DA:125,0
DA:126,0
DA:135,0
DA:136,0
DA:139,0
DA:141,0
DA:145,4
DA:147,0
DA:148,0
DA:150,0
DA:162,4
DA:163,0
DA:165,0
DA:166,0
DA:177,0
DA:178,0
DA:181,0
DA:183,0
DA:187,4
DA:197,4
DA:200,2
DA:201,4
DA:202,4
DA:203,0
DA:205,4
LF:66
LH:30
BRDA:33,0,0,1
BRDA:33,0,1,1
BRDA:33,1,0,2
BRDA:33,1,1,2
BRDA:56,2,0,1
BRDA:56,2,1,1
BRDA:57,3,0,0
BRDA:57,3,1,1
BRDA:64,4,0,0
BRDA:64,4,1,0
BRDA:65,5,0,0
BRDA:65,5,1,0
BRDA:82,6,0,0
BRDA:82,6,1,0
BRDA:90,7,0,0
BRDA:90,7,1,0
BRDA:93,8,0,0
BRDA:93,8,1,0
BRDA:113,9,0,0
BRDA:113,9,1,0
BRDA:113,10,0,0
BRDA:113,10,1,0
BRDA:135,11,0,0
BRDA:135,11,1,0
BRDA:135,12,0,0
BRDA:135,12,1,0
BRDA:147,13,0,0
BRDA:147,13,1,0
BRDA:163,14,0,0
BRDA:163,14,1,0
BRDA:177,15,0,0
BRDA:177,15,1,0
BRDA:202,16,0,0
BRDA:202,16,1,4
BRF:34
BRH:8
end_of_record
TN:
SF:lib\ThemeContext.tsx
FN:134,(anonymous_0)
FN:143,(anonymous_1)
FN:148,(anonymous_2)
FN:152,(anonymous_3)
FN:163,(anonymous_4)
FN:171,(anonymous_5)
FN:175,(anonymous_6)
FN:200,(anonymous_7)
FN:209,(anonymous_8)
FN:212,(anonymous_9)
FNF:10
FNH:6
FNDA:1,(anonymous_0)
FNDA:1,(anonymous_1)
FNDA:1,(anonymous_2)
FNDA:1,(anonymous_3)
FNDA:1,(anonymous_4)
FNDA:0,(anonymous_5)
FNDA:0,(anonymous_6)
FNDA:1,(anonymous_7)
FNDA:0,(anonymous_8)
FNDA:0,(anonymous_9)
DA:44,2
DA:81,2
DA:126,2
DA:132,2
DA:134,2
DA:135,1
DA:136,1
DA:139,1
DA:140,1
DA:143,1
DA:144,1
DA:148,1
DA:149,1
DA:152,1
DA:153,1
DA:154,1
DA:155,0
DA:156,0
DA:159,1
DA:163,1
DA:164,1
DA:165,1
DA:167,1
DA:171,1
DA:172,0
DA:175,1
DA:176,0
DA:177,0
DA:178,0
DA:179,0
DA:181,0
DA:185,1
DA:193,1
DA:200,2
DA:201,1
DA:202,1
DA:203,0
DA:205,1
DA:209,2
DA:212,0
LF:40
LH:30
BRDA:139,0,0,1
BRDA:139,0,1,1
BRDA:139,0,2,1
BRDA:140,1,0,0
BRDA:140,1,1,1
BRDA:155,2,0,0
BRDA:155,2,1,0
BRDA:155,3,0,0
BRDA:155,3,1,0
BRDA:176,4,0,0
BRDA:176,4,1,0
BRDA:178,5,0,0
BRDA:178,5,1,0
BRDA:202,6,0,0
BRDA:202,6,1,1
BRF:15
BRH:5
end_of_record
TN:
SF:lib\databaseTest.ts
FN:27,(anonymous_0)
FN:70,(anonymous_1)
FN:102,(anonymous_2)
FN:132,(anonymous_3)
FN:142,(anonymous_4)
FN:159,(anonymous_5)
FN:168,(anonymous_6)
FNF:7
FNH:0
FNDA:0,(anonymous_0)
FNDA:0,(anonymous_1)
FNDA:0,(anonymous_2)
FNDA:0,(anonymous_3)
FNDA:0,(anonymous_4)
FNDA:0,(anonymous_5)
FNDA:0,(anonymous_6)
DA:27,0
DA:28,0
DA:43,0
DA:45,0
DA:48,0
DA:50,0
DA:51,0
DA:52,0
DA:56,0
DA:57,0
DA:58,0
DA:60,0
DA:61,0
DA:64,0
DA:65,0
DA:70,0
DA:73,0
DA:74,0
DA:76,0
DA:83,0
DA:84,0
DA:85,0
DA:89,0
DA:96,0
DA:97,0
DA:98,0
DA:102,0
DA:103,0
DA:104,0
DA:106,0
DA:109,0
DA:110,0
DA:115,0
DA:116,0
DA:117,0
DA:118,0
DA:120,0
DA:124,0
DA:125,0
DA:128,0
DA:132,0
DA:133,0
DA:134,0
DA:137,0
DA:138,0
DA:141,0
DA:142,0
DA:143,0
DA:144,0
DA:148,0
DA:149,0
DA:152,0
DA:153,0
DA:157,0
DA:158,0
DA:159,0
DA:160,0
DA:164,0
DA:168,0
DA:169,0
DA:171,0
DA:172,0
DA:174,0
DA:176,0
LF:64
LH:0
BRDA:56,0,0,0
BRDA:56,0,1,0
BRDA:60,1,0,0
BRDA:60,1,1,0
BRDA:61,2,0,0
BRDA:61,2,1,0
BRDA:70,3,0,0
BRDA:70,3,1,0
BRDA:70,4,0,0
BRDA:70,4,1,0
BRDA:73,5,0,0
BRDA:73,5,1,0
BRDA:83,6,0,0
BRDA:83,6,1,0
BRDA:96,7,0,0
BRDA:96,7,1,0
BRDA:115,8,0,0
BRDA:115,8,1,0
BRDA:115,9,0,0
BRDA:115,9,1,0
BRDA:117,10,0,0
BRDA:117,10,1,0
BRDA:117,11,0,0
BRDA:117,11,1,0
BRDA:137,12,0,0
BRDA:137,12,1,0
BRDA:138,13,0,0
BRDA:138,13,1,0
BRDA:143,14,0,0
BRDA:143,14,1,0
BRDA:148,15,0,0
BRDA:148,15,1,0
BRDA:152,16,0,0
BRDA:152,16,1,0
BRDA:157,17,0,0
BRDA:157,17,1,0
BRF:36
BRH:0
end_of_record
TN:
SF:lib\queryClient.ts
FN:22,(anonymous_0)
FNF:1
FNH:0
FNDA:0,(anonymous_0)
DA:9,0
DA:22,0
LF:2
LH:0
BRF:0
BRH:0
end_of_record
TN:
SF:lib\sentry.ts
FN:43,(anonymous_0)
FN:72,captureError
FN:87,captureMessage
FN:99,setUser
FNF:4
FNH:0
FNDA:0,(anonymous_0)
FNDA:0,captureError
FNDA:0,captureMessage
FNDA:0,setUser
DA:17,0
DA:20,0
DA:21,0
DA:45,0
DA:46,0
DA:47,0
DA:58,0
DA:62,0
DA:64,0
DA:73,0
DA:75,0
DA:76,0
DA:88,0
DA:90,0
DA:91,0
DA:100,0
DA:101,0
LF:17
LH:0
BRDA:17,0,0,0
BRDA:17,0,1,0
BRDA:20,1,0,0
BRDA:20,1,1,0
BRDA:20,2,0,0
BRDA:20,2,1,0
BRDA:37,3,0,0
BRDA:37,3,1,0
BRDA:45,4,0,0
BRDA:45,4,1,0
BRDA:75,5,0,0
BRDA:75,5,1,0
BRDA:75,6,0,0
BRDA:75,6,1,0
BRDA:77,7,0,0
BRDA:77,7,1,0
BRDA:87,8,0,0
BRDA:90,9,0,0
BRDA:90,9,1,0
BRDA:90,10,0,0
BRDA:90,10,1,0
BRDA:100,11,0,0
BRDA:100,11,1,0
BRDA:100,12,0,0
BRDA:100,12,1,0
BRF:25
BRH:0
end_of_record
TN:
SF:lib\supabase.ts
FN:11,(anonymous_0)
FN:15,(anonymous_1)
FN:21,(anonymous_2)
FN:26,(anonymous_3)
FN:37,(anonymous_4)
FN:40,(anonymous_5)
FN:43,(anonymous_6)
FN:51,(anonymous_7)
FN:53,(anonymous_8)
FN:54,(anonymous_9)
FN:55,(anonymous_10)
FN:56,(anonymous_11)
FN:64,(anonymous_12)
FN:69,(anonymous_13)
FN:78,(anonymous_14)
FN:87,(anonymous_15)
FN:101,(anonymous_16)
FN:112,(anonymous_17)
FN:118,(anonymous_18)
FN:122,(anonymous_19)
FN:192,(anonymous_20)
FN:211,(anonymous_21)
FN:254,(anonymous_22)
FN:276,(anonymous_23)
FNF:24
FNH:0
FNDA:0,(anonymous_0)
FNDA:0,(anonymous_1)
FNDA:0,(anonymous_2)
FNDA:0,(anonymous_3)
FNDA:0,(anonymous_4)
FNDA:0,(anonymous_5)
FNDA:0,(anonymous_6)
FNDA:0,(anonymous_7)
FNDA:0,(anonymous_8)
FNDA:0,(anonymous_9)
FNDA:0,(anonymous_10)
FNDA:0,(anonymous_11)
FNDA:0,(anonymous_12)
FNDA:0,(anonymous_13)
FNDA:0,(anonymous_14)
FNDA:0,(anonymous_15)
FNDA:0,(anonymous_16)
FNDA:0,(anonymous_17)
FNDA:0,(anonymous_18)
FNDA:0,(anonymous_19)
FNDA:0,(anonymous_20)
FNDA:0,(anonymous_21)
FNDA:0,(anonymous_22)
FNDA:0,(anonymous_23)
DA:3,0
DA:7,0
DA:8,0
DA:11,0
DA:12,0
DA:14,0
DA:16,0
DA:17,0
DA:19,0
DA:22,0
DA:23,0
DA:27,0
DA:28,0
DA:35,0
DA:36,0
DA:38,0
DA:41,0
DA:44,0
DA:51,0
DA:52,0
DA:53,0
DA:54,0
DA:55,0
DA:56,0
DA:60,0
DA:62,0
DA:64,0
DA:71,0
DA:72,0
DA:77,0
DA:83,0
DA:89,0
DA:95,0
DA:98,0
DA:102,0
DA:108,0
DA:109,0
DA:113,0
DA:114,0
DA:118,0
DA:121,0
DA:122,0
DA:129,0
DA:130,0
DA:142,0
DA:146,0
DA:150,0
DA:192,0
DA:193,0
DA:194,0
DA:199,0
DA:200,0
DA:201,0
DA:204,0
DA:206,0
DA:207,0
DA:211,0
DA:212,0
DA:213,0
DA:219,0
DA:220,0
DA:221,0
DA:224,0
DA:226,0
DA:227,0
DA:254,0
DA:255,0
DA:256,0
DA:258,0
DA:263,0
DA:264,0
DA:265,0
DA:268,0
DA:269,0
DA:271,0
DA:272,0
DA:276,0
DA:277,0
DA:278,0
DA:284,0
DA:285,0
DA:286,0
DA:289,0
DA:291,0
DA:292,0
LF:85
LH:0
BRDA:12,0,0,0
BRDA:12,0,1,0
BRDA:16,1,0,0
BRDA:16,1,1,0
BRDA:22,2,0,0
BRDA:22,2,1,0
BRDA:27,3,0,0
BRDA:27,3,1,0
BRDA:38,4,0,0
BRDA:38,4,1,0
BRDA:72,5,0,0
BRDA:72,5,1,0
BRDA:90,6,0,0
BRDA:90,6,1,0
BRDA:91,7,0,0
BRDA:91,7,1,0
BRDA:103,8,0,0
BRDA:103,8,1,0
BRDA:104,9,0,0
BRDA:104,9,1,0
BRDA:118,10,0,0
BRDA:118,10,1,0
BRDA:129,11,0,0
BRDA:129,11,1,0
BRDA:129,12,0,0
BRDA:129,12,1,0
BRDA:199,13,0,0
BRDA:199,13,1,0
BRDA:204,14,0,0
BRDA:204,14,1,0
BRDA:219,15,0,0
BRDA:219,15,1,0
BRDA:263,16,0,0
BRDA:263,16,1,0
BRDA:268,17,0,0
BRDA:268,17,1,0
BRDA:269,18,0,0
BRDA:269,18,1,0
BRDA:284,19,0,0
BRDA:284,19,1,0
BRF:40
BRH:0
end_of_record
TN:
SF:lib\supabaseTests.ts
FN:3,testSupabaseConnection
FNF:1
FNH:0
FNDA:0,testSupabaseConnection
DA:4,0
DA:5,0
DA:8,0
DA:9,0
DA:10,0
DA:13,0
DA:17,0
DA:18,0
DA:19,0
DA:22,0
DA:27,0
DA:28,0
DA:29,0
DA:31,0
DA:33,0
DA:34,0
LF:16
LH:0
BRDA:9,0,0,0
BRDA:9,0,1,0
BRDA:10,1,0,0
BRDA:10,1,1,0
BRDA:17,2,0,0
BRDA:17,2,1,0
BRDA:19,3,0,0
BRDA:19,3,1,0
BRDA:27,4,0,0
BRDA:27,4,1,0
BRDA:28,5,0,0
BRDA:28,5,1,0
BRDA:29,6,0,0
BRDA:29,6,1,0
BRDA:31,7,0,0
BRDA:31,7,1,0
BRDA:31,7,2,0
BRF:17
BRH:0
end_of_record
TN:
SF:lib\testConnection.ts
FN:3,testConnection
FNF:1
FNH:0
FNDA:0,testConnection
DA:4,0
DA:6,0
DA:8,0
DA:12,0
DA:13,0
DA:14,0
DA:19,0
DA:22,0
DA:23,0
DA:24,0
DA:27,0
DA:32,0
DA:35,0
DA:36,0
LF:14
LH:0
BRDA:12,0,0,0
BRDA:12,0,1,0
BRDA:22,1,0,0
BRDA:22,1,1,0
BRF:4
BRH:0
end_of_record
TN:
SF:lib\hooks\useQueries.ts
FN:12,toNumber
FN:19,normalizeName
FN:32,(anonymous_2)
FN:33,(anonymous_3)
FN:34,(anonymous_4)
FN:35,(anonymous_5)
FN:38,useAOYStandings
FN:41,(anonymous_7)
FN:49,useTournaments
FN:52,(anonymous_9)
FN:60,useDashboard
FN:63,(anonymous_11)
FN:127,(anonymous_12)
FN:150,(anonymous_13)
FN:156,(anonymous_14)
FN:157,(anonymous_15)
FN:174,useMemberResults
FN:177,(anonymous_17)
FN:195,uniqueParticipants
FN:206,useTournamentParticipants
FN:209,(anonymous_20)
FN:226,useTournamentResults
FN:229,(anonymous_22)
FN:246,useRecentTournamentResults
FN:249,(anonymous_24)
FN:263,useMultiDayTournamentResults
FN:266,(anonymous_26)
FN:298,(anonymous_27)
FN:299,(anonymous_28)
FN:305,(anonymous_29)
FN:321,(anonymous_30)
FN:322,(anonymous_31)
FN:330,(anonymous_32)
FN:376,(anonymous_33)
FN:392,getMultiDayHelpers
FN:393,sortCombinedRows
FN:394,(anonymous_36)
FN:401,aggregateDayRows
FN:403,(anonymous_38)
FN:454,(anonymous_39)
FN:468,useParticipantCounts
FN:469,(anonymous_41)
FN:472,(anonymous_42)
FN:514,useGroupedTournaments
FN:518,(anonymous_44)
FN:522,(anonymous_45)
FN:538,(anonymous_46)
FN:540,(anonymous_47)
FN:547,(anonymous_48)
FN:582,(anonymous_49)
FN:601,(anonymous_50)
FNF:51
FNH:11
FNDA:0,toNumber
FNDA:5,normalizeName
FNDA:0,(anonymous_2)
FNDA:2,(anonymous_3)
FNDA:0,(anonymous_4)
FNDA:0,(anonymous_5)
FNDA:0,useAOYStandings
FNDA:0,(anonymous_7)
FNDA:0,useTournaments
FNDA:0,(anonymous_9)
FNDA:0,useDashboard
FNDA:0,(anonymous_11)
FNDA:0,(anonymous_12)
FNDA:0,(anonymous_13)
FNDA:0,(anonymous_14)
FNDA:0,(anonymous_15)
FNDA:0,useMemberResults
FNDA:0,(anonymous_17)
FNDA:0,uniqueParticipants
FNDA:2,useTournamentParticipants
FNDA:1,(anonymous_20)
FNDA:1,useTournamentResults
FNDA:0,(anonymous_22)
FNDA:0,useRecentTournamentResults
FNDA:0,(anonymous_24)
FNDA:0,useMultiDayTournamentResults
FNDA:0,(anonymous_26)
FNDA:0,(anonymous_27)
FNDA:0,(anonymous_28)
FNDA:0,(anonymous_29)
FNDA:0,(anonymous_30)
FNDA:0,(anonymous_31)
FNDA:0,(anonymous_32)
FNDA:0,(anonymous_33)
FNDA:2,getMultiDayHelpers
FNDA:3,sortCombinedRows
FNDA:8,(anonymous_36)
FNDA:1,aggregateDayRows
FNDA:3,(anonymous_38)
FNDA:2,(anonymous_39)
FNDA:0,useParticipantCounts
FNDA:0,(anonymous_41)
FNDA:0,(anonymous_42)
FNDA:0,useGroupedTournaments
FNDA:0,(anonymous_44)
FNDA:0,(anonymous_45)
FNDA:0,(anonymous_46)
FNDA:0,(anonymous_47)
FNDA:0,(anonymous_48)
FNDA:0,(anonymous_49)
FNDA:0,(anonymous_50)
DA:13,0
DA:14,0
DA:15,0
DA:20,5
DA:21,5
DA:22,5
DA:24,0
DA:29,2
DA:32,0
DA:33,2
DA:34,0
DA:35,0
DA:39,0
DA:42,0
DA:43,0
DA:44,0
DA:50,0
DA:53,0
DA:54,0
DA:55,0
DA:61,0
DA:64,0
DA:65,0
DA:77,0
DA:79,0
DA:82,0
DA:90,0
DA:92,0
DA:95,0
DA:97,0
DA:110,0
DA:115,0
DA:116,0
DA:121,0
DA:126,0
DA:127,0
DA:130,0
DA:137,0
DA:138,0
DA:141,0
DA:146,0
DA:148,0
DA:151,0
DA:152,0
DA:153,0
DA:154,0
DA:156,0
DA:157,0
DA:160,0
DA:175,0
DA:178,0
DA:180,0
DA:186,0
DA:187,0
DA:196,0
DA:197,0
DA:198,0
DA:199,0
DA:200,0
DA:203,0
DA:207,2
DA:210,1
DA:213,1
DA:218,0
DA:220,0
DA:227,1
DA:230,0
DA:233,0
DA:239,0
DA:240,0
DA:247,0
DA:250,0
DA:256,0
DA:257,0
DA:264,0
DA:267,0
DA:270,0
DA:271,0
DA:276,0
DA:278,0
DA:283,0
DA:286,0
DA:287,0
DA:288,0
DA:289,0
DA:291,0
DA:298,0
DA:299,0
DA:303,0
DA:304,0
DA:305,0
DA:306,0
DA:307,0
DA:308,0
DA:310,0
DA:311,0
DA:315,0
DA:317,0
DA:320,0
DA:321,0
DA:322,0
DA:323,0
DA:324,0
DA:325,0
DA:328,0
DA:330,0
DA:331,0
DA:333,0
DA:336,0
DA:337,0
DA:338,0
DA:339,0
DA:340,0
DA:341,0
DA:343,0
DA:344,0
DA:345,0
DA:346,0
DA:347,0
DA:348,0
DA:349,0
DA:351,0
DA:355,0
DA:356,0
DA:357,0
DA:358,0
DA:359,0
DA:364,0
DA:366,0
DA:367,0
DA:368,0
DA:369,0
DA:370,0
DA:371,0
DA:372,0
DA:373,0
DA:376,0
DA:382,0
DA:383,0
DA:385,0
DA:394,3
DA:395,8
DA:396,1
DA:398,3
DA:402,1
DA:403,1
DA:404,3
DA:408,3
DA:411,3
DA:412,3
DA:413,2
DA:414,2
DA:416,1
DA:417,1
DA:419,1
DA:421,1
DA:423,0
DA:424,0
DA:425,0
DA:427,0
DA:428,0
DA:430,1
DA:432,0
DA:434,0
DA:437,0
DA:439,1
DA:444,3
DA:445,3
DA:446,3
DA:447,3
DA:448,3
DA:449,3
DA:450,3
DA:451,3
DA:452,3
DA:454,2
DA:458,1
DA:459,1
DA:462,2
DA:469,0
DA:470,0
DA:473,0
DA:476,0
DA:477,0
DA:478,0
DA:479,0
DA:481,0
DA:483,0
DA:484,0
DA:489,0
DA:491,0
DA:492,0
DA:493,0
DA:494,0
DA:495,0
DA:496,0
DA:497,0
DA:499,0
DA:500,0
DA:501,0
DA:502,0
DA:505,0
DA:506,0
DA:507,0
DA:515,0
DA:517,0
DA:520,0
DA:522,0
DA:524,0
DA:529,0
DA:530,0
DA:532,0
DA:536,0
DA:538,0
DA:540,0
DA:541,0
DA:542,0
DA:543,0
DA:547,0
DA:548,0
DA:549,0
DA:550,0
DA:551,0
DA:552,0
DA:555,0
DA:557,0
DA:558,0
DA:561,0
DA:562,0
DA:564,0
DA:565,0
DA:566,0
DA:567,0
DA:568,0
DA:569,0
DA:571,0
DA:572,0
DA:574,0
DA:579,0
DA:582,0
DA:584,0
DA:596,0
DA:601,0
DA:602,0
DA:603,0
DA:604,0
LF:246
LH:40
BRDA:12,0,0,0
BRDA:13,1,0,0
BRDA:13,1,1,0
BRDA:15,2,0,0
BRDA:15,2,1,0
BRDA:20,3,0,0
BRDA:20,3,1,5
BRDA:43,4,0,0
BRDA:43,4,1,0
BRDA:44,5,0,0
BRDA:44,5,1,0
BRDA:54,6,0,0
BRDA:54,6,1,0
BRDA:55,7,0,0
BRDA:55,7,1,0
BRDA:62,8,0,0
BRDA:62,8,1,0
BRDA:64,9,0,0
BRDA:64,9,1,0
BRDA:77,10,0,0
BRDA:77,10,1,0
BRDA:90,11,0,0
BRDA:90,11,1,0
BRDA:95,12,0,0
BRDA:95,12,1,0
BRDA:97,13,0,0
BRDA:97,13,1,0
BRDA:102,14,0,0
BRDA:102,14,1,0
BRDA:115,15,0,0
BRDA:115,15,1,0
BRDA:116,16,0,0
BRDA:116,16,1,0
BRDA:117,17,0,0
BRDA:117,17,1,0
BRDA:126,18,0,0
BRDA:126,18,1,0
BRDA:127,19,0,0
BRDA:127,19,1,0
BRDA:137,20,0,0
BRDA:137,20,1,0
BRDA:138,21,0,0
BRDA:138,21,1,0
BRDA:146,22,0,0
BRDA:146,22,1,0
BRDA:149,23,0,0
BRDA:149,23,1,0
BRDA:150,24,0,0
BRDA:150,24,1,0
BRDA:151,25,0,0
BRDA:151,25,1,0
BRDA:152,26,0,0
BRDA:152,26,1,0
BRDA:153,27,0,0
BRDA:153,27,1,0
BRDA:154,28,0,0
BRDA:154,28,1,0
BRDA:156,29,0,0
BRDA:156,29,1,0
BRDA:157,30,0,0
BRDA:157,30,1,0
BRDA:176,31,0,0
BRDA:176,31,1,0
BRDA:178,32,0,0
BRDA:178,32,1,0
BRDA:186,33,0,0
BRDA:186,33,1,0
BRDA:187,34,0,0
BRDA:187,34,1,0
BRDA:195,35,0,0
BRDA:198,36,0,0
BRDA:198,36,1,0
BRDA:198,37,0,0
BRDA:198,37,1,0
BRDA:199,38,0,0
BRDA:199,38,1,0
BRDA:200,39,0,0
BRDA:200,39,1,0
BRDA:208,40,0,2
BRDA:208,40,1,0
BRDA:210,41,0,0
BRDA:210,41,1,1
BRDA:218,42,0,0
BRDA:218,42,1,0
BRDA:220,43,0,0
BRDA:220,43,1,0
BRDA:228,44,0,1
BRDA:228,44,1,1
BRDA:230,45,0,0
BRDA:230,45,1,0
BRDA:239,46,0,0
BRDA:239,46,1,0
BRDA:240,47,0,0
BRDA:240,47,1,0
BRDA:246,48,0,0
BRDA:256,49,0,0
BRDA:256,49,1,0
BRDA:257,50,0,0
BRDA:257,50,1,0
BRDA:265,51,0,0
BRDA:265,51,1,0
BRDA:267,52,0,0
BRDA:267,52,1,0
BRDA:276,53,0,0
BRDA:276,53,1,0
BRDA:283,54,0,0
BRDA:283,54,1,0
BRDA:286,55,0,0
BRDA:286,55,1,0
BRDA:286,55,2,0
BRDA:287,56,0,0
BRDA:287,56,1,0
BRDA:298,57,0,0
BRDA:298,57,1,0
BRDA:299,58,0,0
BRDA:299,58,1,0
BRDA:304,59,0,0
BRDA:304,59,1,0
BRDA:322,60,0,0
BRDA:322,60,1,0
BRDA:323,61,0,0
BRDA:323,61,1,0
BRDA:324,62,0,0
BRDA:324,62,1,0
BRDA:330,63,0,0
BRDA:330,63,1,0
BRDA:333,64,0,0
BRDA:333,64,1,0
BRDA:333,65,0,0
BRDA:333,65,1,0
BRDA:333,66,0,0
BRDA:333,66,1,0
BRDA:336,67,0,0
BRDA:336,67,1,0
BRDA:336,68,0,0
BRDA:336,68,1,0
BRDA:339,69,0,0
BRDA:339,69,1,0
BRDA:339,70,0,0
BRDA:339,70,1,0
BRDA:341,71,0,0
BRDA:341,71,1,0
BRDA:341,72,0,0
BRDA:341,72,1,0
BRDA:343,73,0,0
BRDA:343,73,1,0
BRDA:344,74,0,0
BRDA:344,74,1,0
BRDA:345,75,0,0
BRDA:345,75,1,0
BRDA:346,76,0,0
BRDA:346,76,1,0
BRDA:346,77,0,0
BRDA:346,77,1,0
BRDA:347,78,0,0
BRDA:347,78,1,0
BRDA:347,79,0,0
BRDA:347,79,1,0
BRDA:355,80,0,0
BRDA:355,80,1,0
BRDA:355,81,0,0
BRDA:355,81,1,0
BRDA:357,82,0,0
BRDA:357,82,1,0
BRDA:357,83,0,0
BRDA:357,83,1,0
BRDA:364,84,0,0
BRDA:364,84,1,0
BRDA:364,85,0,0
BRDA:364,85,1,0
BRDA:366,86,0,0
BRDA:366,86,1,0
BRDA:366,87,0,0
BRDA:366,87,1,0
BRDA:367,88,0,0
BRDA:367,88,1,0
BRDA:368,89,0,0
BRDA:368,89,1,0
BRDA:369,90,0,0
BRDA:369,90,1,0
BRDA:370,91,0,0
BRDA:370,91,1,0
BRDA:371,92,0,0
BRDA:371,92,1,0
BRDA:372,93,0,0
BRDA:372,93,1,0
BRDA:378,94,0,0
BRDA:378,94,1,0
BRDA:395,95,0,7
BRDA:395,95,1,1
BRDA:395,96,0,8
BRDA:395,96,1,0
BRDA:395,97,0,8
BRDA:395,97,1,0
BRDA:395,98,0,7
BRDA:395,98,1,0
BRDA:395,99,0,7
BRDA:395,99,1,0
BRDA:396,100,0,1
BRDA:396,100,1,0
BRDA:396,101,0,1
BRDA:396,101,1,0
BRDA:403,102,0,1
BRDA:403,102,1,0
BRDA:408,103,0,3
BRDA:408,103,1,0
BRDA:408,104,0,0
BRDA:408,104,1,0
BRDA:408,105,0,0
BRDA:408,105,1,0
BRDA:411,106,0,3
BRDA:411,106,1,0
BRDA:414,107,0,1
BRDA:414,107,1,1
BRDA:419,108,0,1
BRDA:419,108,1,0
BRDA:421,109,0,0
BRDA:421,109,1,1
BRDA:432,110,0,0
BRDA:432,110,1,0
BRDA:444,111,0,3
BRDA:444,111,1,2
BRDA:444,112,0,2
BRDA:444,112,1,0
BRDA:445,113,0,0
BRDA:445,113,1,3
BRDA:445,114,0,3
BRDA:445,114,1,0
BRDA:446,115,0,3
BRDA:446,115,1,0
BRDA:447,116,0,3
BRDA:447,116,1,0
BRDA:448,117,0,3
BRDA:448,117,1,0
BRDA:449,118,0,3
BRDA:449,118,1,3
BRDA:450,119,0,3
BRDA:450,119,1,3
BRDA:451,120,0,3
BRDA:451,120,1,0
BRDA:456,121,0,2
BRDA:456,121,1,0
BRDA:468,122,0,0
BRDA:469,123,0,0
BRDA:469,123,1,0
BRDA:469,124,0,0
BRDA:469,124,1,0
BRDA:473,125,0,0
BRDA:473,125,1,0
BRDA:473,126,0,0
BRDA:473,126,1,0
BRDA:478,127,0,0
BRDA:478,127,1,0
BRDA:479,128,0,0
BRDA:479,128,1,0
BRDA:481,129,0,0
BRDA:481,129,1,0
BRDA:489,130,0,0
BRDA:489,130,1,0
BRDA:491,131,0,0
BRDA:491,131,1,0
BRDA:494,132,0,0
BRDA:494,132,1,0
BRDA:495,133,0,0
BRDA:495,133,1,0
BRDA:496,134,0,0
BRDA:496,134,1,0
BRDA:497,135,0,0
BRDA:497,135,1,0
BRDA:499,136,0,0
BRDA:499,136,1,0
BRDA:500,137,0,0
BRDA:500,137,1,0
BRDA:501,138,0,0
BRDA:501,138,1,0
BRDA:515,139,0,0
BRDA:524,140,0,0
BRDA:524,140,1,0
BRDA:529,141,0,0
BRDA:529,141,1,0
BRDA:541,142,0,0
BRDA:541,142,1,0
BRDA:542,143,0,0
BRDA:542,143,1,0
BRDA:547,144,0,0
BRDA:547,144,1,0
BRDA:548,145,0,0
BRDA:548,145,1,0
BRDA:549,146,0,0
BRDA:549,146,1,0
BRDA:550,147,0,0
BRDA:550,147,1,0
BRDA:555,148,0,0
BRDA:555,148,1,0
BRDA:561,149,0,0
BRDA:561,149,1,0
BRDA:562,150,0,0
BRDA:562,150,1,0
BRDA:565,151,0,0
BRDA:565,151,1,0
BRDA:565,152,0,0
BRDA:565,152,1,0
BRDA:571,153,0,0
BRDA:571,153,1,0
BRDA:579,154,0,0
BRDA:579,154,1,0
BRDA:602,155,0,0
BRDA:602,155,1,0
BRDA:603,156,0,0
BRDA:603,156,1,0
BRF:310
BRH:34
end_of_record
TN:
SF:lib\types\club.ts
FNF:0
FNH:0
DA:43,0
LF:1
LH:0
BRF:0
BRH:0
end_of_record
TN:
SF:screens\AOYScreen.tsx
FN:15,AOYScreen
FN:18,(anonymous_1)
FN:22,(anonymous_2)
FN:53,(anonymous_3)
FN:79,(anonymous_4)
FNF:5
FNH:0
FNDA:0,AOYScreen
FNDA:0,(anonymous_1)
FNDA:0,(anonymous_2)
FNDA:0,(anonymous_3)
FNDA:0,(anonymous_4)
DA:16,0
DA:18,0
DA:19,0
DA:22,0
DA:23,0
DA:53,0
DA:54,0
DA:63,0
DA:64,0
DA:72,0
DA:79,0
DA:91,0
LF:12
LH:0
BRDA:16,0,0,0
BRDA:26,1,0,0
BRDA:26,1,1,0
BRDA:32,2,0,0
BRDA:32,2,1,0
BRDA:35,3,0,0
BRDA:35,3,1,0
BRDA:44,4,0,0
BRDA:44,4,1,0
BRDA:46,5,0,0
BRDA:46,5,1,0
BRDA:63,6,0,0
BRDA:63,6,1,0
BRDA:63,7,0,0
BRDA:63,7,1,0
BRDA:85,8,0,0
BRDA:85,8,1,0
BRF:17
BRH:0
end_of_record
TN:
SF:screens\ClubScreen.tsx
FN:14,(anonymous_0)
FN:39,(anonymous_1)
FN:47,(anonymous_2)
FN:55,(anonymous_3)
FN:73,(anonymous_4)
FN:87,(anonymous_5)
FN:100,(anonymous_6)
FN:104,(anonymous_7)
FN:110,(anonymous_8)
FNF:9
FNH:0
FNDA:0,(anonymous_0)
FNDA:0,(anonymous_1)
FNDA:0,(anonymous_2)
FNDA:0,(anonymous_3)
FNDA:0,(anonymous_4)
FNDA:0,(anonymous_5)
FNDA:0,(anonymous_6)
FNDA:0,(anonymous_7)
FNDA:0,(anonymous_8)
DA:12,0
DA:14,0
DA:15,0
DA:16,0
DA:18,0
DA:19,0
DA:27,0
DA:39,0
DA:47,0
DA:55,0
DA:74,0
DA:87,0
DA:100,0
DA:104,0
DA:111,0
DA:114,0
DA:123,0
LF:17
LH:0
BRDA:12,0,0,0
BRDA:12,0,1,0
BRDA:12,1,0,0
BRDA:12,1,1,0
BRDA:18,2,0,0
BRDA:18,2,1,0
BRDA:76,3,0,0
BRDA:76,3,1,0
BRDA:79,4,0,0
BRDA:79,4,1,0
BRDA:84,5,0,0
BRDA:84,5,1,0
BRDA:85,6,0,0
BRDA:85,6,1,0
BRDA:86,7,0,0
BRDA:86,7,1,0
BRDA:111,8,0,0
BRDA:111,8,1,0
BRF:18
BRH:0
end_of_record
TN:
SF:screens\ComprehensiveMemberProfile.tsx
FN:65,(anonymous_0)
FN:81,(anonymous_1)
FN:85,(anonymous_2)
FN:133,(anonymous_3)
FN:134,(anonymous_4)
FN:135,(anonymous_5)
FN:136,(anonymous_6)
FN:137,(anonymous_7)
FN:138,(anonymous_8)
FN:139,(anonymous_9)
FN:144,(anonymous_10)
FN:160,(anonymous_11)
FN:191,(anonymous_12)
FN:197,(anonymous_13)
FN:206,(anonymous_14)
FN:213,(anonymous_15)
FN:217,(anonymous_16)
FN:219,(anonymous_17)
FN:228,(anonymous_18)
FN:231,(anonymous_19)
FN:241,(anonymous_20)
FN:450,(anonymous_21)
FN:451,(anonymous_22)
FN:485,(anonymous_23)
FN:497,(anonymous_24)
FNF:25
FNH:0
FNDA:0,(anonymous_0)
FNDA:0,(anonymous_1)
FNDA:0,(anonymous_2)
FNDA:0,(anonymous_3)
FNDA:0,(anonymous_4)
FNDA:0,(anonymous_5)
FNDA:0,(anonymous_6)
FNDA:0,(anonymous_7)
FNDA:0,(anonymous_8)
FNDA:0,(anonymous_9)
FNDA:0,(anonymous_10)
FNDA:0,(anonymous_11)
FNDA:0,(anonymous_12)
FNDA:0,(anonymous_13)
FNDA:0,(anonymous_14)
FNDA:0,(anonymous_15)
FNDA:0,(anonymous_16)
FNDA:0,(anonymous_17)
FNDA:0,(anonymous_18)
FNDA:0,(anonymous_19)
FNDA:0,(anonymous_20)
FNDA:0,(anonymous_21)
FNDA:0,(anonymous_22)
FNDA:0,(anonymous_23)
FNDA:0,(anonymous_24)
DA:22,0
DA:65,0
DA:66,0
DA:67,0
DA:68,0
DA:69,0
DA:70,0
DA:71,0
DA:72,0
DA:74,0
DA:75,0
DA:76,0
DA:77,0
DA:78,0
DA:79,0
DA:81,0
DA:82,0
DA:85,0
DA:87,0
DA:88,0
DA:90,0
DA:91,0
DA:93,0
DA:100,0
DA:101,0
DA:104,0
DA:106,0
DA:119,0
DA:122,0
DA:123,0
DA:130,0
DA:133,0
DA:134,0
DA:135,0
DA:136,0
DA:137,0
DA:138,0
DA:139,0
DA:142,0
DA:144,0
DA:152,0
DA:155,0
DA:160,0
DA:164,0
DA:177,0
DA:178,0
DA:179,0
DA:180,0
DA:184,0
DA:185,0
DA:187,0
DA:191,0
DA:192,0
DA:193,0
DA:194,0
DA:197,0
DA:198,0
DA:199,0
DA:200,0
DA:201,0
DA:202,0
DA:203,0
DA:206,0
DA:207,0
DA:208,0
DA:209,0
DA:210,0
DA:213,0
DA:214,0
DA:216,0
DA:217,0
DA:218,0
DA:219,0
DA:221,0
DA:222,0
DA:223,0
DA:226,0
DA:228,0
DA:229,0
DA:230,0
DA:232,0
DA:233,0
DA:234,0
DA:235,0
DA:236,0
DA:241,0
DA:242,0
DA:243,0
DA:244,0
DA:247,0
DA:248,0
DA:256,0
DA:257,0
DA:265,0
DA:451,0
DA:485,0
DA:497,0
LF:97
LH:0
BRDA:87,0,0,0
BRDA:87,0,1,0
BRDA:88,1,0,0
BRDA:88,1,1,0
BRDA:100,2,0,0
BRDA:100,2,1,0
BRDA:104,3,0,0
BRDA:104,3,1,0
BRDA:104,4,0,0
BRDA:104,4,1,0
BRDA:107,5,0,0
BRDA:107,5,1,0
BRDA:107,5,2,0
BRDA:108,6,0,0
BRDA:108,6,1,0
BRDA:108,6,2,0
BRDA:109,7,0,0
BRDA:109,7,1,0
BRDA:110,8,0,0
BRDA:110,8,1,0
BRDA:111,9,0,0
BRDA:111,9,1,0
BRDA:112,10,0,0
BRDA:112,10,1,0
BRDA:113,11,0,0
BRDA:113,11,1,0
BRDA:114,12,0,0
BRDA:114,12,1,0
BRDA:115,13,0,0
BRDA:115,13,1,0
BRDA:116,14,0,0
BRDA:116,14,1,0
BRDA:122,15,0,0
BRDA:122,15,1,0
BRDA:122,15,2,0
BRDA:132,16,0,0
BRDA:132,16,1,0
BRDA:133,17,0,0
BRDA:133,17,1,0
BRDA:133,18,0,0
BRDA:133,18,1,0
BRDA:134,19,0,0
BRDA:134,19,1,0
BRDA:135,20,0,0
BRDA:135,20,1,0
BRDA:136,21,0,0
BRDA:136,21,1,0
BRDA:137,22,0,0
BRDA:137,22,1,0
BRDA:137,23,0,0
BRDA:137,23,1,0
BRDA:138,24,0,0
BRDA:138,24,1,0
BRDA:138,25,0,0
BRDA:138,25,1,0
BRDA:139,26,0,0
BRDA:139,26,1,0
BRDA:139,27,0,0
BRDA:139,27,1,0
BRDA:144,28,0,0
BRDA:144,28,1,0
BRDA:145,29,0,0
BRDA:145,29,1,0
BRDA:146,30,0,0
BRDA:146,30,1,0
BRDA:147,31,0,0
BRDA:147,31,1,0
BRDA:148,32,0,0
BRDA:148,32,1,0
BRDA:149,33,0,0
BRDA:149,33,1,0
BRDA:158,34,0,0
BRDA:158,34,1,0
BRDA:159,35,0,0
BRDA:159,35,1,0
BRDA:160,36,0,0
BRDA:160,36,1,0
BRDA:166,37,0,0
BRDA:166,37,1,0
BRDA:198,38,0,0
BRDA:198,38,1,0
BRDA:199,39,0,0
BRDA:199,39,1,0
BRDA:200,40,0,0
BRDA:200,40,1,0
BRDA:201,41,0,0
BRDA:201,41,1,0
BRDA:202,42,0,0
BRDA:202,42,1,0
BRDA:207,43,0,0
BRDA:207,43,1,0
BRDA:207,44,0,0
BRDA:207,44,1,0
BRDA:208,45,0,0
BRDA:208,45,1,0
BRDA:208,46,0,0
BRDA:208,46,1,0
BRDA:209,47,0,0
BRDA:209,47,1,0
BRDA:209,48,0,0
BRDA:209,48,1,0
BRDA:214,49,0,0
BRDA:214,49,1,0
BRDA:221,50,0,0
BRDA:221,50,1,0
BRDA:222,51,0,0
BRDA:222,51,1,0
BRDA:229,52,0,0
BRDA:229,52,1,0
BRDA:229,53,0,0
BRDA:229,53,1,0
BRDA:229,53,2,0
BRDA:230,54,0,0
BRDA:230,54,1,0
BRDA:231,55,0,0
BRDA:231,55,1,0
BRDA:232,56,0,0
BRDA:232,56,1,0
BRDA:233,57,0,0
BRDA:233,57,1,0
BRDA:233,57,2,0
BRDA:234,58,0,0
BRDA:234,58,1,0
BRDA:234,58,2,0
BRDA:234,59,0,0
BRDA:234,59,1,0
BRDA:235,60,0,0
BRDA:235,60,1,0
BRDA:235,60,2,0
BRDA:236,61,0,0
BRDA:236,61,1,0
BRDA:236,61,2,0
BRDA:236,61,3,0
BRDA:243,62,0,0
BRDA:243,62,1,0
BRDA:247,63,0,0
BRDA:247,63,1,0
BRDA:256,64,0,0
BRDA:256,64,1,0
BRDA:284,65,0,0
BRDA:284,65,1,0
BRDA:318,66,0,0
BRDA:318,66,1,0
BRDA:323,67,0,0
BRDA:323,67,1,0
BRDA:328,68,0,0
BRDA:328,68,1,0
BRDA:334,69,0,0
BRDA:334,69,1,0
BRDA:347,70,0,0
BRDA:347,70,1,0
BRDA:408,71,0,0
BRDA:408,71,1,0
BRF:153
BRH:0
end_of_record
TN:
SF:screens\EnhancedHomeScreen.tsx
FN:54,EnhancedHomeScreen
FN:121,(anonymous_1)
FN:124,(anonymous_2)
FN:135,(anonymous_3)
FN:143,(anonymous_4)
FN:152,(anonymous_5)
FN:161,(anonymous_6)
FN:165,(anonymous_7)
FN:169,(anonymous_8)
FN:183,(anonymous_9)
FN:191,(anonymous_10)
FN:216,(anonymous_11)
FN:243,(anonymous_12)
FN:317,(anonymous_13)
FN:339,(anonymous_14)
FN:357,(anonymous_15)
FN:379,(anonymous_16)
FN:383,(anonymous_17)
FN:495,(anonymous_18)
FNF:19
FNH:0
FNDA:0,EnhancedHomeScreen
FNDA:0,(anonymous_1)
FNDA:0,(anonymous_2)
FNDA:0,(anonymous_3)
FNDA:0,(anonymous_4)
FNDA:0,(anonymous_5)
FNDA:0,(anonymous_6)
FNDA:0,(anonymous_7)
FNDA:0,(anonymous_8)
FNDA:0,(anonymous_9)
FNDA:0,(anonymous_10)
FNDA:0,(anonymous_11)
FNDA:0,(anonymous_12)
FNDA:0,(anonymous_13)
FNDA:0,(anonymous_14)
FNDA:0,(anonymous_15)
FNDA:0,(anonymous_16)
FNDA:0,(anonymous_17)
FNDA:0,(anonymous_18)
DA:22,0
DA:55,0
DA:57,0
DA:58,0
DA:59,0
DA:60,0
DA:61,0
DA:63,0
DA:66,0
DA:68,0
DA:76,0
DA:77,0
DA:78,0
DA:79,0
DA:80,0
DA:82,0
DA:85,0
DA:121,0
DA:122,0
DA:123,0
DA:125,0
DA:127,0
DA:128,0
DA:129,0
DA:130,0
DA:135,0
DA:136,0
DA:137,0
DA:138,0
DA:139,0
DA:143,0
DA:144,0
DA:145,0
DA:146,0
DA:148,0
DA:152,0
DA:153,0
DA:154,0
DA:155,0
DA:157,0
DA:161,0
DA:162,0
DA:165,0
DA:166,0
DA:169,0
DA:170,0
DA:171,0
DA:172,0
DA:173,0
DA:179,0
DA:183,0
DA:184,0
DA:185,0
DA:186,0
DA:187,0
DA:188,0
DA:191,0
DA:192,0
DA:193,0
DA:197,0
DA:198,0
DA:210,0
DA:211,0
DA:216,0
DA:225,0
DA:226,0
DA:243,0
DA:253,0
DA:317,0
DA:339,0
DA:357,0
DA:380,0
DA:383,0
DA:497,0
DA:549,0
LF:75
LH:0
BRDA:76,0,0,0
BRDA:76,0,1,0
BRDA:77,1,0,0
BRDA:77,1,1,0
BRDA:78,2,0,0
BRDA:78,2,1,0
BRDA:79,3,0,0
BRDA:79,3,1,0
BRDA:80,4,0,0
BRDA:80,4,1,0
BRDA:82,5,0,0
BRDA:82,5,1,0
BRDA:122,6,0,0
BRDA:122,6,1,0
BRDA:122,7,0,0
BRDA:122,7,1,0
BRDA:122,7,2,0
BRDA:123,8,0,0
BRDA:123,8,1,0
BRDA:124,9,0,0
BRDA:124,9,1,0
BRDA:125,10,0,0
BRDA:125,10,1,0
BRDA:127,11,0,0
BRDA:127,11,1,0
BRDA:127,11,2,0
BRDA:128,12,0,0
BRDA:128,12,1,0
BRDA:128,12,2,0
BRDA:128,13,0,0
BRDA:128,13,1,0
BRDA:129,14,0,0
BRDA:129,14,1,0
BRDA:129,14,2,0
BRDA:130,15,0,0
BRDA:130,15,1,0
BRDA:130,15,2,0
BRDA:130,15,3,0
BRDA:136,16,0,0
BRDA:136,16,1,0
BRDA:136,17,0,0
BRDA:136,17,1,0
BRDA:138,18,0,0
BRDA:138,18,1,0
BRDA:145,19,0,0
BRDA:145,19,1,0
BRDA:154,20,0,0
BRDA:154,20,1,0
BRDA:170,21,0,0
BRDA:170,21,1,0
BRDA:184,22,0,0
BRDA:184,22,1,0
BRDA:185,23,0,0
BRDA:185,23,1,0
BRDA:185,24,0,0
BRDA:185,24,1,0
BRDA:186,25,0,0
BRDA:186,25,1,0
BRDA:186,26,0,0
BRDA:186,26,1,0
BRDA:187,27,0,0
BRDA:187,27,1,0
BRDA:187,28,0,0
BRDA:187,28,1,0
BRDA:192,29,0,0
BRDA:192,29,1,0
BRDA:192,30,0,0
BRDA:192,30,1,0
BRDA:197,31,0,0
BRDA:197,31,1,0
BRDA:197,32,0,0
BRDA:197,32,1,0
BRDA:210,33,0,0
BRDA:210,33,1,0
BRDA:210,34,0,0
BRDA:210,34,1,0
BRDA:225,35,0,0
BRDA:225,35,1,0
BRDA:241,36,0,0
BRDA:241,36,1,0
BRDA:271,37,0,0
BRDA:271,37,1,0
BRDA:280,38,0,0
BRDA:280,38,1,0
BRDA:280,38,2,0
BRDA:289,39,0,0
BRDA:289,39,1,0
BRDA:296,40,0,0
BRDA:296,40,1,0
BRDA:320,41,0,0
BRDA:320,41,1,0
BRDA:327,42,0,0
BRDA:327,42,1,0
BRDA:329,43,0,0
BRDA:329,43,1,0
BRDA:342,44,0,0
BRDA:342,44,1,0
BRDA:349,45,0,0
BRDA:349,45,1,0
BRDA:409,46,0,0
BRDA:409,46,1,0
BRDA:412,47,0,0
BRDA:412,47,1,0
BRDA:418,48,0,0
BRDA:418,48,1,0
BRDA:430,49,0,0
BRDA:430,49,1,0
BRDA:438,50,0,0
BRDA:438,50,1,0
BRDA:446,51,0,0
BRDA:446,51,1,0
BRDA:467,52,0,0
BRDA:467,52,1,0
BRDA:528,53,0,0
BRDA:528,53,1,0
BRF:115
BRH:0
end_of_record
TN:
SF:screens\HomeScreen.tsx
FN:31,HomeScreen
FN:65,(anonymous_1)
FN:73,(anonymous_2)
FN:95,(anonymous_3)
FN:119,(anonymous_4)
FN:195,(anonymous_5)
FNF:6
FNH:0
FNDA:0,HomeScreen
FNDA:0,(anonymous_1)
FNDA:0,(anonymous_2)
FNDA:0,(anonymous_3)
FNDA:0,(anonymous_4)
FNDA:0,(anonymous_5)
DA:32,0
DA:34,0
DA:35,0
DA:38,0
DA:40,0
DA:48,0
DA:49,0
DA:50,0
DA:51,0
DA:52,0
DA:53,0
DA:54,0
DA:57,0
DA:58,0
DA:59,0
DA:60,0
DA:61,0
DA:63,0
DA:65,0
DA:66,0
DA:70,0
DA:73,0
DA:74,0
DA:78,0
DA:79,0
DA:90,0
DA:91,0
DA:95,0
DA:105,0
DA:106,0
DA:119,0
DA:127,0
DA:196,0
DA:231,0
LF:34
LH:0
BRDA:57,0,0,0
BRDA:57,0,1,0
BRDA:58,1,0,0
BRDA:58,1,1,0
BRDA:59,2,0,0
BRDA:59,2,1,0
BRDA:60,3,0,0
BRDA:60,3,1,0
BRDA:61,4,0,0
BRDA:61,4,1,0
BRDA:63,5,0,0
BRDA:63,5,1,0
BRDA:78,6,0,0
BRDA:78,6,1,0
BRDA:78,7,0,0
BRDA:78,7,1,0
BRDA:90,8,0,0
BRDA:90,8,1,0
BRDA:90,9,0,0
BRDA:90,9,1,0
BRDA:105,10,0,0
BRDA:105,10,1,0
BRDA:114,11,0,0
BRDA:114,11,1,0
BRDA:135,12,0,0
BRDA:135,12,1,0
BRDA:145,13,0,0
BRDA:145,13,1,0
BRDA:145,14,0,0
BRDA:145,14,1,0
BRDA:154,15,0,0
BRDA:154,15,1,0
BRDA:155,16,0,0
BRDA:155,16,1,0
BRDA:167,17,0,0
BRDA:167,17,1,0
BRDA:170,18,0,0
BRDA:170,18,1,0
BRDA:171,19,0,0
BRDA:171,19,1,0
BRDA:172,20,0,0
BRDA:172,20,1,0
BRDA:173,21,0,0
BRDA:173,21,1,0
BRDA:179,22,0,0
BRDA:179,22,1,0
BRDA:179,22,2,0
BRDA:194,23,0,0
BRDA:194,23,1,0
BRDA:194,24,0,0
BRDA:194,24,1,0
BRDA:196,25,0,0
BRDA:196,25,1,0
BRDA:209,26,0,0
BRDA:209,26,1,0
BRDA:223,27,0,0
BRDA:223,27,1,0
BRF:57
BRH:0
end_of_record
TN:
SF:screens\ProfileScreen.tsx
FN:9,ProfileScreen
FNF:1
FNH:0
FNDA:0,ProfileScreen
DA:10,0
DA:11,0
DA:13,0
DA:14,0
DA:23,0
DA:26,0
LF:6
LH:0
BRDA:13,0,0,0
BRDA:13,0,1,0
BRF:2
BRH:0
end_of_record
TN:
SF:screens\RegisterScreen.tsx
FN:10,RegisterScreen
FN:27,(anonymous_1)
FN:55,(anonymous_2)
FN:78,(anonymous_3)
FN:94,(anonymous_4)
FN:100,(anonymous_5)
FN:142,(anonymous_6)
FN:190,(anonymous_7)
FN:234,(anonymous_8)
FNF:9
FNH:0
FNDA:0,RegisterScreen
FNDA:0,(anonymous_1)
FNDA:0,(anonymous_2)
FNDA:0,(anonymous_3)
FNDA:0,(anonymous_4)
FNDA:0,(anonymous_5)
FNDA:0,(anonymous_6)
FNDA:0,(anonymous_7)
FNDA:0,(anonymous_8)
DA:11,0
DA:12,0
DA:13,0
DA:16,0
DA:17,0
DA:18,0
DA:19,0
DA:22,0
DA:23,0
DA:24,0
DA:25,0
DA:27,0
DA:28,0
DA:30,0
DA:31,0
DA:32,0
DA:33,0
DA:36,0
DA:38,0
DA:40,0
DA:41,0
DA:42,0
DA:43,0
DA:45,0
DA:46,0
DA:48,0
DA:51,0
DA:55,0
DA:56,0
DA:58,0
DA:59,0
DA:60,0
DA:63,0
DA:64,0
DA:65,0
DA:68,0
DA:70,0
DA:71,0
DA:72,0
DA:75,0
DA:78,0
DA:79,0
DA:81,0
DA:82,0
DA:83,0
DA:86,0
DA:88,0
DA:89,0
DA:90,0
DA:94,0
DA:96,0
DA:97,0
DA:98,0
DA:100,0
DA:105,0
DA:106,0
DA:142,0
DA:151,0
DA:152,0
DA:190,0
DA:199,0
DA:234,0
DA:243,0
LF:63
LH:0
BRDA:30,0,0,0
BRDA:30,0,1,0
BRDA:30,1,0,0
BRDA:30,1,1,0
BRDA:38,2,0,0
BRDA:38,2,1,0
BRDA:40,3,0,0
BRDA:40,3,1,0
BRDA:41,4,0,0
BRDA:41,4,1,0
BRDA:41,5,0,0
BRDA:41,5,1,0
BRDA:58,6,0,0
BRDA:58,6,1,0
BRDA:58,7,0,0
BRDA:58,7,1,0
BRDA:58,7,2,0
BRDA:63,8,0,0
BRDA:63,8,1,0
BRDA:70,9,0,0
BRDA:70,9,1,0
BRDA:81,10,0,0
BRDA:81,10,1,0
BRDA:81,11,0,0
BRDA:81,11,1,0
BRDA:81,11,2,0
BRDA:88,12,0,0
BRDA:88,12,1,0
BRDA:96,13,0,0
BRDA:96,13,1,0
BRDA:105,14,0,0
BRDA:105,14,1,0
BRDA:130,15,0,0
BRDA:130,15,1,0
BRDA:136,16,0,0
BRDA:136,16,1,0
BRDA:151,17,0,0
BRDA:151,17,1,0
BRDA:184,18,0,0
BRDA:184,18,1,0
BRDA:228,19,0,0
BRDA:228,19,1,0
BRF:42
BRH:0
end_of_record
TN:
SF:screens\RegisterScreen_enhanced.tsx
FN:20,RegisterScreen
FN:43,(anonymous_1)
FN:52,(anonymous_2)
FN:100,(anonymous_3)
FN:105,(anonymous_4)
FN:113,(anonymous_5)
FN:153,(anonymous_6)
FN:203,(anonymous_7)
FN:239,(anonymous_8)
FN:243,(anonymous_9)
FN:247,(anonymous_10)
FN:260,(anonymous_11)
FN:327,(anonymous_12)
FN:417,(anonymous_13)
FNF:14
FNH:0
FNDA:0,RegisterScreen
FNDA:0,(anonymous_1)
FNDA:0,(anonymous_2)
FNDA:0,(anonymous_3)
FNDA:0,(anonymous_4)
FNDA:0,(anonymous_5)
FNDA:0,(anonymous_6)
FNDA:0,(anonymous_7)
FNDA:0,(anonymous_8)
FNDA:0,(anonymous_9)
FNDA:0,(anonymous_10)
FNDA:0,(anonymous_11)
FNDA:0,(anonymous_12)
FNDA:0,(anonymous_13)
DA:21,0
DA:22,0
DA:23,0
DA:24,0
DA:27,0
DA:28,0
DA:29,0
DA:30,0
DA:33,0
DA:34,0
DA:35,0
DA:36,0
DA:39,0
DA:40,0
DA:43,0
DA:44,0
DA:45,0
DA:47,0
DA:48,0
DA:52,0
DA:53,0
DA:55,0
DA:56,0
DA:63,0
DA:64,0
DA:65,0
DA:66,0
DA:70,0
DA:73,0
DA:74,0
DA:75,0
DA:80,0
DA:81,0
DA:84,0
DA:85,0
DA:91,0
DA:92,0
DA:93,0
DA:100,0
DA:101,0
DA:102,0
DA:105,0
DA:106,0
DA:107,0
DA:108,0
DA:109,0
DA:110,0
DA:113,0
DA:114,0
DA:115,0
DA:117,0
DA:118,0
DA:119,0
DA:120,0
DA:123,0
DA:124,0
DA:125,0
DA:126,0
DA:129,0
DA:130,0
DA:132,0
DA:133,0
DA:134,0
DA:135,0
DA:136,0
DA:137,0
DA:138,0
DA:140,0
DA:143,0
DA:146,0
DA:147,0
DA:149,0
DA:153,0
DA:154,0
DA:155,0
DA:157,0
DA:158,0
DA:159,0
DA:160,0
DA:163,0
DA:164,0
DA:165,0
DA:166,0
DA:169,0
DA:170,0
DA:171,0
DA:172,0
DA:173,0
DA:176,0
DA:177,0
DA:178,0
DA:179,0
DA:182,0
DA:183,0
DA:185,0
DA:186,0
DA:187,0
DA:189,0
DA:192,0
DA:193,0
DA:196,0
DA:197,0
DA:199,0
DA:203,0
DA:204,0
DA:205,0
DA:207,0
DA:208,0
DA:209,0
DA:210,0
DA:213,0
DA:214,0
DA:215,0
DA:216,0
DA:219,0
DA:220,0
DA:222,0
DA:223,0
DA:224,0
DA:226,0
DA:229,0
DA:232,0
DA:233,0
DA:235,0
DA:239,0
DA:240,0
DA:241,0
DA:242,0
DA:243,0
DA:247,0
DA:248,0
DA:250,0
DA:252,0
DA:254,0
DA:256,0
DA:260,0
DA:261,0
DA:262,0
DA:264,0
DA:265,0
DA:267,0
DA:271,0
DA:272,0
DA:327,0
DA:338,0
DA:339,0
DA:412,0
DA:417,0
DA:500,0
LF:149
LH:0
BRDA:44,0,0,0
BRDA:44,0,1,0
BRDA:63,1,0,0
BRDA:63,1,1,0
BRDA:73,2,0,0
BRDA:73,2,1,0
BRDA:80,3,0,0
BRDA:80,3,1,0
BRDA:80,4,0,0
BRDA:80,4,1,0
BRDA:107,5,0,0
BRDA:107,5,1,0
BRDA:108,6,0,0
BRDA:108,6,1,0
BRDA:109,7,0,0
BRDA:109,7,1,0
BRDA:117,8,0,0
BRDA:117,8,1,0
BRDA:117,9,0,0
BRDA:117,9,1,0
BRDA:123,10,0,0
BRDA:123,10,1,0
BRDA:132,11,0,0
BRDA:132,11,1,0
BRDA:133,12,0,0
BRDA:133,12,1,0
BRDA:134,13,0,0
BRDA:134,13,1,0
BRDA:134,14,0,0
BRDA:134,14,1,0
BRDA:137,15,0,0
BRDA:137,15,1,0
BRDA:157,16,0,0
BRDA:157,16,1,0
BRDA:157,17,0,0
BRDA:157,17,1,0
BRDA:157,17,2,0
BRDA:163,18,0,0
BRDA:163,18,1,0
BRDA:170,19,0,0
BRDA:170,19,1,0
BRDA:176,20,0,0
BRDA:176,20,1,0
BRDA:185,21,0,0
BRDA:185,21,1,0
BRDA:186,22,0,0
BRDA:186,22,1,0
BRDA:207,23,0,0
BRDA:207,23,1,0
BRDA:207,24,0,0
BRDA:207,24,1,0
BRDA:207,24,2,0
BRDA:213,25,0,0
BRDA:213,25,1,0
BRDA:222,26,0,0
BRDA:222,26,1,0
BRDA:223,27,0,0
BRDA:223,27,1,0
BRDA:240,28,0,0
BRDA:240,28,1,0
BRDA:248,29,0,0
BRDA:248,29,1,0
BRDA:248,29,2,0
BRDA:248,29,3,0
BRDA:261,30,0,0
BRDA:261,30,1,0
BRDA:261,31,0,0
BRDA:261,31,1,0
BRDA:264,32,0,0
BRDA:264,32,1,0
BRDA:264,33,0,0
BRDA:264,33,1,0
BRDA:271,34,0,0
BRDA:271,34,1,0
BRDA:298,35,0,0
BRDA:298,35,1,0
BRDA:306,36,0,0
BRDA:306,36,1,0
BRDA:310,37,0,0
BRDA:310,37,1,0
BRDA:317,38,0,0
BRDA:317,38,1,0
BRDA:319,39,0,0
BRDA:319,39,1,0
BRDA:338,40,0,0
BRDA:338,40,1,0
BRDA:377,41,0,0
BRDA:377,41,1,0
BRDA:380,42,0,0
BRDA:380,42,1,0
BRDA:383,43,0,0
BRDA:383,43,1,0
BRDA:388,44,0,0
BRDA:388,44,1,0
BRDA:396,45,0,0
BRDA:396,45,1,0
BRDA:400,46,0,0
BRDA:400,46,1,0
BRDA:439,47,0,0
BRDA:439,47,1,0
BRDA:442,48,0,0
BRDA:442,48,1,0
BRDA:466,49,0,0
BRDA:466,49,1,0
BRDA:476,50,0,0
BRDA:476,50,1,0
BRDA:476,50,2,0
BRDA:479,51,0,0
BRDA:479,51,1,0
BRDA:481,52,0,0
BRDA:481,52,1,0
BRF:111
BRH:0
end_of_record
TN:
SF:screens\SocialScreen.tsx
FN:57,(anonymous_0)
FN:72,(anonymous_1)
FN:76,(anonymous_2)
FN:112,(anonymous_3)
FN:118,(anonymous_4)
FN:120,(anonymous_5)
FN:121,(anonymous_6)
FN:133,(anonymous_7)
FN:140,(anonymous_8)
FN:151,(anonymous_9)
FN:166,(anonymous_10)
FN:176,(anonymous_11)
FN:188,(anonymous_12)
FN:196,(anonymous_13)
FN:207,(anonymous_14)
FN:216,(anonymous_15)
FN:225,(anonymous_16)
FN:229,(anonymous_17)
FN:242,(anonymous_18)
FN:271,(anonymous_19)
FN:288,(anonymous_20)
FN:297,(anonymous_21)
FN:323,(anonymous_22)
FN:339,(anonymous_23)
FN:348,(anonymous_24)
FN:357,(anonymous_25)
FN:362,(anonymous_26)
FN:383,(anonymous_27)
FN:404,(anonymous_28)
FN:480,(anonymous_29)
FNF:30
FNH:0
FNDA:0,(anonymous_0)
FNDA:0,(anonymous_1)
FNDA:0,(anonymous_2)
FNDA:0,(anonymous_3)
FNDA:0,(anonymous_4)
FNDA:0,(anonymous_5)
FNDA:0,(anonymous_6)
FNDA:0,(anonymous_7)
FNDA:0,(anonymous_8)
FNDA:0,(anonymous_9)
FNDA:0,(anonymous_10)
FNDA:0,(anonymous_11)
FNDA:0,(anonymous_12)
FNDA:0,(anonymous_13)
FNDA:0,(anonymous_14)
FNDA:0,(anonymous_15)
FNDA:0,(anonymous_16)
FNDA:0,(anonymous_17)
FNDA:0,(anonymous_18)
FNDA:0,(anonymous_19)
FNDA:0,(anonymous_20)
FNDA:0,(anonymous_21)
FNDA:0,(anonymous_22)
FNDA:0,(anonymous_23)
FNDA:0,(anonymous_24)
FNDA:0,(anonymous_25)
FNDA:0,(anonymous_26)
FNDA:0,(anonymous_27)
FNDA:0,(anonymous_28)
FNDA:0,(anonymous_29)
DA:57,0
DA:58,0
DA:59,0
DA:60,0
DA:61,0
DA:63,0
DA:64,0
DA:65,0
DA:66,0
DA:67,0
DA:68,0
DA:69,0
DA:70,0
DA:72,0
DA:73,0
DA:76,0
DA:77,0
DA:79,0
DA:85,0
DA:86,0
DA:87,0
DA:89,0
DA:92,0
DA:93,0
DA:94,0
DA:96,0
DA:99,0
DA:100,0
DA:101,0
DA:103,0
DA:107,0
DA:108,0
DA:112,0
DA:113,0
DA:114,0
DA:115,0
DA:118,0
DA:119,0
DA:120,0
DA:121,0
DA:122,0
DA:133,0
DA:135,0
DA:136,0
DA:140,0
DA:141,0
DA:142,0
DA:147,0
DA:151,0
DA:152,0
DA:154,0
DA:155,0
DA:166,0
DA:167,0
DA:168,0
DA:169,0
DA:171,0
DA:172,0
DA:176,0
DA:177,0
DA:179,0
DA:180,0
DA:188,0
DA:189,0
DA:191,0
DA:192,0
DA:196,0
DA:197,0
DA:198,0
DA:199,0
DA:201,0
DA:202,0
DA:203,0
DA:204,0
DA:207,0
DA:208,0
DA:209,0
DA:210,0
DA:211,0
DA:212,0
DA:216,0
DA:217,0
DA:218,0
DA:219,0
DA:220,0
DA:221,0
DA:225,0
DA:226,0
DA:229,0
DA:242,0
DA:243,0
DA:271,0
DA:288,0
DA:297,0
DA:298,0
DA:323,0
DA:324,0
DA:339,0
DA:340,0
DA:341,0
DA:342,0
DA:343,0
DA:344,0
DA:348,0
DA:349,0
DA:350,0
DA:351,0
DA:352,0
DA:353,0
DA:357,0
DA:358,0
DA:362,0
DA:383,0
DA:384,0
DA:404,0
DA:405,0
DA:433,0
DA:480,0
DA:503,0
LF:119
LH:0
BRDA:85,0,0,0
BRDA:85,0,1,0
BRDA:89,1,0,0
BRDA:89,1,1,0
BRDA:92,2,0,0
BRDA:92,2,1,0
BRDA:96,3,0,0
BRDA:96,3,1,0
BRDA:99,4,0,0
BRDA:99,4,1,0
BRDA:103,5,0,0
BRDA:103,5,1,0
BRDA:122,6,0,0
BRDA:122,6,1,0
BRDA:126,7,0,0
BRDA:126,7,1,0
BRDA:133,8,0,0
BRDA:133,8,1,0
BRDA:152,9,0,0
BRDA:152,9,1,0
BRDA:177,10,0,0
BRDA:177,10,1,0
BRDA:201,11,0,0
BRDA:201,11,1,0
BRDA:202,12,0,0
BRDA:202,12,1,0
BRDA:203,13,0,0
BRDA:203,13,1,0
BRDA:208,14,0,0
BRDA:208,14,1,0
BRDA:208,14,2,0
BRDA:208,14,3,0
BRDA:217,15,0,0
BRDA:217,15,1,0
BRDA:217,15,2,0
BRDA:217,15,3,0
BRDA:220,16,0,0
BRDA:220,16,1,0
BRDA:228,17,0,0
BRDA:228,17,1,0
BRDA:234,18,0,0
BRDA:234,18,1,0
BRDA:236,19,0,0
BRDA:236,19,1,0
BRDA:247,20,0,0
BRDA:247,20,1,0
BRDA:263,21,0,0
BRDA:263,21,1,0
BRDA:274,22,0,0
BRDA:274,22,1,0
BRDA:276,23,0,0
BRDA:276,23,1,0
BRDA:302,24,0,0
BRDA:302,24,1,0
BRDA:326,25,0,0
BRDA:326,25,1,0
BRDA:340,26,0,0
BRDA:340,26,1,0
BRDA:340,26,2,0
BRDA:340,26,3,0
BRDA:349,27,0,0
BRDA:349,27,1,0
BRDA:349,27,2,0
BRDA:349,27,3,0
BRDA:369,28,0,0
BRDA:369,28,1,0
BRDA:390,29,0,0
BRDA:390,29,1,0
BRDA:467,30,0,0
BRDA:467,30,1,0
BRDA:468,31,0,0
BRDA:468,31,1,0
BRDA:469,32,0,0
BRDA:469,32,1,0
BRF:74
BRH:0
end_of_record
TN:
SF:screens\TournamentDetailScreen.tsx
FN:38,(anonymous_0)
FN:53,(anonymous_1)
FN:76,(anonymous_2)
FN:83,(anonymous_3)
FN:92,(anonymous_4)
FN:101,(anonymous_5)
FN:108,(anonymous_6)
FN:124,(anonymous_7)
FN:134,(anonymous_8)
FN:140,(anonymous_9)
FN:143,(anonymous_10)
FN:154,(anonymous_11)
FN:157,(anonymous_12)
FN:171,(anonymous_13)
FN:178,(anonymous_14)
FN:184,(anonymous_15)
FN:198,(anonymous_16)
FN:208,(anonymous_17)
FN:218,(anonymous_18)
FN:233,(anonymous_19)
FN:246,(anonymous_20)
FN:253,(anonymous_21)
FN:269,(anonymous_22)
FN:285,(anonymous_23)
FN:289,(anonymous_24)
FN:302,(anonymous_25)
FN:407,(anonymous_26)
FN:425,(anonymous_27)
FN:430,(anonymous_28)
FN:449,(anonymous_29)
FN:478,(anonymous_30)
FN:487,(anonymous_31)
FN:492,(anonymous_32)
FN:498,(anonymous_33)
FN:504,(anonymous_34)
FN:506,(anonymous_35)
FN:528,(anonymous_36)
FN:534,(anonymous_37)
FN:545,(anonymous_38)
FN:554,(anonymous_39)
FN:556,(anonymous_40)
FN:559,(anonymous_41)
FN:562,(anonymous_42)
FN:569,(anonymous_43)
FN:580,(anonymous_44)
FN:596,(anonymous_45)
FN:597,(anonymous_46)
FN:601,(anonymous_47)
FN:619,(anonymous_48)
FN:624,(anonymous_49)
FN:643,(anonymous_50)
FN:658,(anonymous_51)
FN:675,(anonymous_52)
FN:712,(anonymous_53)
FN:744,(anonymous_54)
FN:745,(anonymous_55)
FNF:56
FNH:0
FNDA:0,(anonymous_0)
FNDA:0,(anonymous_1)
FNDA:0,(anonymous_2)
FNDA:0,(anonymous_3)
FNDA:0,(anonymous_4)
FNDA:0,(anonymous_5)
FNDA:0,(anonymous_6)
FNDA:0,(anonymous_7)
FNDA:0,(anonymous_8)
FNDA:0,(anonymous_9)
FNDA:0,(anonymous_10)
FNDA:0,(anonymous_11)
FNDA:0,(anonymous_12)
FNDA:0,(anonymous_13)
FNDA:0,(anonymous_14)
FNDA:0,(anonymous_15)
FNDA:0,(anonymous_16)
FNDA:0,(anonymous_17)
FNDA:0,(anonymous_18)
FNDA:0,(anonymous_19)
FNDA:0,(anonymous_20)
FNDA:0,(anonymous_21)
FNDA:0,(anonymous_22)
FNDA:0,(anonymous_23)
FNDA:0,(anonymous_24)
FNDA:0,(anonymous_25)
FNDA:0,(anonymous_26)
FNDA:0,(anonymous_27)
FNDA:0,(anonymous_28)
FNDA:0,(anonymous_29)
FNDA:0,(anonymous_30)
FNDA:0,(anonymous_31)
FNDA:0,(anonymous_32)
FNDA:0,(anonymous_33)
FNDA:0,(anonymous_34)
FNDA:0,(anonymous_35)
FNDA:0,(anonymous_36)
FNDA:0,(anonymous_37)
FNDA:0,(anonymous_38)
FNDA:0,(anonymous_39)
FNDA:0,(anonymous_40)
FNDA:0,(anonymous_41)
FNDA:0,(anonymous_42)
FNDA:0,(anonymous_43)
FNDA:0,(anonymous_44)
FNDA:0,(anonymous_45)
FNDA:0,(anonymous_46)
FNDA:0,(anonymous_47)
FNDA:0,(anonymous_48)
FNDA:0,(anonymous_49)
FNDA:0,(anonymous_50)
FNDA:0,(anonymous_51)
FNDA:0,(anonymous_52)
FNDA:0,(anonymous_53)
FNDA:0,(anonymous_54)
FNDA:0,(anonymous_55)
DA:38,0
DA:39,0
DA:40,0
DA:41,0
DA:43,0
DA:44,0
DA:46,0
DA:47,0
DA:48,0
DA:49,0
DA:50,0
DA:51,0
DA:53,0
DA:56,0
DA:59,0
DA:61,0
DA:63,0
DA:67,0
DA:69,0
DA:72,0
DA:73,0
DA:76,0
DA:77,0
DA:79,0
DA:83,0
DA:84,0
DA:86,0
DA:88,0
DA:92,0
DA:93,0
DA:95,0
DA:97,0
DA:101,0
DA:102,0
DA:103,0
DA:108,0
DA:109,0
DA:110,0
DA:111,0
DA:115,0
DA:116,0
DA:118,0
DA:124,0
DA:125,0
DA:127,0
DA:134,0
DA:135,0
DA:136,0
DA:137,0
DA:140,0
DA:141,0
DA:143,0
DA:149,0
DA:154,0
DA:155,0
DA:156,0
DA:157,0
DA:158,0
DA:159,0
DA:160,0
DA:161,0
DA:167,0
DA:171,0
DA:172,0
DA:173,0
DA:178,0
DA:179,0
DA:181,0
DA:184,0
DA:185,0
DA:186,0
DA:191,0
DA:192,0
DA:194,0
DA:198,0
DA:199,0
DA:200,0
DA:205,0
DA:208,0
DA:209,0
DA:211,0
DA:219,0
DA:220,0
DA:221,0
DA:222,0
DA:224,0
DA:225,0
DA:233,0
DA:234,0
DA:236,0
DA:237,0
DA:242,0
DA:246,0
DA:247,0
DA:248,0
DA:249,0
DA:253,0
DA:254,0
DA:255,0
DA:256,0
DA:257,0
DA:258,0
DA:260,0
DA:261,0
DA:262,0
DA:263,0
DA:265,0
DA:269,0
DA:270,0
DA:271,0
DA:272,0
DA:273,0
DA:274,0
DA:276,0
DA:277,0
DA:278,0
DA:279,0
DA:281,0
DA:285,0
DA:286,0
DA:289,0
DA:302,0
DA:303,0
DA:407,0
DA:408,0
DA:426,0
DA:430,0
DA:450,0
DA:478,0
DA:480,0
DA:481,0
DA:485,0
DA:487,0
DA:492,0
DA:493,0
DA:496,0
DA:498,0
DA:501,0
DA:502,0
DA:504,0
DA:505,0
DA:506,0
DA:508,0
DA:509,0
DA:510,0
DA:511,0
DA:513,0
DA:514,0
DA:515,0
DA:516,0
DA:517,0
DA:518,0
DA:519,0
DA:520,0
DA:521,0
DA:522,0
DA:523,0
DA:524,0
DA:528,0
DA:534,0
DA:535,0
DA:536,0
DA:542,0
DA:544,0
DA:545,0
DA:547,0
DA:552,0
DA:553,0
DA:554,0
DA:555,0
DA:556,0
DA:557,0
DA:559,0
DA:562,0
DA:569,0
DA:570,0
DA:571,0
DA:574,0
DA:581,0
DA:597,0
DA:598,0
DA:599,0
DA:601,0
DA:602,0
DA:603,0
DA:604,0
DA:607,0
DA:608,0
DA:609,0
DA:610,0
DA:611,0
DA:612,0
DA:613,0
DA:615,0
DA:618,0
DA:619,0
DA:625,0
DA:643,0
DA:644,0
DA:645,0
DA:646,0
DA:650,0
DA:651,0
DA:654,0
DA:655,0
DA:656,0
DA:657,0
DA:658,0
DA:659,0
DA:660,0
DA:664,0
DA:676,0
DA:677,0
DA:678,0
DA:681,0
DA:682,0
DA:683,0
DA:684,0
DA:685,0
DA:686,0
DA:687,0
DA:688,0
DA:694,0
DA:695,0
DA:702,0
DA:707,0
DA:712,0
DA:734,0
DA:745,0
DA:765,0
DA:766,0
DA:777,0
DA:811,0
LF:233
LH:0
BRDA:56,0,0,0
BRDA:56,0,1,0
BRDA:59,1,0,0
BRDA:59,1,1,0
BRDA:72,2,0,0
BRDA:72,2,1,0
BRDA:73,3,0,0
BRDA:77,4,0,0
BRDA:77,4,1,0
BRDA:84,5,0,0
BRDA:84,5,1,0
BRDA:86,6,0,0
BRDA:86,6,1,0
BRDA:93,7,0,0
BRDA:93,7,1,0
BRDA:95,8,0,0
BRDA:95,8,1,0
BRDA:102,9,0,0
BRDA:102,9,1,0
BRDA:109,10,0,0
BRDA:109,10,1,0
BRDA:110,11,0,0
BRDA:110,11,1,0
BRDA:115,12,0,0
BRDA:115,12,1,0
BRDA:115,13,0,0
BRDA:115,13,1,0
BRDA:116,14,0,0
BRDA:116,14,1,0
BRDA:116,14,2,0
BRDA:125,15,0,0
BRDA:125,15,1,0
BRDA:128,16,0,0
BRDA:128,16,1,0
BRDA:129,17,0,0
BRDA:129,17,1,0
BRDA:135,18,0,0
BRDA:135,18,1,0
BRDA:136,19,0,0
BRDA:136,19,1,0
BRDA:137,20,0,0
BRDA:137,20,1,0
BRDA:141,21,0,0
BRDA:141,21,1,0
BRDA:145,22,0,0
BRDA:145,22,1,0
BRDA:146,23,0,0
BRDA:146,23,1,0
BRDA:147,24,0,0
BRDA:147,24,1,0
BRDA:147,25,0,0
BRDA:147,25,1,0
BRDA:155,26,0,0
BRDA:155,26,1,0
BRDA:158,27,0,0
BRDA:158,27,1,0
BRDA:158,27,2,0
BRDA:158,27,3,0
BRDA:159,28,0,0
BRDA:159,28,1,0
BRDA:160,29,0,0
BRDA:160,29,1,0
BRDA:163,30,0,0
BRDA:163,30,1,0
BRDA:163,30,2,0
BRDA:163,30,3,0
BRDA:172,31,0,0
BRDA:172,31,1,0
BRDA:172,32,0,0
BRDA:172,32,1,0
BRDA:179,33,0,0
BRDA:179,33,1,0
BRDA:209,34,0,0
BRDA:209,34,1,0
BRDA:234,35,0,0
BRDA:234,35,1,0
BRDA:238,36,0,0
BRDA:238,36,1,0
BRDA:247,37,0,0
BRDA:247,37,1,0
BRDA:254,38,0,0
BRDA:254,38,1,0
BRDA:260,39,0,0
BRDA:260,39,1,0
BRDA:262,40,0,0
BRDA:262,40,1,0
BRDA:270,41,0,0
BRDA:270,41,1,0
BRDA:276,42,0,0
BRDA:276,42,1,0
BRDA:278,43,0,0
BRDA:278,43,1,0
BRDA:279,44,0,0
BRDA:279,44,1,0
BRDA:288,45,0,0
BRDA:288,45,1,0
BRDA:294,46,0,0
BRDA:294,46,1,0
BRDA:296,47,0,0
BRDA:296,47,1,0
BRDA:307,48,0,0
BRDA:307,48,1,0
BRDA:314,49,0,0
BRDA:314,49,1,0
BRDA:320,50,0,0
BRDA:320,50,1,0
BRDA:340,51,0,0
BRDA:340,51,1,0
BRDA:361,52,0,0
BRDA:361,52,1,0
BRDA:372,53,0,0
BRDA:372,53,1,0
BRDA:390,54,0,0
BRDA:390,54,1,0
BRDA:390,54,2,0
BRDA:390,55,0,0
BRDA:390,55,1,0
BRDA:411,56,0,0
BRDA:411,56,1,0
BRDA:414,57,0,0
BRDA:414,57,1,0
BRDA:416,58,0,0
BRDA:416,58,1,0
BRDA:423,59,0,0
BRDA:423,59,1,0
BRDA:423,60,0,0
BRDA:423,60,1,0
BRDA:423,60,2,0
BRDA:441,61,0,0
BRDA:441,61,1,0
BRDA:455,62,0,0
BRDA:455,62,1,0
BRDA:456,63,0,0
BRDA:456,63,1,0
BRDA:480,64,0,0
BRDA:480,64,1,0
BRDA:485,65,0,0
BRDA:485,65,1,0
BRDA:487,66,0,0
BRDA:487,66,1,0
BRDA:493,67,0,0
BRDA:493,67,1,0
BRDA:493,68,0,0
BRDA:493,68,1,0
BRDA:493,69,0,0
BRDA:493,69,1,0
BRDA:493,70,0,0
BRDA:493,70,1,0
BRDA:496,71,0,0
BRDA:496,71,1,0
BRDA:498,72,0,0
BRDA:498,72,1,0
BRDA:498,73,0,0
BRDA:498,73,1,0
BRDA:505,74,0,0
BRDA:505,74,1,0
BRDA:508,75,0,0
BRDA:508,75,1,0
BRDA:508,75,2,0
BRDA:508,76,0,0
BRDA:508,76,1,0
BRDA:508,76,2,0
BRDA:508,76,3,0
BRDA:508,77,0,0
BRDA:508,77,1,0
BRDA:508,78,0,0
BRDA:508,78,1,0
BRDA:509,79,0,0
BRDA:509,79,1,0
BRDA:510,80,0,0
BRDA:510,80,1,0
BRDA:513,81,0,0
BRDA:513,81,1,0
BRDA:513,81,2,0
BRDA:513,81,3,0
BRDA:513,81,4,0
BRDA:514,82,0,0
BRDA:514,82,1,0
BRDA:515,83,0,0
BRDA:515,83,1,0
BRDA:515,84,0,0
BRDA:515,84,1,0
BRDA:515,84,2,0
BRDA:516,85,0,0
BRDA:516,85,1,0
BRDA:516,86,0,0
BRDA:516,86,1,0
BRDA:516,87,0,0
BRDA:516,87,1,0
BRDA:517,88,0,0
BRDA:517,88,1,0
BRDA:518,89,0,0
BRDA:518,89,1,0
BRDA:523,90,0,0
BRDA:523,90,1,0
BRDA:524,91,0,0
BRDA:524,91,1,0
BRDA:530,92,0,0
BRDA:530,92,1,0
BRDA:535,93,0,0
BRDA:535,93,1,0
BRDA:535,94,0,0
BRDA:535,94,1,0
BRDA:535,94,2,0
BRDA:545,95,0,0
BRDA:545,95,1,0
BRDA:554,96,0,0
BRDA:554,96,1,0
BRDA:555,97,0,0
BRDA:555,97,1,0
BRDA:556,98,0,0
BRDA:556,98,1,0
BRDA:556,98,2,0
BRDA:559,99,0,0
BRDA:559,99,1,0
BRDA:562,100,0,0
BRDA:562,100,1,0
BRDA:570,101,0,0
BRDA:570,101,1,0
BRDA:571,102,0,0
BRDA:571,102,1,0
BRDA:571,103,0,0
BRDA:571,103,1,0
BRDA:598,104,0,0
BRDA:598,104,1,0
BRDA:602,105,0,0
BRDA:602,105,1,0
BRDA:603,106,0,0
BRDA:603,106,1,0
BRDA:608,107,0,0
BRDA:608,107,1,0
BRDA:610,108,0,0
BRDA:610,108,1,0
BRDA:612,109,0,0
BRDA:612,109,1,0
BRDA:619,110,0,0
BRDA:619,110,1,0
BRDA:626,111,0,0
BRDA:626,111,1,0
BRDA:627,112,0,0
BRDA:627,112,1,0
BRDA:632,113,0,0
BRDA:632,113,1,0
BRDA:644,114,0,0
BRDA:644,114,1,0
BRDA:645,115,0,0
BRDA:645,115,1,0
BRDA:650,116,0,0
BRDA:650,116,1,0
BRDA:650,116,2,0
BRDA:650,116,3,0
BRDA:650,117,0,0
BRDA:650,117,1,0
BRDA:651,118,0,0
BRDA:651,118,1,0
BRDA:651,118,2,0
BRDA:651,118,3,0
BRDA:651,119,0,0
BRDA:651,119,1,0
BRDA:655,120,0,0
BRDA:655,120,1,0
BRDA:655,121,0,0
BRDA:655,121,1,0
BRDA:656,122,0,0
BRDA:656,122,1,0
BRDA:657,123,0,0
BRDA:657,123,1,0
BRDA:659,124,0,0
BRDA:659,124,1,0
BRDA:659,124,2,0
BRDA:659,124,3,0
BRDA:660,125,0,0
BRDA:660,125,1,0
BRDA:670,126,0,0
BRDA:670,126,1,0
BRDA:676,127,0,0
BRDA:676,127,1,0
BRDA:677,128,0,0
BRDA:677,128,1,0
BRDA:677,128,2,0
BRDA:677,128,3,0
BRDA:682,129,0,0
BRDA:682,129,1,0
BRDA:683,130,0,0
BRDA:683,130,1,0
BRDA:683,130,2,0
BRDA:683,130,3,0
BRDA:684,131,0,0
BRDA:684,131,1,0
BRDA:685,132,0,0
BRDA:685,132,1,0
BRDA:687,133,0,0
BRDA:687,133,1,0
BRDA:694,134,0,0
BRDA:694,134,1,0
BRDA:711,135,0,0
BRDA:711,135,1,0
BRDA:717,136,0,0
BRDA:717,136,1,0
BRDA:718,137,0,0
BRDA:718,137,1,0
BRDA:719,138,0,0
BRDA:719,138,1,0
BRDA:721,139,0,0
BRDA:721,139,1,0
BRDA:722,140,0,0
BRDA:722,140,1,0
BRDA:724,141,0,0
BRDA:724,141,1,0
BRDA:725,142,0,0
BRDA:725,142,1,0
BRDA:738,143,0,0
BRDA:738,143,1,0
BRDA:740,144,0,0
BRDA:740,144,1,0
BRDA:745,145,0,0
BRDA:745,145,1,0
BRDA:753,146,0,0
BRDA:753,146,1,0
BRDA:756,147,0,0
BRDA:756,147,1,0
BRDA:756,148,0,0
BRDA:756,148,1,0
BRDA:765,149,0,0
BRDA:765,149,1,0
BRDA:780,150,0,0
BRDA:780,150,1,0
BRDA:803,151,0,0
BRDA:803,151,1,0
BRDA:804,152,0,0
BRDA:804,152,1,0
BRDA:805,153,0,0
BRDA:805,153,1,0
BRF:333
BRH:0
end_of_record
TN:
SF:screens\TournamentsListScreen.tsx
FN:18,TournamentsListScreen
FN:24,(anonymous_1)
FN:28,(anonymous_2)
FN:45,(anonymous_3)
FN:46,(anonymous_4)
FN:60,(anonymous_5)
FN:65,(anonymous_6)
FN:74,(anonymous_7)
FNF:8
FNH:0
FNDA:0,TournamentsListScreen
FNDA:0,(anonymous_1)
FNDA:0,(anonymous_2)
FNDA:0,(anonymous_3)
FNDA:0,(anonymous_4)
FNDA:0,(anonymous_5)
FNDA:0,(anonymous_6)
FNDA:0,(anonymous_7)
DA:19,0
DA:20,0
DA:21,0
DA:22,0
DA:24,0
DA:25,0
DA:28,0
DA:29,0
DA:30,0
DA:31,0
DA:35,0
DA:36,0
DA:38,0
DA:40,0
DA:41,0
DA:42,0
DA:45,0
DA:46,0
DA:54,0
DA:60,0
DA:65,0
DA:74,0
DA:83,0
LF:23
LH:0
BRDA:35,0,0,0
BRDA:35,0,1,0
BRDA:41,1,0,0
BRDA:41,1,1,0
BRDA:41,2,0,0
BRDA:41,2,1,0
BRDA:61,3,0,0
BRDA:61,3,1,0
BRDA:66,4,0,0
BRDA:66,4,1,0
BRDA:69,5,0,0
BRDA:69,5,1,0
BRF:12
BRH:0
end_of_record
TN:
SF:screens\TournamentsScreen.tsx
FN:16,TournamentsScreen
FN:19,(anonymous_1)
FN:28,(anonymous_2)
FN:31,(anonymous_3)
FN:68,(anonymous_4)
FN:102,(anonymous_5)
FNF:6
FNH:0
FNDA:0,TournamentsScreen
FNDA:0,(anonymous_1)
FNDA:0,(anonymous_2)
FNDA:0,(anonymous_3)
FNDA:0,(anonymous_4)
FNDA:0,(anonymous_5)
DA:17,0
DA:19,0
DA:20,0
DA:23,0
DA:26,0
DA:28,0
DA:29,0
DA:30,0
DA:31,0
DA:68,0
DA:69,0
DA:78,0
DA:79,0
DA:92,0
DA:102,0
DA:114,0
LF:16
LH:0
BRDA:17,0,0,0
BRDA:26,1,0,0
BRDA:26,2,0,0
BRDA:26,2,1,0
BRDA:31,3,0,0
BRDA:31,3,1,0
BRDA:31,4,0,0
BRDA:31,4,1,0
BRDA:31,5,0,0
BRDA:31,5,1,0
BRDA:34,6,0,0
BRDA:34,6,1,0
BRDA:38,7,0,0
BRDA:38,7,1,0
BRDA:38,8,0,0
BRDA:38,8,1,0
BRDA:38,9,0,0
BRDA:38,9,1,0
BRDA:38,10,0,0
BRDA:38,10,1,0
BRDA:47,11,0,0
BRDA:47,11,1,0
BRDA:54,12,0,0
BRDA:54,12,1,0
BRDA:58,13,0,0
BRDA:58,13,1,0
BRDA:78,14,0,0
BRDA:78,14,1,0
BRDA:78,15,0,0
BRDA:78,15,1,0
BRDA:108,16,0,0
BRDA:108,16,1,0
BRF:32
BRH:0
end_of_record
TN:
SF:screens\TournamentsScreen_new.tsx
FN:13,TournamentsScreen
FN:19,(anonymous_1)
FN:45,(anonymous_2)
FN:49,(anonymous_3)
FN:54,(anonymous_4)
FN:91,(anonymous_5)
FN:119,(anonymous_6)
FNF:7
FNH:0
FNDA:0,TournamentsScreen
FNDA:0,(anonymous_1)
FNDA:0,(anonymous_2)
FNDA:0,(anonymous_3)
FNDA:0,(anonymous_4)
FNDA:0,(anonymous_5)
FNDA:0,(anonymous_6)
DA:14,0
DA:15,0
DA:16,0
DA:17,0
DA:19,0
DA:20,0
DA:21,0
DA:22,0
DA:24,0
DA:25,0
DA:26,0
DA:27,0
DA:28,0
DA:29,0
DA:32,0
DA:33,0
DA:34,0
DA:36,0
DA:37,0
DA:38,0
DA:40,0
DA:41,0
DA:45,0
DA:46,0
DA:49,0
DA:50,0
DA:51,0
DA:54,0
DA:55,0
DA:91,0
DA:92,0
DA:100,0
DA:101,0
DA:109,0
DA:119,0
DA:131,0
LF:36
LH:0
BRDA:24,0,0,0
BRDA:24,0,1,0
BRDA:26,1,0,0
BRDA:26,1,1,0
BRDA:32,2,0,0
BRDA:32,2,1,0
BRDA:33,3,0,0
BRDA:33,3,1,0
BRDA:58,4,0,0
BRDA:58,4,1,0
BRDA:62,5,0,0
BRDA:62,5,1,0
BRDA:71,6,0,0
BRDA:71,6,1,0
BRDA:78,7,0,0
BRDA:78,7,1,0
BRDA:82,8,0,0
BRDA:82,8,1,0
BRDA:100,9,0,0
BRDA:100,9,1,0
BRDA:125,10,0,0
BRDA:125,10,1,0
BRF:22
BRH:0
end_of_record
TN:
SF:utils\animations.ts
FN:8,(anonymous_0)
FN:21,(anonymous_1)
FN:34,(anonymous_2)
FN:49,(anonymous_3)
FN:64,(anonymous_4)
FN:69,(anonymous_5)
FN:85,(anonymous_6)
FN:94,(anonymous_7)
FN:113,(anonymous_8)
FNF:9
FNH:0
FNDA:0,(anonymous_0)
FNDA:0,(anonymous_1)
FNDA:0,(anonymous_2)
FNDA:0,(anonymous_3)
FNDA:0,(anonymous_4)
FNDA:0,(anonymous_5)
FNDA:0,(anonymous_6)
FNDA:0,(anonymous_7)
FNDA:0,(anonymous_8)
DA:8,0
DA:9,0
DA:21,0
DA:22,0
DA:34,0
DA:35,0
DA:49,0
DA:50,0
DA:64,0
DA:69,0
DA:70,0
DA:78,0
DA:85,0
DA:94,0
DA:113,0
LF:15
LH:0
BRDA:8,0,0,0
BRDA:21,1,0,0
BRDA:34,2,0,0
BRDA:49,3,0,0
BRDA:49,4,0,0
BRDA:66,5,0,0
BRDA:67,6,0,0
BRDA:94,7,0,0
BRF:8
BRH:0
end_of_record
TN:
SF:utils\rulesLoader.ts
FN:4,loadTournamentRules
FNF:1
FNH:0
FNDA:0,loadTournamentRules
DA:5,0
DA:7,0
DA:46,0
DA:47,0
LF:4
LH:0
BRF:0
BRH:0
end_of_record
TN:
SF:utils\toast.ts
FN:16,(anonymous_0)
FN:35,(anonymous_1)
FN:54,(anonymous_2)
FN:73,(anonymous_3)
FN:87,(anonymous_4)
FNF:5
FNH:5
FNDA:5,(anonymous_0)
FNDA:5,(anonymous_1)
FNDA:2,(anonymous_2)
FNDA:3,(anonymous_3)
FNDA:1,(anonymous_4)
DA:16,2
DA:17,5
DA:35,2
DA:36,5
DA:54,2
DA:55,2
DA:73,2
DA:74,3
DA:87,2
DA:88,1
LF:10
LH:10
BRF:0
BRH:0
end_of_record
