TN:
SF:components\ErrorBoundary.tsx
FN:25,(anonymous_0)
FN:34,(anonymous_1)
FN:39,(anonymous_2)
FN:56,(anonymous_3)
FN:64,(anonymous_4)
FN:71,(anonymous_5)
FNF:6
FNH:0
FNDA:0,(anonymous_0)
FNDA:0,(anonymous_1)
FNDA:0,(anonymous_2)
FNDA:0,(anonymous_3)
FNDA:0,(anonymous_4)
FNDA:0,(anonymous_5)
DA:26,0
DA:27,0
DA:36,0
DA:41,0
DA:44,0
DA:50,0
DA:56,0
DA:57,0
DA:64,0
DA:66,0
DA:67,0
DA:72,0
DA:73,0
DA:108,0
DA:112,0
LF:15
LH:0
BRDA:66,0,0,0
BRDA:66,0,1,0
BRDA:72,1,0,0
BRDA:72,1,1,0
BRDA:92,2,0,0
BRDA:92,2,1,0
BRDA:92,2,2,0
BRDA:96,3,0,0
BRDA:96,3,1,0
BRF:9
BRH:0
end_of_record
TN:
SF:components\OfficerCard.tsx
FN:11,(anonymous_0)
FN:12,(anonymous_1)
FN:18,(anonymous_2)
FNF:3
FNH:0
FNDA:0,(anonymous_0)
FNDA:0,(anonymous_1)
FNDA:0,(anonymous_2)
DA:11,0
DA:12,0
DA:13,0
DA:14,0
DA:18,0
DA:19,0
DA:20,0
DA:24,0
DA:54,0
LF:9
LH:0
BRDA:13,0,0,0
BRDA:13,0,1,0
BRDA:19,1,0,0
BRDA:19,1,1,0
BRDA:29,2,0,0
BRDA:29,2,1,0
BRDA:34,3,0,0
BRDA:34,3,1,0
BRDA:38,4,0,0
BRDA:38,4,1,0
BRDA:43,5,0,0
BRDA:43,5,1,0
BRF:12
BRH:0
end_of_record
TN:
SF:components\RulesDisplay.tsx
FN:10,(anonymous_0)
FN:13,(anonymous_1)
FN:21,(anonymous_2)
FNF:3
FNH:0
FNDA:0,(anonymous_0)
FNDA:0,(anonymous_1)
FNDA:0,(anonymous_2)
DA:10,0
DA:11,0
DA:13,0
DA:14,0
DA:15,0
DA:17,0
DA:21,0
DA:22,0
DA:23,0
DA:24,0
DA:26,0
DA:27,0
DA:31,0
DA:61,0
LF:14
LH:0
BRDA:14,0,0,0
BRDA:14,0,1,0
BRF:2
BRH:0
end_of_record
TN:
SF:components\Skeleton.tsx
FN:18,(anonymous_0)
FN:26,(anonymous_1)
FN:44,(anonymous_2)
FN:66,(anonymous_3)
FN:80,(anonymous_4)
FN:82,(anonymous_5)
FN:91,(anonymous_6)
FN:103,(anonymous_7)
FNF:8
FNH:0
FNDA:0,(anonymous_0)
FNDA:0,(anonymous_1)
FNDA:0,(anonymous_2)
FNDA:0,(anonymous_3)
FNDA:0,(anonymous_4)
FNDA:0,(anonymous_5)
FNDA:0,(anonymous_6)
FNDA:0,(anonymous_7)
DA:18,0
DA:24,0
DA:26,0
DA:27,0
DA:42,0
DA:44,0
DA:47,0
DA:66,0
DA:67,0
DA:80,0
DA:81,0
DA:83,0
DA:91,0
DA:92,0
DA:103,0
DA:104,0
DA:131,0
LF:17
LH:0
BRDA:19,0,0,0
BRDA:20,1,0,0
BRDA:21,2,0,0
BRDA:80,3,0,0
BRF:4
BRH:0
end_of_record
TN:
SF:lib\AuthContext.tsx
FN:26,(anonymous_0)
FN:31,(anonymous_1)
FN:55,(anonymous_2)
FN:63,(anonymous_3)
FN:72,(anonymous_4)
FN:75,(anonymous_5)
FN:105,(anonymous_6)
FN:124,(anonymous_7)
FN:145,(anonymous_8)
FN:162,(anonymous_9)
FN:200,(anonymous_10)
FNF:11
FNH:5
FNDA:4,(anonymous_0)
FNDA:2,(anonymous_1)
FNDA:1,(anonymous_2)
FNDA:0,(anonymous_3)
FNDA:1,(anonymous_4)
FNDA:0,(anonymous_5)
FNDA:0,(anonymous_6)
FNDA:0,(anonymous_7)
FNDA:0,(anonymous_8)
FNDA:0,(anonymous_9)
FNDA:4,(anonymous_10)
DA:24,1
DA:26,1
DA:27,4
DA:28,4
DA:29,4
DA:31,4
DA:33,2
DA:34,1
DA:40,1
DA:48,1
DA:49,1
DA:50,1
DA:51,1
DA:55,1
DA:56,1
DA:57,1
DA:58,0
DA:60,1
DA:63,1
DA:64,0
DA:65,0
DA:66,0
DA:68,0
DA:72,1
DA:75,4
DA:76,0
DA:82,0
DA:83,0
DA:84,0
DA:87,0
DA:90,0
DA:91,0
DA:105,4
DA:106,0
DA:107,0
DA:113,0
DA:114,0
DA:115,0
DA:118,0
DA:120,0
DA:124,4
DA:125,0
DA:126,0
DA:135,0
DA:136,0
DA:139,0
DA:141,0
DA:145,4
DA:147,0
DA:148,0
DA:150,0
DA:162,4
DA:163,0
DA:165,0
DA:166,0
DA:177,0
DA:178,0
DA:181,0
DA:183,0
DA:187,4
DA:197,4
DA:200,1
DA:201,4
DA:202,4
DA:203,0
DA:205,4
LF:66
LH:30
BRDA:33,0,0,1
BRDA:33,0,1,1
BRDA:33,1,0,2
BRDA:33,1,1,2
BRDA:56,2,0,1
BRDA:56,2,1,1
BRDA:57,3,0,0
BRDA:57,3,1,1
BRDA:64,4,0,0
BRDA:64,4,1,0
BRDA:65,5,0,0
BRDA:65,5,1,0
BRDA:82,6,0,0
BRDA:82,6,1,0
BRDA:90,7,0,0
BRDA:90,7,1,0
BRDA:93,8,0,0
BRDA:93,8,1,0
BRDA:113,9,0,0
BRDA:113,9,1,0
BRDA:113,10,0,0
BRDA:113,10,1,0
BRDA:135,11,0,0
BRDA:135,11,1,0
BRDA:135,12,0,0
BRDA:135,12,1,0
BRDA:147,13,0,0
BRDA:147,13,1,0
BRDA:163,14,0,0
BRDA:163,14,1,0
BRDA:177,15,0,0
BRDA:177,15,1,0
BRDA:202,16,0,0
BRDA:202,16,1,4
BRF:34
BRH:8
end_of_record
TN:
SF:lib\sentry.ts
FN:43,(anonymous_0)
FN:72,captureError
FN:87,captureMessage
FN:99,setUser
FNF:4
FNH:0
FNDA:0,(anonymous_0)
FNDA:0,captureError
FNDA:0,captureMessage
FNDA:0,setUser
DA:17,0
DA:20,0
DA:21,0
DA:45,0
DA:46,0
DA:47,0
DA:58,0
DA:62,0
DA:64,0
DA:73,0
DA:75,0
DA:76,0
DA:88,0
DA:90,0
DA:91,0
DA:100,0
DA:101,0
LF:17
LH:0
BRDA:17,0,0,0
BRDA:17,0,1,0
BRDA:20,1,0,0
BRDA:20,1,1,0
BRDA:20,2,0,0
BRDA:20,2,1,0
BRDA:37,3,0,0
BRDA:37,3,1,0
BRDA:45,4,0,0
BRDA:45,4,1,0
BRDA:75,5,0,0
BRDA:75,5,1,0
BRDA:75,6,0,0
BRDA:75,6,1,0
BRDA:77,7,0,0
BRDA:77,7,1,0
BRDA:87,8,0,0
BRDA:90,9,0,0
BRDA:90,9,1,0
BRDA:90,10,0,0
BRDA:90,10,1,0
BRDA:100,11,0,0
BRDA:100,11,1,0
BRDA:100,12,0,0
BRDA:100,12,1,0
BRF:25
BRH:0
end_of_record
TN:
SF:lib\supabase.ts
FN:10,(anonymous_0)
FN:14,(anonymous_1)
FN:20,(anonymous_2)
FN:25,(anonymous_3)
FN:36,(anonymous_4)
FN:39,(anonymous_5)
FN:42,(anonymous_6)
FN:100,(anonymous_7)
FN:119,(anonymous_8)
FN:162,(anonymous_9)
FN:184,(anonymous_10)
FNF:11
FNH:0
FNDA:0,(anonymous_0)
FNDA:0,(anonymous_1)
FNDA:0,(anonymous_2)
FNDA:0,(anonymous_3)
FNDA:0,(anonymous_4)
FNDA:0,(anonymous_5)
FNDA:0,(anonymous_6)
FNDA:0,(anonymous_7)
FNDA:0,(anonymous_8)
FNDA:0,(anonymous_9)
FNDA:0,(anonymous_10)
DA:6,0
DA:7,0
DA:10,0
DA:11,0
DA:13,0
DA:15,0
DA:16,0
DA:18,0
DA:21,0
DA:22,0
DA:26,0
DA:27,0
DA:34,0
DA:35,0
DA:37,0
DA:40,0
DA:43,0
DA:50,0
DA:100,0
DA:101,0
DA:102,0
DA:107,0
DA:108,0
DA:109,0
DA:112,0
DA:114,0
DA:115,0
DA:119,0
DA:120,0
DA:121,0
DA:127,0
DA:128,0
DA:129,0
DA:132,0
DA:134,0
DA:135,0
DA:162,0
DA:163,0
DA:164,0
DA:166,0
DA:171,0
DA:172,0
DA:173,0
DA:176,0
DA:177,0
DA:179,0
DA:180,0
DA:184,0
DA:185,0
DA:186,0
DA:192,0
DA:193,0
DA:194,0
DA:197,0
DA:199,0
DA:200,0
LF:56
LH:0
BRDA:11,0,0,0
BRDA:11,0,1,0
BRDA:15,1,0,0
BRDA:15,1,1,0
BRDA:21,2,0,0
BRDA:21,2,1,0
BRDA:26,3,0,0
BRDA:26,3,1,0
BRDA:37,4,0,0
BRDA:37,4,1,0
BRDA:107,5,0,0
BRDA:107,5,1,0
BRDA:112,6,0,0
BRDA:112,6,1,0
BRDA:127,7,0,0
BRDA:127,7,1,0
BRDA:171,8,0,0
BRDA:171,8,1,0
BRDA:176,9,0,0
BRDA:176,9,1,0
BRDA:177,10,0,0
BRDA:177,10,1,0
BRDA:192,11,0,0
BRDA:192,11,1,0
BRF:24
BRH:0
end_of_record
TN:
SF:lib\supabaseTests.ts
FN:3,testSupabaseConnection
FNF:1
FNH:0
FNDA:0,testSupabaseConnection
DA:4,0
DA:5,0
DA:8,0
DA:9,0
DA:10,0
DA:13,0
DA:17,0
DA:18,0
DA:19,0
DA:22,0
DA:27,0
DA:28,0
DA:29,0
DA:31,0
DA:33,0
DA:34,0
LF:16
LH:0
BRDA:9,0,0,0
BRDA:9,0,1,0
BRDA:10,1,0,0
BRDA:10,1,1,0
BRDA:17,2,0,0
BRDA:17,2,1,0
BRDA:19,3,0,0
BRDA:19,3,1,0
BRDA:27,4,0,0
BRDA:27,4,1,0
BRDA:28,5,0,0
BRDA:28,5,1,0
BRDA:29,6,0,0
BRDA:29,6,1,0
BRDA:31,7,0,0
BRDA:31,7,1,0
BRDA:31,7,2,0
BRF:17
BRH:0
end_of_record
TN:
SF:lib\testConnection.ts
FN:3,testConnection
FNF:1
FNH:0
FNDA:0,testConnection
DA:4,0
DA:6,0
DA:8,0
DA:12,0
DA:13,0
DA:14,0
DA:19,0
DA:22,0
DA:23,0
DA:24,0
DA:27,0
DA:32,0
DA:35,0
DA:36,0
LF:14
LH:0
BRDA:12,0,0,0
BRDA:12,0,1,0
BRDA:22,1,0,0
BRDA:22,1,1,0
BRF:4
BRH:0
end_of_record
TN:
SF:lib\types\club.ts
FNF:0
FNH:0
DA:43,0
LF:1
LH:0
BRF:0
BRH:0
end_of_record
TN:
SF:screens\AOYScreen.tsx
FN:13,AOYScreen
FN:19,(anonymous_1)
FN:45,(anonymous_2)
FN:49,(anonymous_3)
FN:54,(anonymous_4)
FN:85,(anonymous_5)
FN:113,(anonymous_6)
FNF:7
FNH:0
FNDA:0,AOYScreen
FNDA:0,(anonymous_1)
FNDA:0,(anonymous_2)
FNDA:0,(anonymous_3)
FNDA:0,(anonymous_4)
FNDA:0,(anonymous_5)
FNDA:0,(anonymous_6)
DA:14,0
DA:15,0
DA:16,0
DA:17,0
DA:19,0
DA:20,0
DA:21,0
DA:22,0
DA:24,0
DA:25,0
DA:26,0
DA:27,0
DA:28,0
DA:29,0
DA:32,0
DA:33,0
DA:34,0
DA:36,0
DA:37,0
DA:38,0
DA:40,0
DA:41,0
DA:45,0
DA:46,0
DA:49,0
DA:50,0
DA:51,0
DA:54,0
DA:55,0
DA:85,0
DA:86,0
DA:94,0
DA:95,0
DA:103,0
DA:113,0
DA:125,0
LF:36
LH:0
BRDA:24,0,0,0
BRDA:24,0,1,0
BRDA:26,1,0,0
BRDA:26,1,1,0
BRDA:32,2,0,0
BRDA:32,2,1,0
BRDA:33,3,0,0
BRDA:33,3,1,0
BRDA:58,4,0,0
BRDA:58,4,1,0
BRDA:64,5,0,0
BRDA:64,5,1,0
BRDA:67,6,0,0
BRDA:67,6,1,0
BRDA:76,7,0,0
BRDA:76,7,1,0
BRDA:78,8,0,0
BRDA:78,8,1,0
BRDA:94,9,0,0
BRDA:94,9,1,0
BRDA:119,10,0,0
BRDA:119,10,1,0
BRF:22
BRH:0
end_of_record
TN:
SF:screens\ClubScreen.tsx
FN:33,(anonymous_0)
FN:42,(anonymous_1)
FN:64,(anonymous_2)
FN:72,(anonymous_3)
FN:80,(anonymous_4)
FN:100,(anonymous_5)
FN:117,(anonymous_6)
FNF:7
FNH:0
FNDA:0,(anonymous_0)
FNDA:0,(anonymous_1)
FNDA:0,(anonymous_2)
FNDA:0,(anonymous_3)
FNDA:0,(anonymous_4)
FNDA:0,(anonymous_5)
FNDA:0,(anonymous_6)
DA:10,0
DA:33,0
DA:34,0
DA:35,0
DA:37,0
DA:38,0
DA:42,0
DA:52,0
DA:64,0
DA:72,0
DA:80,0
DA:101,0
DA:117,0
DA:128,0
LF:14
LH:0
BRDA:37,0,0,0
BRDA:37,0,1,0
BRDA:106,1,0,0
BRDA:106,1,1,0
BRF:4
BRH:0
end_of_record
TN:
SF:screens\HomeScreen.tsx
FN:29,HomeScreen
FN:47,(anonymous_1)
FN:79,(anonymous_2)
FN:101,(anonymous_3)
FN:102,(anonymous_4)
FN:103,(anonymous_5)
FN:113,(anonymous_6)
FN:117,(anonymous_7)
FN:123,(anonymous_8)
FNF:9
FNH:0
FNDA:0,HomeScreen
FNDA:0,(anonymous_1)
FNDA:0,(anonymous_2)
FNDA:0,(anonymous_3)
FNDA:0,(anonymous_4)
FNDA:0,(anonymous_5)
FNDA:0,(anonymous_6)
FNDA:0,(anonymous_7)
FNDA:0,(anonymous_8)
DA:30,0
DA:31,0
DA:32,0
DA:33,0
DA:36,0
DA:37,0
DA:38,0
DA:39,0
DA:40,0
DA:47,0
DA:48,0
DA:49,0
DA:50,0
DA:51,0
DA:53,0
DA:60,0
DA:61,0
DA:64,0
DA:69,0
DA:70,0
DA:73,0
DA:78,0
DA:79,0
DA:82,0
DA:89,0
DA:90,0
DA:93,0
DA:98,0
DA:99,0
DA:101,0
DA:102,0
DA:103,0
DA:106,0
DA:108,0
DA:109,0
DA:113,0
DA:114,0
DA:117,0
DA:118,0
DA:119,0
DA:123,0
DA:124,0
DA:127,0
DA:128,0
DA:135,0
DA:136,0
DA:146,0
DA:205,0
LF:48
LH:0
BRDA:48,0,0,0
BRDA:48,0,1,0
BRDA:60,1,0,0
BRDA:60,1,1,0
BRDA:69,2,0,0
BRDA:69,2,1,0
BRDA:78,3,0,0
BRDA:78,3,1,0
BRDA:79,4,0,0
BRDA:79,4,1,0
BRDA:79,5,0,0
BRDA:79,5,1,0
BRDA:89,6,0,0
BRDA:89,6,1,0
BRDA:98,7,0,0
BRDA:98,7,1,0
BRDA:100,8,0,0
BRDA:100,8,1,0
BRDA:101,9,0,0
BRDA:101,9,1,0
BRDA:101,10,0,0
BRDA:101,10,1,0
BRDA:101,10,2,0
BRDA:102,11,0,0
BRDA:102,11,1,0
BRDA:102,12,0,0
BRDA:102,12,1,0
BRDA:103,13,0,0
BRDA:103,13,1,0
BRDA:103,14,0,0
BRDA:103,14,1,0
BRDA:103,15,0,0
BRDA:103,15,1,0
BRDA:106,16,0,0
BRDA:106,16,1,0
BRDA:114,17,0,0
BRDA:114,17,1,0
BRDA:127,18,0,0
BRDA:127,18,1,0
BRDA:135,19,0,0
BRDA:135,19,1,0
BRDA:154,20,0,0
BRDA:154,20,1,0
BRDA:163,21,0,0
BRDA:163,21,1,0
BRDA:164,22,0,0
BRDA:164,22,1,0
BRDA:172,23,0,0
BRDA:172,23,1,0
BRDA:175,24,0,0
BRDA:175,24,1,0
BRDA:176,25,0,0
BRDA:176,25,1,0
BRDA:177,26,0,0
BRDA:177,26,1,0
BRDA:178,27,0,0
BRDA:178,27,1,0
BRDA:186,28,0,0
BRDA:186,28,1,0
BRDA:197,29,0,0
BRDA:197,29,1,0
BRF:61
BRH:0
end_of_record
TN:
SF:screens\ProfileScreen.tsx
FN:5,ProfileScreen
FNF:1
FNH:0
FNDA:0,ProfileScreen
DA:6,0
DA:8,0
DA:51,0
LF:3
LH:0
BRF:0
BRH:0
end_of_record
TN:
SF:screens\RegisterScreen.tsx
FN:9,RegisterScreen
FN:26,(anonymous_1)
FN:54,(anonymous_2)
FN:77,(anonymous_3)
FN:93,(anonymous_4)
FN:99,(anonymous_5)
FN:137,(anonymous_6)
FN:182,(anonymous_7)
FN:223,(anonymous_8)
FNF:9
FNH:0
FNDA:0,RegisterScreen
FNDA:0,(anonymous_1)
FNDA:0,(anonymous_2)
FNDA:0,(anonymous_3)
FNDA:0,(anonymous_4)
FNDA:0,(anonymous_5)
FNDA:0,(anonymous_6)
FNDA:0,(anonymous_7)
FNDA:0,(anonymous_8)
DA:10,0
DA:11,0
DA:12,0
DA:15,0
DA:16,0
DA:17,0
DA:18,0
DA:21,0
DA:22,0
DA:23,0
DA:24,0
DA:26,0
DA:27,0
DA:29,0
DA:30,0
DA:31,0
DA:32,0
DA:35,0
DA:37,0
DA:39,0
DA:40,0
DA:41,0
DA:42,0
DA:44,0
DA:45,0
DA:47,0
DA:50,0
DA:54,0
DA:55,0
DA:57,0
DA:58,0
DA:59,0
DA:62,0
DA:63,0
DA:64,0
DA:67,0
DA:69,0
DA:70,0
DA:71,0
DA:74,0
DA:77,0
DA:78,0
DA:80,0
DA:81,0
DA:82,0
DA:85,0
DA:87,0
DA:88,0
DA:89,0
DA:93,0
DA:95,0
DA:96,0
DA:97,0
DA:99,0
DA:104,0
DA:105,0
DA:137,0
DA:146,0
DA:147,0
DA:182,0
DA:191,0
DA:223,0
DA:232,0
LF:63
LH:0
BRDA:29,0,0,0
BRDA:29,0,1,0
BRDA:29,1,0,0
BRDA:29,1,1,0
BRDA:37,2,0,0
BRDA:37,2,1,0
BRDA:39,3,0,0
BRDA:39,3,1,0
BRDA:40,4,0,0
BRDA:40,4,1,0
BRDA:40,5,0,0
BRDA:40,5,1,0
BRDA:57,6,0,0
BRDA:57,6,1,0
BRDA:57,7,0,0
BRDA:57,7,1,0
BRDA:57,7,2,0
BRDA:62,8,0,0
BRDA:62,8,1,0
BRDA:69,9,0,0
BRDA:69,9,1,0
BRDA:80,10,0,0
BRDA:80,10,1,0
BRDA:80,11,0,0
BRDA:80,11,1,0
BRDA:80,11,2,0
BRDA:87,12,0,0
BRDA:87,12,1,0
BRDA:95,13,0,0
BRDA:95,13,1,0
BRDA:104,14,0,0
BRDA:104,14,1,0
BRDA:127,15,0,0
BRDA:127,15,1,0
BRDA:146,16,0,0
BRDA:146,16,1,0
BRDA:176,17,0,0
BRDA:176,17,1,0
BRDA:217,18,0,0
BRDA:217,18,1,0
BRF:40
BRH:0
end_of_record
TN:
SF:screens\TournamentsListScreen.tsx
FN:16,TournamentsListScreen
FN:21,(anonymous_1)
FN:25,(anonymous_2)
FN:42,(anonymous_3)
FN:56,(anonymous_4)
FN:61,(anonymous_5)
FN:70,(anonymous_6)
FNF:7
FNH:0
FNDA:0,TournamentsListScreen
FNDA:0,(anonymous_1)
FNDA:0,(anonymous_2)
FNDA:0,(anonymous_3)
FNDA:0,(anonymous_4)
FNDA:0,(anonymous_5)
FNDA:0,(anonymous_6)
DA:17,0
DA:18,0
DA:19,0
DA:21,0
DA:22,0
DA:25,0
DA:26,0
DA:27,0
DA:28,0
DA:32,0
DA:33,0
DA:35,0
DA:37,0
DA:38,0
DA:39,0
DA:42,0
DA:43,0
DA:51,0
DA:56,0
DA:61,0
DA:70,0
DA:79,0
LF:22
LH:0
BRDA:32,0,0,0
BRDA:32,0,1,0
BRDA:38,1,0,0
BRDA:38,1,1,0
BRDA:38,2,0,0
BRDA:38,2,1,0
BRDA:57,3,0,0
BRDA:57,3,1,0
BRDA:62,4,0,0
BRDA:62,4,1,0
BRDA:65,5,0,0
BRDA:65,5,1,0
BRF:12
BRH:0
end_of_record
TN:
SF:screens\TournamentsScreen.tsx
FN:15,TournamentsScreen
FN:21,(anonymous_1)
FN:47,(anonymous_2)
FN:51,(anonymous_3)
FN:56,(anonymous_4)
FN:93,(anonymous_5)
FN:126,(anonymous_6)
FNF:7
FNH:0
FNDA:0,TournamentsScreen
FNDA:0,(anonymous_1)
FNDA:0,(anonymous_2)
FNDA:0,(anonymous_3)
FNDA:0,(anonymous_4)
FNDA:0,(anonymous_5)
FNDA:0,(anonymous_6)
DA:16,0
DA:17,0
DA:18,0
DA:19,0
DA:21,0
DA:22,0
DA:23,0
DA:24,0
DA:26,0
DA:27,0
DA:28,0
DA:29,0
DA:30,0
DA:31,0
DA:34,0
DA:35,0
DA:36,0
DA:38,0
DA:39,0
DA:40,0
DA:42,0
DA:43,0
DA:47,0
DA:48,0
DA:51,0
DA:52,0
DA:53,0
DA:56,0
DA:57,0
DA:93,0
DA:94,0
DA:102,0
DA:103,0
DA:116,0
DA:126,0
DA:138,0
LF:36
LH:0
BRDA:26,0,0,0
BRDA:26,0,1,0
BRDA:28,1,0,0
BRDA:28,1,1,0
BRDA:34,2,0,0
BRDA:34,2,1,0
BRDA:35,3,0,0
BRDA:35,3,1,0
BRDA:60,4,0,0
BRDA:60,4,1,0
BRDA:64,5,0,0
BRDA:64,5,1,0
BRDA:73,6,0,0
BRDA:73,6,1,0
BRDA:80,7,0,0
BRDA:80,7,1,0
BRDA:84,8,0,0
BRDA:84,8,1,0
BRDA:102,9,0,0
BRDA:102,9,1,0
BRDA:132,10,0,0
BRDA:132,10,1,0
BRF:22
BRH:0
end_of_record
TN:
SF:utils\rulesLoader.ts
FN:4,loadTournamentRules
FNF:1
FNH:0
FNDA:0,loadTournamentRules
DA:5,0
DA:7,0
DA:46,0
DA:47,0
LF:4
LH:0
BRF:0
BRH:0
end_of_record
TN:
SF:utils\toast.ts
FN:16,(anonymous_0)
FN:35,(anonymous_1)
FN:54,(anonymous_2)
FN:73,(anonymous_3)
FN:87,(anonymous_4)
FNF:5
FNH:5
FNDA:5,(anonymous_0)
FNDA:5,(anonymous_1)
FNDA:2,(anonymous_2)
FNDA:3,(anonymous_3)
FNDA:1,(anonymous_4)
DA:16,1
DA:17,5
DA:35,1
DA:36,5
DA:54,1
DA:55,2
DA:73,1
DA:74,3
DA:87,1
DA:88,1
LF:10
LH:10
BRF:0
BRH:0
end_of_record
